{"level":"info","message":"Initializing NodeROV","timestamp":"2017-03-03T13:31:11.577Z"}
{"level":"info","message":"PWM Initialized & Ready","timestamp":"2017-03-03T13:31:11.611Z"}
{"level":"info","message":"Starting webserver","timestamp":"2017-03-03T13:31:11.613Z"}
{"level":"info","message":"Websocket: Listning on 3001","timestamp":"2017-03-03T13:31:11.670Z"}
{"level":"info","message":"Webserver started on port 3000","timestamp":"2017-03-03T13:31:11.677Z"}
{"level":"info","message":"Websocket: Remote connection from: ::ffff:10.0.1.73:55741","timestamp":"2017-03-03T13:31:25.297Z"}
{"level":"info","message":"Websocket: Starting heartbeat","timestamp":"2017-03-03T13:31:25.301Z"}
{"level":"warn","message":"HB: No response the last 2 sec, client timeout!","timestamp":"2017-03-03T13:54:50.246Z"}
{"level":"warn","message":"HB: No response the last 2 sec, client timeout!","timestamp":"2017-03-03T13:54:52.764Z"}
{"level":"warn","message":"HB: No response the last 2 sec, client timeout!","timestamp":"2017-03-03T13:54:55.271Z"}
{"level":"warn","message":"HB: No response the last 2 sec, client timeout!","timestamp":"2017-03-03T13:54:57.777Z"}
{"level":"warn","message":"HB: Last response was not expected. Disregarding it. (1488549288239)","timestamp":"2017-03-03T13:54:58.802Z"}
{"level":"warn","message":"HB: Last response was not expected. Disregarding it. (1488549290759)","timestamp":"2017-03-03T13:54:58.806Z"}
{"level":"warn","message":"HB: Last response was not expected. Disregarding it. (1488549293267)","timestamp":"2017-03-03T13:54:58.807Z"}
{"level":"warn","message":"HB: Last response was not expected. Disregarding it. (1488549295773)","timestamp":"2017-03-03T13:54:58.810Z"}
{"level":"warn","message":"HB: No response the last 2 sec, client timeout!","timestamp":"2017-03-03T13:55:01.286Z"}
{"level":"warn","message":"HB: Last response was not expected. Disregarding it. (1488549299281)","timestamp":"2017-03-03T13:55:01.296Z"}
{"level":"warn","message":"HB: No response the last 2 sec, client timeout!","timestamp":"2017-03-03T13:55:16.818Z"}
{"level":"warn","message":"HB: No response the last 2 sec, client timeout!","timestamp":"2017-03-03T13:55:19.324Z"}
{"level":"warn","message":"HB: No response the last 2 sec, client timeout!","timestamp":"2017-03-03T13:55:21.830Z"}
{"level":"warn","message":"HB: No response the last 2 sec, client timeout!","timestamp":"2017-03-03T13:55:24.335Z"}
{"level":"warn","message":"HB: Last response was not expected. Disregarding it. (1488549314814)","timestamp":"2017-03-03T13:55:24.949Z"}
{"level":"warn","message":"HB: Last response was not expected. Disregarding it. (1488549317320)","timestamp":"2017-03-03T13:55:24.951Z"}
{"level":"warn","message":"HB: Last response was not expected. Disregarding it. (1488549319826)","timestamp":"2017-03-03T13:55:24.955Z"}
{"level":"warn","message":"HB: Last response was not expected. Disregarding it. (1488549322332)","timestamp":"2017-03-03T13:55:24.957Z"}
{"level":"warn","message":"HB: No response the last 2 sec, client timeout!","timestamp":"2017-03-03T13:55:27.341Z"}
{"level":"warn","message":"HB: Last response was not expected. Disregarding it. (1488549325336)","timestamp":"2017-03-03T13:55:27.795Z"}
{"level":"warn","message":"HB: No response the last 2 sec, client timeout!","timestamp":"2017-03-03T13:55:41.865Z"}
{"level":"warn","message":"HB: Last response was not expected. Disregarding it. (1488549339862)","timestamp":"2017-03-03T13:55:41.898Z"}
{"level":"warn","message":"HB: No response the last 2 sec, client timeout!","timestamp":"2017-03-03T13:56:21.928Z"}
{"level":"warn","message":"HB: No response the last 2 sec, client timeout!","timestamp":"2017-03-03T13:56:24.433Z"}
{"level":"warn","message":"HB: No response the last 2 sec, client timeout!","timestamp":"2017-03-03T13:56:26.937Z"}
{"level":"warn","message":"HB: No response the last 2 sec, client timeout!","timestamp":"2017-03-03T13:56:29.443Z"}
{"level":"warn","message":"HB: Last response was not expected. Disregarding it. (1488549379924)","timestamp":"2017-03-03T13:56:29.950Z"}
{"level":"warn","message":"HB: Last response was not expected. Disregarding it. (1488549382429)","timestamp":"2017-03-03T13:56:29.952Z"}
{"level":"warn","message":"HB: Last response was not expected. Disregarding it. (1488549384933)","timestamp":"2017-03-03T13:56:29.955Z"}
{"level":"warn","message":"HB: Last response was not expected. Disregarding it. (1488549387439)","timestamp":"2017-03-03T13:56:29.958Z"}
{"level":"warn","message":"HB: No response the last 2 sec, client timeout!","timestamp":"2017-03-03T13:56:32.449Z"}
{"level":"warn","message":"HB: Last response was not expected. Disregarding it. (1488549390445)","timestamp":"2017-03-03T13:56:32.749Z"}
{"level":"warn","message":"HB: No response the last 2 sec, client timeout!","timestamp":"2017-03-03T13:57:12.018Z"}
{"level":"warn","message":"HB: No response the last 2 sec, client timeout!","timestamp":"2017-03-03T13:57:14.524Z"}
{"level":"warn","message":"HB: No response the last 2 sec, client timeout!","timestamp":"2017-03-03T13:57:17.029Z"}
{"level":"warn","message":"HB: No response the last 2 sec, client timeout!","timestamp":"2017-03-03T13:57:19.534Z"}
{"level":"warn","message":"HB: Last response was not expected. Disregarding it. (1488549430015)","timestamp":"2017-03-03T13:57:20.098Z"}
{"level":"warn","message":"HB: Last response was not expected. Disregarding it. (1488549432520)","timestamp":"2017-03-03T13:57:20.100Z"}
{"level":"warn","message":"HB: Last response was not expected. Disregarding it. (1488549435026)","timestamp":"2017-03-03T13:57:20.104Z"}
{"level":"warn","message":"HB: Last response was not expected. Disregarding it. (1488549437531)","timestamp":"2017-03-03T13:57:20.108Z"}
{"level":"warn","message":"HB: No response the last 2 sec, client timeout!","timestamp":"2017-03-03T13:57:22.540Z"}
{"level":"warn","message":"HB: Last response was not expected. Disregarding it. (1488549440536)","timestamp":"2017-03-03T13:57:23.606Z"}
{"level":"warn","message":"HB: No response the last 2 sec, client timeout!","timestamp":"2017-03-03T13:57:33.061Z"}
{"level":"warn","message":"HB: No response the last 2 sec, client timeout!","timestamp":"2017-03-03T13:57:35.570Z"}
{"level":"warn","message":"HB: No response the last 2 sec, client timeout!","timestamp":"2017-03-03T13:57:38.076Z"}
{"level":"warn","message":"HB: Last response was not expected. Disregarding it. (1488549451057)","timestamp":"2017-03-03T13:57:39.390Z"}
{"level":"warn","message":"HB: Last response was not expected. Disregarding it. (1488549453562)","timestamp":"2017-03-03T13:57:39.395Z"}
{"level":"warn","message":"HB: Last response was not expected. Disregarding it. (1488549456072)","timestamp":"2017-03-03T13:57:39.397Z"}
{"level":"warn","message":"HB: No response the last 2 sec, client timeout!","timestamp":"2017-03-03T14:10:06.793Z"}
{"level":"warn","message":"HB: Last response was not expected. Disregarding it. (1488550204789)","timestamp":"2017-03-03T14:10:09.226Z"}
{"level":"warn","message":"HB: No response the last 2 sec, client timeout!","timestamp":"2017-03-03T14:10:25.322Z"}
{"level":"warn","message":"HB: No response the last 2 sec, client timeout!","timestamp":"2017-03-03T14:10:27.828Z"}
{"level":"warn","message":"HB: No response the last 2 sec, client timeout!","timestamp":"2017-03-03T14:10:30.332Z"}
{"level":"warn","message":"HB: No response the last 2 sec, client timeout!","timestamp":"2017-03-03T14:10:32.839Z"}
{"level":"warn","message":"HB: Last response was not expected. Disregarding it. (1488550223319)","timestamp":"2017-03-03T14:10:34.726Z"}
{"level":"warn","message":"HB: Last response was not expected. Disregarding it. (1488550225824)","timestamp":"2017-03-03T14:10:34.727Z"}
{"level":"warn","message":"HB: Last response was not expected. Disregarding it. (1488550228328)","timestamp":"2017-03-03T14:10:34.728Z"}
{"level":"warn","message":"HB: Last response was not expected. Disregarding it. (1488550230835)","timestamp":"2017-03-03T14:10:34.730Z"}
{"level":"warn","message":"HB: No response the last 2 sec, client timeout!","timestamp":"2017-03-03T14:10:37.845Z"}
{"level":"warn","message":"HB: No response the last 2 sec, client timeout!","timestamp":"2017-03-03T14:10:40.351Z"}
{"level":"warn","message":"HB: Last response was not expected. Disregarding it. (1488550235842)","timestamp":"2017-03-03T14:10:41.029Z"}
{"level":"warn","message":"HB: Last response was not expected. Disregarding it. (1488550238347)","timestamp":"2017-03-03T14:10:41.031Z"}
{"level":"warn","message":"HB: No response the last 2 sec, client timeout!","timestamp":"2017-03-03T14:10:43.356Z"}
{"level":"warn","message":"HB: No response the last 2 sec, client timeout!","timestamp":"2017-03-03T14:10:45.860Z"}
{"level":"warn","message":"HB: No response the last 2 sec, client timeout!","timestamp":"2017-03-03T14:10:48.365Z"}
{"level":"warn","message":"HB: Last response was not expected. Disregarding it. (1488550241353)","timestamp":"2017-03-03T14:10:48.629Z"}
{"level":"warn","message":"HB: Last response was not expected. Disregarding it. (1488550243856)","timestamp":"2017-03-03T14:10:48.630Z"}
{"level":"warn","message":"HB: Last response was not expected. Disregarding it. (1488550246362)","timestamp":"2017-03-03T14:10:48.632Z"}
{"level":"warn","message":"HB: No response the last 2 sec, client timeout!","timestamp":"2017-03-03T14:11:23.919Z"}
{"level":"warn","message":"HB: No response the last 2 sec, client timeout!","timestamp":"2017-03-03T14:11:26.424Z"}
{"level":"warn","message":"HB: No response the last 2 sec, client timeout!","timestamp":"2017-03-03T14:11:28.930Z"}
{"level":"warn","message":"HB: Last response was not expected. Disregarding it. (1488550281915)","timestamp":"2017-03-03T14:11:29.126Z"}
{"level":"warn","message":"HB: Last response was not expected. Disregarding it. (1488550284421)","timestamp":"2017-03-03T14:11:29.128Z"}
{"level":"warn","message":"HB: Last response was not expected. Disregarding it. (1488550286926)","timestamp":"2017-03-03T14:11:29.129Z"}
{"level":"warn","message":"HB: No response the last 2 sec, client timeout!","timestamp":"2017-03-03T14:11:47.965Z"}
{"level":"warn","message":"HB: Last response was not expected. Disregarding it. (1488550305962)","timestamp":"2017-03-03T14:11:48.724Z"}
{"level":"warn","message":"HB: No response the last 2 sec, client timeout!","timestamp":"2017-03-03T14:12:16.998Z"}
{"level":"warn","message":"HB: Last response was not expected. Disregarding it. (1488550334994)","timestamp":"2017-03-03T14:12:17.576Z"}
{"level":"warn","message":"HB: No response the last 2 sec, client timeout!","timestamp":"2017-03-03T14:12:34.030Z"}
{"level":"warn","message":"HB: No response the last 2 sec, client timeout!","timestamp":"2017-03-03T14:12:36.534Z"}
{"level":"warn","message":"HB: Last response was not expected. Disregarding it. (1488550352026)","timestamp":"2017-03-03T14:12:36.873Z"}
{"level":"warn","message":"HB: Last response was not expected. Disregarding it. (1488550354530)","timestamp":"2017-03-03T14:12:36.875Z"}
{"level":"warn","message":"HB: No response the last 2 sec, client timeout!","timestamp":"2017-03-03T14:12:39.038Z"}
{"level":"warn","message":"HB: No response the last 2 sec, client timeout!","timestamp":"2017-03-03T14:12:41.544Z"}
{"level":"warn","message":"HB: Last response was not expected. Disregarding it. (1488550357035)","timestamp":"2017-03-03T14:12:41.579Z"}
{"level":"warn","message":"HB: Last response was not expected. Disregarding it. (1488550359540)","timestamp":"2017-03-03T14:12:41.581Z"}
{"level":"warn","message":"HB: No response the last 2 sec, client timeout!","timestamp":"2017-03-03T14:13:04.580Z"}
{"level":"warn","message":"HB: No response the last 2 sec, client timeout!","timestamp":"2017-03-03T14:13:07.086Z"}
{"level":"warn","message":"HB: No response the last 2 sec, client timeout!","timestamp":"2017-03-03T14:13:09.591Z"}
{"level":"warn","message":"HB: No response the last 2 sec, client timeout!","timestamp":"2017-03-03T14:13:12.097Z"}
{"level":"warn","message":"HB: No response the last 2 sec, client timeout!","timestamp":"2017-03-03T14:13:14.601Z"}
{"level":"warn","message":"HB: Last response was not expected. Disregarding it. (1488550382576)","timestamp":"2017-03-03T14:13:14.623Z"}
{"level":"warn","message":"HB: Last response was not expected. Disregarding it. (1488550385082)","timestamp":"2017-03-03T14:13:14.629Z"}
{"level":"warn","message":"HB: Last response was not expected. Disregarding it. (1488550387587)","timestamp":"2017-03-03T14:13:14.630Z"}
{"level":"warn","message":"HB: Last response was not expected. Disregarding it. (1488550390093)","timestamp":"2017-03-03T14:13:14.631Z"}
{"level":"warn","message":"HB: Last response was not expected. Disregarding it. (1488550392598)","timestamp":"2017-03-03T14:13:14.634Z"}
{"level":"warn","message":"HB: No response the last 2 sec, client timeout!","timestamp":"2017-03-03T14:13:50.645Z"}
{"level":"warn","message":"HB: No response the last 2 sec, client timeout!","timestamp":"2017-03-03T14:13:53.150Z"}
{"level":"warn","message":"HB: Last response was not expected. Disregarding it. (1488550428641)","timestamp":"2017-03-03T14:13:53.225Z"}
{"level":"warn","message":"HB: Last response was not expected. Disregarding it. (1488550431147)","timestamp":"2017-03-03T14:13:53.228Z"}
{"level":"warn","message":"HB: No response the last 2 sec, client timeout!","timestamp":"2017-03-03T14:13:58.662Z"}
{"level":"warn","message":"HB: No response the last 2 sec, client timeout!","timestamp":"2017-03-03T14:14:01.166Z"}
{"level":"warn","message":"HB: No response the last 2 sec, client timeout!","timestamp":"2017-03-03T14:14:03.672Z"}
{"level":"warn","message":"HB: No response the last 2 sec, client timeout!","timestamp":"2017-03-03T14:14:06.178Z"}
{"level":"warn","message":"HB: Last response was not expected. Disregarding it. (1488550436658)","timestamp":"2017-03-03T14:14:07.475Z"}
{"level":"warn","message":"HB: Last response was not expected. Disregarding it. (1488550439163)","timestamp":"2017-03-03T14:14:07.477Z"}
{"level":"warn","message":"HB: Last response was not expected. Disregarding it. (1488550441668)","timestamp":"2017-03-03T14:14:07.479Z"}
{"level":"warn","message":"HB: Last response was not expected. Disregarding it. (1488550444174)","timestamp":"2017-03-03T14:14:07.481Z"}
{"level":"warn","message":"HB: No response the last 2 sec, client timeout!","timestamp":"2017-03-03T14:14:14.693Z"}
{"level":"warn","message":"HB: No response the last 2 sec, client timeout!","timestamp":"2017-03-03T14:14:17.198Z"}
{"level":"warn","message":"HB: No response the last 2 sec, client timeout!","timestamp":"2017-03-03T14:14:19.704Z"}
{"level":"warn","message":"HB: No response the last 2 sec, client timeout!","timestamp":"2017-03-03T14:14:22.209Z"}
{"level":"warn","message":"HB: Last response was not expected. Disregarding it. (1488550452689)","timestamp":"2017-03-03T14:14:24.680Z"}
{"level":"warn","message":"HB: Last response was not expected. Disregarding it. (1488550455195)","timestamp":"2017-03-03T14:14:24.682Z"}
{"level":"warn","message":"HB: Last response was not expected. Disregarding it. (1488550457700)","timestamp":"2017-03-03T14:14:24.685Z"}
{"level":"warn","message":"HB: Last response was not expected. Disregarding it. (1488550460205)","timestamp":"2017-03-03T14:14:24.686Z"}
{"level":"warn","message":"HB: No response the last 2 sec, client timeout!","timestamp":"2017-03-03T14:15:16.801Z"}
{"level":"warn","message":"HB: No response the last 2 sec, client timeout!","timestamp":"2017-03-03T14:15:19.304Z"}
{"level":"warn","message":"HB: No response the last 2 sec, client timeout!","timestamp":"2017-03-03T14:15:21.811Z"}
{"level":"warn","message":"HB: No response the last 2 sec, client timeout!","timestamp":"2017-03-03T14:15:24.317Z"}
{"level":"warn","message":"HB: Last response was not expected. Disregarding it. (1488550514797)","timestamp":"2017-03-03T14:15:24.871Z"}
{"level":"warn","message":"HB: Last response was not expected. Disregarding it. (1488550517301)","timestamp":"2017-03-03T14:15:24.873Z"}
{"level":"warn","message":"HB: Last response was not expected. Disregarding it. (1488550519808)","timestamp":"2017-03-03T14:15:24.876Z"}
{"level":"warn","message":"HB: Last response was not expected. Disregarding it. (1488550522313)","timestamp":"2017-03-03T14:15:24.880Z"}
{"level":"warn","message":"HB: No response the last 2 sec, client timeout!","timestamp":"2017-03-03T14:19:27.708Z"}
{"level":"warn","message":"HB: Last response was not expected. Disregarding it. (1488550765705)","timestamp":"2017-03-03T14:19:28.179Z"}
{"level":"warn","message":"HB: No response the last 2 sec, client timeout!","timestamp":"2017-03-03T14:24:15.679Z"}
{"level":"warn","message":"HB: No response the last 2 sec, client timeout!","timestamp":"2017-03-03T14:24:18.183Z"}
{"level":"warn","message":"HB: No response the last 2 sec, client timeout!","timestamp":"2017-03-03T14:24:20.687Z"}
{"level":"warn","message":"HB: No response the last 2 sec, client timeout!","timestamp":"2017-03-03T14:24:23.193Z"}
{"level":"warn","message":"HB: Last response was not expected. Disregarding it. (1488551053675)","timestamp":"2017-03-03T14:24:24.229Z"}
{"level":"warn","message":"HB: Last response was not expected. Disregarding it. (1488551056180)","timestamp":"2017-03-03T14:24:24.231Z"}
{"level":"warn","message":"HB: Last response was not expected. Disregarding it. (1488551058683)","timestamp":"2017-03-03T14:24:24.240Z"}
{"level":"warn","message":"HB: Last response was not expected. Disregarding it. (1488551061189)","timestamp":"2017-03-03T14:24:24.241Z"}
{"level":"warn","message":"HB: No response the last 2 sec, client timeout!","timestamp":"2017-03-03T14:24:46.231Z"}
{"level":"warn","message":"HB: Last response was not expected. Disregarding it. (1488551084228)","timestamp":"2017-03-03T14:24:47.280Z"}
{"level":"warn","message":"HB: No response the last 2 sec, client timeout!","timestamp":"2017-03-03T14:24:55.750Z"}
{"level":"warn","message":"HB: Last response was not expected. Disregarding it. (1488551093746)","timestamp":"2017-03-03T14:24:56.281Z"}
{"level":"warn","message":"HB: No response the last 2 sec, client timeout!","timestamp":"2017-03-03T14:25:58.869Z"}
{"level":"warn","message":"HB: No response the last 2 sec, client timeout!","timestamp":"2017-03-03T14:26:01.374Z"}
{"level":"warn","message":"HB: No response the last 2 sec, client timeout!","timestamp":"2017-03-03T14:26:03.878Z"}
{"level":"warn","message":"HB: No response the last 2 sec, client timeout!","timestamp":"2017-03-03T14:26:06.382Z"}
{"level":"warn","message":"HB: Last response was not expected. Disregarding it. (1488551156864)","timestamp":"2017-03-03T14:26:07.080Z"}
{"level":"warn","message":"HB: Last response was not expected. Disregarding it. (1488551159370)","timestamp":"2017-03-03T14:26:07.082Z"}
{"level":"warn","message":"HB: Last response was not expected. Disregarding it. (1488551161874)","timestamp":"2017-03-03T14:26:07.083Z"}
{"level":"warn","message":"HB: Last response was not expected. Disregarding it. (1488551164380)","timestamp":"2017-03-03T14:26:07.085Z"}
{"level":"warn","message":"HB: No response the last 2 sec, client timeout!","timestamp":"2017-03-03T14:26:20.406Z"}
{"level":"warn","message":"HB: No response the last 2 sec, client timeout!","timestamp":"2017-03-03T14:26:22.911Z"}
{"level":"warn","message":"HB: Last response was not expected. Disregarding it. (1488551178402)","timestamp":"2017-03-03T14:26:23.891Z"}
{"level":"warn","message":"HB: Last response was not expected. Disregarding it. (1488551180908)","timestamp":"2017-03-03T14:26:23.893Z"}
{"level":"warn","message":"HB: No response the last 2 sec, client timeout!","timestamp":"2017-03-03T14:27:01.474Z"}
{"level":"warn","message":"HB: Last response was not expected. Disregarding it. (1488551219470)","timestamp":"2017-03-03T14:27:01.678Z"}
{"level":"warn","message":"HB: No response the last 2 sec, client timeout!","timestamp":"2017-03-03T14:27:33.514Z"}
{"level":"warn","message":"HB: No response the last 2 sec, client timeout!","timestamp":"2017-03-03T14:27:36.017Z"}
{"level":"warn","message":"HB: Last response was not expected. Disregarding it. (1488551251510)","timestamp":"2017-03-03T14:27:36.036Z"}
{"level":"warn","message":"HB: Last response was not expected. Disregarding it. (1488551254014)","timestamp":"2017-03-03T14:27:36.038Z"}
{"level":"warn","message":"HB: No response the last 2 sec, client timeout!","timestamp":"2017-03-03T14:28:26.610Z"}
{"level":"warn","message":"HB: Last response was not expected. Disregarding it. (1488551304607)","timestamp":"2017-03-03T14:28:27.323Z"}
{"level":"warn","message":"HB: No response the last 2 sec, client timeout!","timestamp":"2017-03-03T14:28:37.125Z"}
{"level":"warn","message":"HB: Last response was not expected. Disregarding it. (1488551315122)","timestamp":"2017-03-03T14:28:38.227Z"}
{"level":"warn","message":"HB: No response the last 2 sec, client timeout!","timestamp":"2017-03-03T14:28:48.143Z"}
{"level":"warn","message":"HB: No response the last 2 sec, client timeout!","timestamp":"2017-03-03T14:28:50.649Z"}
{"level":"warn","message":"HB: No response the last 2 sec, client timeout!","timestamp":"2017-03-03T14:28:53.153Z"}
{"level":"warn","message":"HB: Last response was not expected. Disregarding it. (1488551326140)","timestamp":"2017-03-03T14:28:53.727Z"}
{"level":"warn","message":"HB: Last response was not expected. Disregarding it. (1488551328645)","timestamp":"2017-03-03T14:28:53.730Z"}
{"level":"warn","message":"HB: Last response was not expected. Disregarding it. (1488551331149)","timestamp":"2017-03-03T14:28:53.732Z"}
{"level":"warn","message":"HB: No response the last 2 sec, client timeout!","timestamp":"2017-03-03T14:29:22.199Z"}
{"level":"warn","message":"HB: No response the last 2 sec, client timeout!","timestamp":"2017-03-03T14:29:24.705Z"}
{"level":"warn","message":"HB: Last response was not expected. Disregarding it. (1488551360196)","timestamp":"2017-03-03T14:29:25.275Z"}
{"level":"warn","message":"HB: Last response was not expected. Disregarding it. (1488551362701)","timestamp":"2017-03-03T14:29:25.277Z"}
{"level":"warn","message":"HB: No response the last 2 sec, client timeout!","timestamp":"2017-03-03T14:30:00.762Z"}
{"level":"warn","message":"HB: Last response was not expected. Disregarding it. (1488551398758)","timestamp":"2017-03-03T14:30:01.524Z"}
{"level":"warn","message":"HB: No response the last 2 sec, client timeout!","timestamp":"2017-03-03T14:30:03.769Z"}
{"level":"warn","message":"HB: Last response was not expected. Disregarding it. (1488551401765)","timestamp":"2017-03-03T14:30:04.285Z"}
{"level":"warn","message":"HB: No response the last 2 sec, client timeout!","timestamp":"2017-03-03T14:30:07.274Z"}
{"level":"warn","message":"HB: Last response was not expected. Disregarding it. (1488551405271)","timestamp":"2017-03-03T14:30:09.125Z"}
{"level":"warn","message":"HB: No response the last 2 sec, client timeout!","timestamp":"2017-03-03T14:30:25.303Z"}
{"level":"warn","message":"HB: Last response was not expected. Disregarding it. (1488551423299)","timestamp":"2017-03-03T14:30:26.823Z"}
{"level":"warn","message":"HB: No response the last 2 sec, client timeout!","timestamp":"2017-03-03T14:30:37.322Z"}
{"level":"warn","message":"HB: No response the last 2 sec, client timeout!","timestamp":"2017-03-03T14:30:39.827Z"}
{"level":"warn","message":"HB: No response the last 2 sec, client timeout!","timestamp":"2017-03-03T14:30:42.332Z"}
{"level":"warn","message":"HB: No response the last 2 sec, client timeout!","timestamp":"2017-03-03T14:30:44.838Z"}
{"level":"warn","message":"HB: Last response was not expected. Disregarding it. (1488551435319)","timestamp":"2017-03-03T14:30:45.273Z"}
{"level":"warn","message":"HB: Last response was not expected. Disregarding it. (1488551437824)","timestamp":"2017-03-03T14:30:45.274Z"}
{"level":"warn","message":"HB: Last response was not expected. Disregarding it. (1488551440329)","timestamp":"2017-03-03T14:30:45.276Z"}
{"level":"warn","message":"HB: Last response was not expected. Disregarding it. (1488551442834)","timestamp":"2017-03-03T14:30:45.277Z"}
{"level":"warn","message":"HB: No response the last 2 sec, client timeout!","timestamp":"2017-03-03T14:31:13.381Z"}
{"level":"warn","message":"HB: Last response was not expected. Disregarding it. (1488551471377)","timestamp":"2017-03-03T14:31:14.673Z"}
{"level":"warn","message":"HB: No response the last 2 sec, client timeout!","timestamp":"2017-03-03T14:31:29.406Z"}
{"level":"warn","message":"HB: No response the last 2 sec, client timeout!","timestamp":"2017-03-03T14:31:31.911Z"}
{"level":"warn","message":"HB: No response the last 2 sec, client timeout!","timestamp":"2017-03-03T14:31:34.415Z"}
{"level":"warn","message":"HB: Last response was not expected. Disregarding it. (1488551487402)","timestamp":"2017-03-03T14:31:35.371Z"}
{"level":"warn","message":"HB: Last response was not expected. Disregarding it. (1488551489907)","timestamp":"2017-03-03T14:31:35.373Z"}
{"level":"warn","message":"HB: Last response was not expected. Disregarding it. (1488551492411)","timestamp":"2017-03-03T14:31:35.374Z"}
{"level":"warn","message":"HB: No response the last 2 sec, client timeout!","timestamp":"2017-03-03T14:31:37.421Z"}
{"level":"warn","message":"HB: No response the last 2 sec, client timeout!","timestamp":"2017-03-03T14:31:39.925Z"}
{"level":"warn","message":"HB: No response the last 2 sec, client timeout!","timestamp":"2017-03-03T14:31:42.431Z"}
{"level":"warn","message":"HB: No response the last 2 sec, client timeout!","timestamp":"2017-03-03T14:31:44.936Z"}
{"level":"warn","message":"HB: Last response was not expected. Disregarding it. (1488551495418)","timestamp":"2017-03-03T14:31:45.971Z"}
{"level":"warn","message":"HB: Last response was not expected. Disregarding it. (1488551497923)","timestamp":"2017-03-03T14:31:45.973Z"}
{"level":"warn","message":"HB: Last response was not expected. Disregarding it. (1488551500427)","timestamp":"2017-03-03T14:31:45.974Z"}
{"level":"warn","message":"HB: Last response was not expected. Disregarding it. (1488551502932)","timestamp":"2017-03-03T14:31:45.975Z"}
{"level":"warn","message":"HB: No response the last 2 sec, client timeout!","timestamp":"2017-03-03T14:31:58.956Z"}
{"level":"warn","message":"HB: No response the last 2 sec, client timeout!","timestamp":"2017-03-03T14:32:01.461Z"}
{"level":"warn","message":"HB: Last response was not expected. Disregarding it. (1488551516952)","timestamp":"2017-03-03T14:32:02.420Z"}
{"level":"warn","message":"HB: Last response was not expected. Disregarding it. (1488551519457)","timestamp":"2017-03-03T14:32:02.422Z"}
{"level":"warn","message":"HB: No response the last 2 sec, client timeout!","timestamp":"2017-03-03T14:32:08.474Z"}
{"level":"warn","message":"HB: No response the last 2 sec, client timeout!","timestamp":"2017-03-03T14:32:10.979Z"}
{"level":"warn","message":"HB: No response the last 2 sec, client timeout!","timestamp":"2017-03-03T14:32:13.484Z"}
{"level":"warn","message":"HB: No response the last 2 sec, client timeout!","timestamp":"2017-03-03T14:32:15.989Z"}
{"level":"warn","message":"HB: Last response was not expected. Disregarding it. (1488551526470)","timestamp":"2017-03-03T14:32:17.870Z"}
{"level":"warn","message":"HB: Last response was not expected. Disregarding it. (1488551528975)","timestamp":"2017-03-03T14:32:17.872Z"}
{"level":"warn","message":"HB: Last response was not expected. Disregarding it. (1488551531480)","timestamp":"2017-03-03T14:32:17.873Z"}
{"level":"warn","message":"HB: Last response was not expected. Disregarding it. (1488551533985)","timestamp":"2017-03-03T14:32:17.874Z"}
{"level":"warn","message":"HB: No response the last 2 sec, client timeout!","timestamp":"2017-03-03T14:32:32.508Z"}
{"level":"warn","message":"HB: Last response was not expected. Disregarding it. (1488551550505)","timestamp":"2017-03-03T14:32:32.881Z"}
{"level":"warn","message":"HB: No response the last 2 sec, client timeout!","timestamp":"2017-03-03T14:33:53.127Z"}
{"level":"warn","message":"HB: Last response was not expected. Disregarding it. (1488551631124)","timestamp":"2017-03-03T14:33:55.618Z"}
{"level":"warn","message":"HB: No response the last 2 sec, client timeout!","timestamp":"2017-03-03T14:34:00.138Z"}
{"level":"warn","message":"HB: No response the last 2 sec, client timeout!","timestamp":"2017-03-03T14:34:02.644Z"}
{"level":"warn","message":"HB: Last response was not expected. Disregarding it. (1488551638135)","timestamp":"2017-03-03T14:34:04.619Z"}
{"level":"warn","message":"HB: Last response was not expected. Disregarding it. (1488551640640)","timestamp":"2017-03-03T14:34:04.621Z"}
{"level":"warn","message":"HB: No response the last 2 sec, client timeout!","timestamp":"2017-03-03T14:39:34.167Z"}
{"level":"warn","message":"HB: Last response was not expected. Disregarding it. (1488551972164)","timestamp":"2017-03-03T14:39:34.990Z"}
{"level":"warn","message":"HB: No response the last 2 sec, client timeout!","timestamp":"2017-03-03T14:45:32.236Z"}
{"level":"warn","message":"HB: Last response was not expected. Disregarding it. (1488552330233)","timestamp":"2017-03-03T14:45:33.250Z"}
{"level":"warn","message":"HB: No response the last 2 sec, client timeout!","timestamp":"2017-03-03T14:45:53.271Z"}
{"level":"warn","message":"HB: No response the last 2 sec, client timeout!","timestamp":"2017-03-03T14:45:55.777Z"}
{"level":"warn","message":"HB: Last response was not expected. Disregarding it. (1488552351268)","timestamp":"2017-03-03T14:45:57.300Z"}
{"level":"warn","message":"HB: Last response was not expected. Disregarding it. (1488552353773)","timestamp":"2017-03-03T14:45:57.303Z"}
{"level":"warn","message":"HB: No response the last 2 sec, client timeout!","timestamp":"2017-03-03T14:46:43.841Z"}
{"level":"warn","message":"HB: No response the last 2 sec, client timeout!","timestamp":"2017-03-03T14:46:46.346Z"}
{"level":"warn","message":"HB: No response the last 2 sec, client timeout!","timestamp":"2017-03-03T14:46:48.852Z"}
{"level":"warn","message":"HB: Last response was not expected. Disregarding it. (1488552401837)","timestamp":"2017-03-03T14:46:50.098Z"}
{"level":"warn","message":"HB: Last response was not expected. Disregarding it. (1488552404342)","timestamp":"2017-03-03T14:46:50.100Z"}
{"level":"warn","message":"HB: Last response was not expected. Disregarding it. (1488552406848)","timestamp":"2017-03-03T14:46:50.101Z"}
{"level":"warn","message":"HB: No response the last 2 sec, client timeout!","timestamp":"2017-03-03T14:47:33.913Z"}
{"level":"warn","message":"HB: No response the last 2 sec, client timeout!","timestamp":"2017-03-03T14:47:36.418Z"}
{"level":"warn","message":"HB: No response the last 2 sec, client timeout!","timestamp":"2017-03-03T14:47:38.923Z"}
{"level":"warn","message":"HB: No response the last 2 sec, client timeout!","timestamp":"2017-03-03T14:47:41.429Z"}
{"level":"warn","message":"HB: Last response was not expected. Disregarding it. (1488552451909)","timestamp":"2017-03-03T14:47:42.796Z"}
{"level":"warn","message":"HB: Last response was not expected. Disregarding it. (1488552454414)","timestamp":"2017-03-03T14:47:42.798Z"}
{"level":"warn","message":"HB: Last response was not expected. Disregarding it. (1488552456920)","timestamp":"2017-03-03T14:47:42.800Z"}
{"level":"warn","message":"HB: Last response was not expected. Disregarding it. (1488552459425)","timestamp":"2017-03-03T14:47:42.802Z"}
{"level":"warn","message":"HB: No response the last 2 sec, client timeout!","timestamp":"2017-03-03T14:47:44.935Z"}
{"level":"warn","message":"HB: Last response was not expected. Disregarding it. (1488552462932)","timestamp":"2017-03-03T14:47:45.195Z"}
{"level":"warn","message":"HB: No response the last 2 sec, client timeout!","timestamp":"2017-03-03T14:47:56.454Z"}
{"level":"warn","message":"HB: Last response was not expected. Disregarding it. (1488552474450)","timestamp":"2017-03-03T14:47:58.201Z"}
{"level":"warn","message":"HB: No response the last 2 sec, client timeout!","timestamp":"2017-03-03T14:48:09.975Z"}
{"level":"warn","message":"HB: No response the last 2 sec, client timeout!","timestamp":"2017-03-03T14:48:12.479Z"}
{"level":"warn","message":"HB: No response the last 2 sec, client timeout!","timestamp":"2017-03-03T14:48:14.985Z"}
{"level":"warn","message":"HB: No response the last 2 sec, client timeout!","timestamp":"2017-03-03T14:48:17.490Z"}
{"level":"warn","message":"HB: Last response was not expected. Disregarding it. (1488552487972)","timestamp":"2017-03-03T14:48:18.434Z"}
{"level":"warn","message":"HB: Last response was not expected. Disregarding it. (1488552490475)","timestamp":"2017-03-03T14:48:18.436Z"}
{"level":"warn","message":"HB: Last response was not expected. Disregarding it. (1488552492981)","timestamp":"2017-03-03T14:48:18.438Z"}
{"level":"warn","message":"HB: Last response was not expected. Disregarding it. (1488552495486)","timestamp":"2017-03-03T14:48:18.440Z"}
{"level":"warn","message":"HB: No response the last 2 sec, client timeout!","timestamp":"2017-03-03T14:48:20.496Z"}
{"level":"warn","message":"HB: No response the last 2 sec, client timeout!","timestamp":"2017-03-03T14:48:23.001Z"}
{"level":"warn","message":"HB: Last response was not expected. Disregarding it. (1488552498492)","timestamp":"2017-03-03T14:48:23.707Z"}
{"level":"warn","message":"HB: Last response was not expected. Disregarding it. (1488552500997)","timestamp":"2017-03-03T14:48:23.709Z"}
{"level":"warn","message":"HB: No response the last 2 sec, client timeout!","timestamp":"2017-03-03T14:48:25.506Z"}
{"level":"warn","message":"HB: Last response was not expected. Disregarding it. (1488552503503)","timestamp":"2017-03-03T14:48:26.090Z"}
{"level":"warn","message":"HB: No response the last 2 sec, client timeout!","timestamp":"2017-03-03T14:48:34.021Z"}
{"level":"warn","message":"HB: No response the last 2 sec, client timeout!","timestamp":"2017-03-03T14:48:36.530Z"}
{"level":"warn","message":"HB: No response the last 2 sec, client timeout!","timestamp":"2017-03-03T14:48:39.036Z"}
{"level":"warn","message":"HB: No response the last 2 sec, client timeout!","timestamp":"2017-03-03T14:48:41.540Z"}
{"level":"warn","message":"HB: No response the last 2 sec, client timeout!","timestamp":"2017-03-03T14:48:44.046Z"}
{"level":"warn","message":"HB: Last response was not expected. Disregarding it. (1488552512017)","timestamp":"2017-03-03T14:48:46.030Z"}
{"level":"warn","message":"HB: Last response was not expected. Disregarding it. (1488552514526)","timestamp":"2017-03-03T14:48:46.032Z"}
{"level":"warn","message":"HB: Last response was not expected. Disregarding it. (1488552517032)","timestamp":"2017-03-03T14:48:46.034Z"}
{"level":"warn","message":"HB: Last response was not expected. Disregarding it. (1488552519536)","timestamp":"2017-03-03T14:48:46.037Z"}
{"level":"warn","message":"HB: Last response was not expected. Disregarding it. (1488552522042)","timestamp":"2017-03-03T14:48:46.039Z"}
{"level":"warn","message":"HB: No response the last 2 sec, client timeout!","timestamp":"2017-03-03T14:52:18.401Z"}
{"level":"warn","message":"HB: Last response was not expected. Disregarding it. (1488552736398)","timestamp":"2017-03-03T14:52:18.724Z"}
{"level":"warn","message":"HB: No response the last 2 sec, client timeout!","timestamp":"2017-03-03T14:52:30.418Z"}
{"level":"warn","message":"HB: Last response was not expected. Disregarding it. (1488552748414)","timestamp":"2017-03-03T14:52:30.684Z"}
{"level":"warn","message":"HB: No response the last 2 sec, client timeout!","timestamp":"2017-03-03T14:52:32.922Z"}
{"level":"warn","message":"HB: No response the last 2 sec, client timeout!","timestamp":"2017-03-03T14:52:35.428Z"}
{"level":"warn","message":"HB: No response the last 2 sec, client timeout!","timestamp":"2017-03-03T14:52:37.932Z"}
{"level":"warn","message":"HB: No response the last 2 sec, client timeout!","timestamp":"2017-03-03T14:52:40.438Z"}
{"level":"warn","message":"HB: No response the last 2 sec, client timeout!","timestamp":"2017-03-03T14:52:42.942Z"}
{"level":"warn","message":"HB: Last response was not expected. Disregarding it. (1488552750919)","timestamp":"2017-03-03T14:52:43.849Z"}
{"level":"warn","message":"HB: Last response was not expected. Disregarding it. (1488552753424)","timestamp":"2017-03-03T14:52:43.851Z"}
{"level":"warn","message":"HB: Last response was not expected. Disregarding it. (1488552755929)","timestamp":"2017-03-03T14:52:43.852Z"}
{"level":"warn","message":"HB: Last response was not expected. Disregarding it. (1488552758434)","timestamp":"2017-03-03T14:52:43.853Z"}
{"level":"warn","message":"HB: Last response was not expected. Disregarding it. (1488552760939)","timestamp":"2017-03-03T14:52:43.854Z"}
{"level":"warn","message":"HB: No response the last 2 sec, client timeout!","timestamp":"2017-03-03T14:58:59.541Z"}
{"level":"warn","message":"HB: No response the last 2 sec, client timeout!","timestamp":"2017-03-03T14:59:02.046Z"}
{"level":"warn","message":"HB: No response the last 2 sec, client timeout!","timestamp":"2017-03-03T14:59:04.552Z"}
{"level":"warn","message":"HB: No response the last 2 sec, client timeout!","timestamp":"2017-03-03T14:59:07.057Z"}
{"level":"warn","message":"HB: No response the last 2 sec, client timeout!","timestamp":"2017-03-03T14:59:09.562Z"}
{"level":"warn","message":"HB: No response the last 2 sec, client timeout!","timestamp":"2017-03-03T14:59:12.068Z"}
{"level":"warn","message":"HB: No response the last 2 sec, client timeout!","timestamp":"2017-03-03T14:59:14.572Z"}
{"level":"warn","message":"HB: No response the last 2 sec, client timeout!","timestamp":"2017-03-03T14:59:17.078Z"}
{"level":"warn","message":"HB: No response the last 2 sec, client timeout!","timestamp":"2017-03-03T14:59:19.583Z"}
{"level":"warn","message":"HB: No response the last 2 sec, client timeout!","timestamp":"2017-03-03T14:59:22.087Z"}
{"level":"warn","message":"HB: No response the last 2 sec, client timeout!","timestamp":"2017-03-03T14:59:24.592Z"}
{"level":"warn","message":"HB: No response the last 2 sec, client timeout!","timestamp":"2017-03-03T14:59:27.098Z"}
{"level":"warn","message":"HB: No response the last 2 sec, client timeout!","timestamp":"2017-03-03T14:59:29.602Z"}
{"level":"warn","message":"HB: No response the last 2 sec, client timeout!","timestamp":"2017-03-03T14:59:32.107Z"}
{"level":"warn","message":"HB: No response the last 2 sec, client timeout!","timestamp":"2017-03-03T14:59:34.613Z"}
{"level":"warn","message":"HB: No response the last 2 sec, client timeout!","timestamp":"2017-03-03T14:59:37.116Z"}
{"level":"warn","message":"HB: No response the last 2 sec, client timeout!","timestamp":"2017-03-03T14:59:39.622Z"}
{"level":"warn","message":"HB: No response the last 2 sec, client timeout!","timestamp":"2017-03-03T14:59:42.127Z"}
{"level":"warn","message":"HB: No response the last 2 sec, client timeout!","timestamp":"2017-03-03T14:59:44.631Z"}
{"level":"warn","message":"HB: No response the last 2 sec, client timeout!","timestamp":"2017-03-03T14:59:47.137Z"}
{"level":"warn","message":"HB: No response the last 2 sec, client timeout!","timestamp":"2017-03-03T14:59:49.642Z"}
{"level":"warn","message":"HB: Last response was not expected. Disregarding it. (1488553137537)","timestamp":"2017-03-03T14:59:49.955Z"}
{"level":"warn","message":"HB: No response the last 2 sec, client timeout!","timestamp":"2017-03-03T14:59:52.149Z"}
{"level":"warn","message":"HB: No response the last 2 sec, client timeout!","timestamp":"2017-03-03T14:59:54.655Z"}
{"level":"warn","message":"HB: No response the last 2 sec, client timeout!","timestamp":"2017-03-03T14:59:57.160Z"}
{"level":"warn","message":"HB: No response the last 2 sec, client timeout!","timestamp":"2017-03-03T14:59:59.664Z"}
{"level":"warn","message":"HB: No response the last 2 sec, client timeout!","timestamp":"2017-03-03T15:00:02.169Z"}
{"level":"warn","message":"HB: Last response was not expected. Disregarding it. (1488553140042)","timestamp":"2017-03-03T15:00:03.498Z"}
{"level":"warn","message":"HB: Last response was not expected. Disregarding it. (1488553142548)","timestamp":"2017-03-03T15:00:03.511Z"}
{"level":"warn","message":"HB: Last response was not expected. Disregarding it. (1488553145053)","timestamp":"2017-03-03T15:00:03.513Z"}
{"level":"warn","message":"HB: Last response was not expected. Disregarding it. (1488553147559)","timestamp":"2017-03-03T15:00:03.514Z"}
{"level":"warn","message":"HB: Last response was not expected. Disregarding it. (1488553150064)","timestamp":"2017-03-03T15:00:03.521Z"}
{"level":"warn","message":"HB: Last response was not expected. Disregarding it. (1488553152568)","timestamp":"2017-03-03T15:00:03.524Z"}
{"level":"warn","message":"HB: Last response was not expected. Disregarding it. (1488553155074)","timestamp":"2017-03-03T15:00:03.525Z"}
{"level":"warn","message":"HB: Last response was not expected. Disregarding it. (1488553157579)","timestamp":"2017-03-03T15:00:03.526Z"}
{"level":"warn","message":"HB: Last response was not expected. Disregarding it. (1488553160083)","timestamp":"2017-03-03T15:00:03.527Z"}
{"level":"warn","message":"HB: Last response was not expected. Disregarding it. (1488553162589)","timestamp":"2017-03-03T15:00:03.528Z"}
{"level":"warn","message":"HB: Last response was not expected. Disregarding it. (1488553165094)","timestamp":"2017-03-03T15:00:03.528Z"}
{"level":"warn","message":"HB: Last response was not expected. Disregarding it. (1488553167598)","timestamp":"2017-03-03T15:00:03.529Z"}
{"level":"warn","message":"HB: Last response was not expected. Disregarding it. (1488553170104)","timestamp":"2017-03-03T15:00:03.530Z"}
{"level":"warn","message":"HB: Last response was not expected. Disregarding it. (1488553172609)","timestamp":"2017-03-03T15:00:03.531Z"}
{"level":"warn","message":"HB: Last response was not expected. Disregarding it. (1488553175113)","timestamp":"2017-03-03T15:00:03.532Z"}
{"level":"warn","message":"HB: Last response was not expected. Disregarding it. (1488553177618)","timestamp":"2017-03-03T15:00:03.533Z"}
{"level":"warn","message":"HB: Last response was not expected. Disregarding it. (1488553180123)","timestamp":"2017-03-03T15:00:03.533Z"}
{"level":"warn","message":"HB: Last response was not expected. Disregarding it. (1488553182627)","timestamp":"2017-03-03T15:00:03.534Z"}
{"level":"warn","message":"HB: Last response was not expected. Disregarding it. (1488553185133)","timestamp":"2017-03-03T15:00:03.536Z"}
{"level":"warn","message":"HB: Last response was not expected. Disregarding it. (1488553187638)","timestamp":"2017-03-03T15:00:03.537Z"}
{"level":"warn","message":"HB: Last response was not expected. Disregarding it. (1488553190146)","timestamp":"2017-03-03T15:00:03.538Z"}
{"level":"warn","message":"HB: Last response was not expected. Disregarding it. (1488553192651)","timestamp":"2017-03-03T15:00:03.539Z"}
{"level":"warn","message":"HB: Last response was not expected. Disregarding it. (1488553195156)","timestamp":"2017-03-03T15:00:03.541Z"}
{"level":"warn","message":"HB: Last response was not expected. Disregarding it. (1488553197660)","timestamp":"2017-03-03T15:00:03.541Z"}
{"level":"warn","message":"HB: Last response was not expected. Disregarding it. (1488553200166)","timestamp":"2017-03-03T15:00:03.542Z"}
{"level":"warn","message":"HB: No response the last 2 sec, client timeout!","timestamp":"2017-03-03T15:00:07.678Z"}
{"level":"warn","message":"HB: No response the last 2 sec, client timeout!","timestamp":"2017-03-03T15:00:10.183Z"}
{"level":"warn","message":"HB: Last response was not expected. Disregarding it. (1488553205674)","timestamp":"2017-03-03T15:00:11.492Z"}
{"level":"warn","message":"HB: Last response was not expected. Disregarding it. (1488553208179)","timestamp":"2017-03-03T15:00:11.495Z"}
{"level":"warn","message":"HB: No response the last 2 sec, client timeout!","timestamp":"2017-03-03T15:00:21.703Z"}
{"level":"warn","message":"HB: Last response was not expected. Disregarding it. (1488553219699)","timestamp":"2017-03-03T15:00:21.938Z"}
{"level":"warn","message":"HB: No response the last 2 sec, client timeout!","timestamp":"2017-03-03T15:00:27.212Z"}
{"level":"warn","message":"HB: Last response was not expected. Disregarding it. (1488553225208)","timestamp":"2017-03-03T15:00:28.325Z"}
{"level":"warn","message":"HB: No response the last 2 sec, client timeout!","timestamp":"2017-03-03T15:43:07.911Z"}
{"level":"warn","message":"HB: No response the last 2 sec, client timeout!","timestamp":"2017-03-03T15:43:10.417Z"}
{"level":"warn","message":"HB: Last response was not expected. Disregarding it. (1488555785907)","timestamp":"2017-03-03T15:43:11.533Z"}
{"level":"warn","message":"HB: Last response was not expected. Disregarding it. (1488555788413)","timestamp":"2017-03-03T15:43:11.536Z"}
{"level":"warn","message":"HB: No response the last 2 sec, client timeout!","timestamp":"2017-03-03T15:44:15.514Z"}
{"level":"warn","message":"HB: No response the last 2 sec, client timeout!","timestamp":"2017-03-03T15:44:18.018Z"}
{"level":"warn","message":"HB: No response the last 2 sec, client timeout!","timestamp":"2017-03-03T15:44:20.522Z"}
{"level":"warn","message":"HB: No response the last 2 sec, client timeout!","timestamp":"2017-03-03T15:44:23.026Z"}
{"level":"warn","message":"HB: No response the last 2 sec, client timeout!","timestamp":"2017-03-03T15:44:25.530Z"}
{"level":"warn","message":"HB: No response the last 2 sec, client timeout!","timestamp":"2017-03-03T15:44:28.034Z"}
{"level":"warn","message":"HB: No response the last 2 sec, client timeout!","timestamp":"2017-03-03T15:44:30.539Z"}
{"level":"warn","message":"HB: No response the last 2 sec, client timeout!","timestamp":"2017-03-03T15:44:33.044Z"}
{"level":"warn","message":"HB: No response the last 2 sec, client timeout!","timestamp":"2017-03-03T15:44:35.548Z"}
{"level":"warn","message":"HB: No response the last 2 sec, client timeout!","timestamp":"2017-03-03T15:44:38.052Z"}
{"level":"warn","message":"HB: No response the last 2 sec, client timeout!","timestamp":"2017-03-03T15:44:40.557Z"}
{"level":"warn","message":"HB: No response the last 2 sec, client timeout!","timestamp":"2017-03-03T15:44:43.062Z"}
{"level":"warn","message":"HB: No response the last 2 sec, client timeout!","timestamp":"2017-03-03T15:44:45.566Z"}
{"level":"warn","message":"HB: No response the last 2 sec, client timeout!","timestamp":"2017-03-03T15:44:48.071Z"}
{"level":"warn","message":"HB: No response the last 2 sec, client timeout!","timestamp":"2017-03-03T15:44:50.579Z"}
{"level":"warn","message":"HB: No response the last 2 sec, client timeout!","timestamp":"2017-03-03T15:44:53.083Z"}
{"level":"warn","message":"HB: No response the last 2 sec, client timeout!","timestamp":"2017-03-03T15:44:55.588Z"}
{"level":"warn","message":"HB: No response the last 2 sec, client timeout!","timestamp":"2017-03-03T15:44:58.093Z"}
{"level":"warn","message":"HB: No response the last 2 sec, client timeout!","timestamp":"2017-03-03T15:45:00.598Z"}
{"level":"warn","message":"HB: No response the last 2 sec, client timeout!","timestamp":"2017-03-03T15:45:03.101Z"}
{"level":"warn","message":"HB: No response the last 2 sec, client timeout!","timestamp":"2017-03-03T15:45:05.605Z"}
{"level":"warn","message":"HB: No response the last 2 sec, client timeout!","timestamp":"2017-03-03T15:45:08.110Z"}
{"level":"warn","message":"HB: No response the last 2 sec, client timeout!","timestamp":"2017-03-03T15:45:10.614Z"}
{"level":"warn","message":"HB: No response the last 2 sec, client timeout!","timestamp":"2017-03-03T15:45:13.118Z"}
{"level":"warn","message":"HB: No response the last 2 sec, client timeout!","timestamp":"2017-03-03T15:45:15.622Z"}
{"level":"warn","message":"HB: No response the last 2 sec, client timeout!","timestamp":"2017-03-03T15:45:18.126Z"}
{"level":"warn","message":"HB: No response the last 2 sec, client timeout!","timestamp":"2017-03-03T15:45:20.631Z"}
{"level":"warn","message":"HB: No response the last 2 sec, client timeout!","timestamp":"2017-03-03T15:45:23.135Z"}
{"level":"warn","message":"HB: No response the last 2 sec, client timeout!","timestamp":"2017-03-03T15:45:25.640Z"}
{"level":"warn","message":"HB: No response the last 2 sec, client timeout!","timestamp":"2017-03-03T15:45:28.144Z"}
{"level":"warn","message":"HB: No response the last 2 sec, client timeout!","timestamp":"2017-03-03T15:45:30.648Z"}
{"level":"warn","message":"HB: No response the last 2 sec, client timeout!","timestamp":"2017-03-03T15:45:33.152Z"}
{"level":"warn","message":"HB: No response the last 2 sec, client timeout!","timestamp":"2017-03-03T15:45:35.656Z"}
{"level":"warn","message":"HB: No response the last 2 sec, client timeout!","timestamp":"2017-03-03T15:45:38.161Z"}
{"level":"warn","message":"HB: No response the last 2 sec, client timeout!","timestamp":"2017-03-03T15:45:40.664Z"}
{"level":"warn","message":"HB: No response the last 2 sec, client timeout!","timestamp":"2017-03-03T15:45:43.169Z"}
{"level":"warn","message":"HB: No response the last 2 sec, client timeout!","timestamp":"2017-03-03T15:45:45.673Z"}
{"level":"warn","message":"HB: No response the last 2 sec, client timeout!","timestamp":"2017-03-03T15:45:48.178Z"}
{"level":"warn","message":"HB: No response the last 2 sec, client timeout!","timestamp":"2017-03-03T15:45:50.681Z"}
{"level":"warn","message":"HB: No response the last 2 sec, client timeout!","timestamp":"2017-03-03T15:45:53.186Z"}
{"level":"warn","message":"HB: No response the last 2 sec, client timeout!","timestamp":"2017-03-03T15:45:55.690Z"}
{"level":"warn","message":"HB: No response the last 2 sec, client timeout!","timestamp":"2017-03-03T15:45:58.195Z"}
{"level":"warn","message":"HB: No response the last 2 sec, client timeout!","timestamp":"2017-03-03T15:46:00.699Z"}
{"level":"warn","message":"HB: No response the last 2 sec, client timeout!","timestamp":"2017-03-03T15:46:03.206Z"}
{"level":"warn","message":"HB: No response the last 2 sec, client timeout!","timestamp":"2017-03-03T15:46:05.727Z"}
{"level":"warn","message":"HB: No response the last 2 sec, client timeout!","timestamp":"2017-03-03T15:46:08.231Z"}
{"level":"warn","message":"HB: No response the last 2 sec, client timeout!","timestamp":"2017-03-03T15:46:10.736Z"}
{"level":"warn","message":"HB: No response the last 2 sec, client timeout!","timestamp":"2017-03-03T15:46:13.241Z"}
{"level":"warn","message":"HB: No response the last 2 sec, client timeout!","timestamp":"2017-03-03T15:46:15.746Z"}
{"level":"warn","message":"HB: No response the last 2 sec, client timeout!","timestamp":"2017-03-03T15:46:18.250Z"}
{"level":"warn","message":"HB: No response the last 2 sec, client timeout!","timestamp":"2017-03-03T15:46:20.755Z"}
{"level":"warn","message":"HB: No response the last 2 sec, client timeout!","timestamp":"2017-03-03T15:46:23.260Z"}
{"level":"warn","message":"HB: No response the last 2 sec, client timeout!","timestamp":"2017-03-03T15:46:25.765Z"}
{"level":"warn","message":"HB: No response the last 2 sec, client timeout!","timestamp":"2017-03-03T15:46:28.270Z"}
{"level":"warn","message":"HB: No response the last 2 sec, client timeout!","timestamp":"2017-03-03T15:46:30.775Z"}
{"level":"warn","message":"HB: No response the last 2 sec, client timeout!","timestamp":"2017-03-03T15:46:33.280Z"}
{"level":"warn","message":"HB: No response the last 2 sec, client timeout!","timestamp":"2017-03-03T15:46:35.784Z"}
{"level":"warn","message":"HB: No response the last 2 sec, client timeout!","timestamp":"2017-03-03T15:46:38.289Z"}
{"level":"warn","message":"HB: No response the last 2 sec, client timeout!","timestamp":"2017-03-03T15:46:40.794Z"}
{"level":"warn","message":"HB: No response the last 2 sec, client timeout!","timestamp":"2017-03-03T15:46:43.299Z"}
{"level":"warn","message":"HB: No response the last 2 sec, client timeout!","timestamp":"2017-03-03T15:46:45.804Z"}
{"level":"warn","message":"HB: No response the last 2 sec, client timeout!","timestamp":"2017-03-03T15:46:48.309Z"}
{"level":"warn","message":"HB: No response the last 2 sec, client timeout!","timestamp":"2017-03-03T15:46:50.814Z"}
{"level":"warn","message":"HB: No response the last 2 sec, client timeout!","timestamp":"2017-03-03T15:46:53.319Z"}
{"level":"warn","message":"HB: No response the last 2 sec, client timeout!","timestamp":"2017-03-03T15:46:55.823Z"}
{"level":"warn","message":"HB: No response the last 2 sec, client timeout!","timestamp":"2017-03-03T15:46:58.326Z"}
{"level":"warn","message":"HB: No response the last 2 sec, client timeout!","timestamp":"2017-03-03T15:47:00.831Z"}
{"level":"warn","message":"HB: No response the last 2 sec, client timeout!","timestamp":"2017-03-03T15:47:03.335Z"}
{"level":"warn","message":"HB: No response the last 2 sec, client timeout!","timestamp":"2017-03-03T15:47:05.840Z"}
{"level":"warn","message":"HB: No response the last 2 sec, client timeout!","timestamp":"2017-03-03T15:47:08.345Z"}
{"level":"warn","message":"HB: No response the last 2 sec, client timeout!","timestamp":"2017-03-03T15:47:10.850Z"}
{"level":"warn","message":"HB: No response the last 2 sec, client timeout!","timestamp":"2017-03-03T15:47:13.354Z"}
{"level":"warn","message":"HB: No response the last 2 sec, client timeout!","timestamp":"2017-03-03T15:47:15.860Z"}
{"level":"warn","message":"HB: No response the last 2 sec, client timeout!","timestamp":"2017-03-03T15:47:18.364Z"}
{"level":"warn","message":"HB: No response the last 2 sec, client timeout!","timestamp":"2017-03-03T15:47:20.869Z"}
{"level":"warn","message":"HB: No response the last 2 sec, client timeout!","timestamp":"2017-03-03T15:47:23.374Z"}
{"level":"warn","message":"HB: No response the last 2 sec, client timeout!","timestamp":"2017-03-03T15:47:25.879Z"}
{"level":"warn","message":"HB: No response the last 2 sec, client timeout!","timestamp":"2017-03-03T15:47:28.385Z"}
{"level":"warn","message":"HB: No response the last 2 sec, client timeout!","timestamp":"2017-03-03T15:47:30.890Z"}
{"level":"warn","message":"HB: No response the last 2 sec, client timeout!","timestamp":"2017-03-03T15:47:33.394Z"}
{"level":"warn","message":"HB: No response the last 2 sec, client timeout!","timestamp":"2017-03-03T15:47:35.899Z"}
{"level":"warn","message":"HB: No response the last 2 sec, client timeout!","timestamp":"2017-03-03T15:47:38.404Z"}
{"level":"warn","message":"HB: No response the last 2 sec, client timeout!","timestamp":"2017-03-03T15:47:40.909Z"}
{"level":"warn","message":"HB: No response the last 2 sec, client timeout!","timestamp":"2017-03-03T15:47:43.414Z"}
{"level":"warn","message":"HB: No response the last 2 sec, client timeout!","timestamp":"2017-03-03T15:47:45.918Z"}
{"level":"warn","message":"HB: No response the last 2 sec, client timeout!","timestamp":"2017-03-03T15:47:48.421Z"}
{"level":"warn","message":"HB: No response the last 2 sec, client timeout!","timestamp":"2017-03-03T15:47:50.926Z"}
{"level":"warn","message":"HB: No response the last 2 sec, client timeout!","timestamp":"2017-03-03T15:47:53.429Z"}
{"level":"warn","message":"HB: No response the last 2 sec, client timeout!","timestamp":"2017-03-03T15:47:55.934Z"}
{"level":"warn","message":"HB: No response the last 2 sec, client timeout!","timestamp":"2017-03-03T15:47:58.438Z"}
{"level":"warn","message":"HB: No response the last 2 sec, client timeout!","timestamp":"2017-03-03T15:48:00.942Z"}
{"level":"warn","message":"HB: No response the last 2 sec, client timeout!","timestamp":"2017-03-03T15:48:03.447Z"}
{"level":"warn","message":"HB: No response the last 2 sec, client timeout!","timestamp":"2017-03-03T15:48:05.951Z"}
{"level":"warn","message":"HB: No response the last 2 sec, client timeout!","timestamp":"2017-03-03T15:48:08.456Z"}
{"level":"warn","message":"HB: No response the last 2 sec, client timeout!","timestamp":"2017-03-03T15:48:10.960Z"}
{"level":"warn","message":"HB: No response the last 2 sec, client timeout!","timestamp":"2017-03-03T15:48:13.463Z"}
{"level":"warn","message":"HB: No response the last 2 sec, client timeout!","timestamp":"2017-03-03T15:48:15.966Z"}
{"level":"warn","message":"HB: No response the last 2 sec, client timeout!","timestamp":"2017-03-03T15:48:18.472Z"}
{"level":"warn","message":"HB: No response the last 2 sec, client timeout!","timestamp":"2017-03-03T15:48:20.976Z"}
{"level":"warn","message":"HB: No response the last 2 sec, client timeout!","timestamp":"2017-03-03T15:48:23.481Z"}
{"level":"warn","message":"HB: No response the last 2 sec, client timeout!","timestamp":"2017-03-03T15:48:25.986Z"}
{"level":"warn","message":"HB: No response the last 2 sec, client timeout!","timestamp":"2017-03-03T15:48:28.490Z"}
{"level":"warn","message":"HB: No response the last 2 sec, client timeout!","timestamp":"2017-03-03T15:48:30.994Z"}
{"level":"warn","message":"HB: No response the last 2 sec, client timeout!","timestamp":"2017-03-03T15:48:33.499Z"}
{"level":"warn","message":"HB: No response the last 2 sec, client timeout!","timestamp":"2017-03-03T15:48:36.003Z"}
{"level":"warn","message":"HB: No response the last 2 sec, client timeout!","timestamp":"2017-03-03T15:48:38.508Z"}
{"level":"warn","message":"HB: No response the last 2 sec, client timeout!","timestamp":"2017-03-03T15:48:41.013Z"}
{"level":"warn","message":"HB: No response the last 2 sec, client timeout!","timestamp":"2017-03-03T15:48:43.517Z"}
{"level":"warn","message":"HB: No response the last 2 sec, client timeout!","timestamp":"2017-03-03T15:48:46.022Z"}
{"level":"warn","message":"HB: No response the last 2 sec, client timeout!","timestamp":"2017-03-03T15:48:48.527Z"}
{"level":"warn","message":"HB: No response the last 2 sec, client timeout!","timestamp":"2017-03-03T15:48:51.031Z"}
{"level":"warn","message":"HB: No response the last 2 sec, client timeout!","timestamp":"2017-03-03T15:48:53.535Z"}
{"level":"warn","message":"HB: No response the last 2 sec, client timeout!","timestamp":"2017-03-03T15:48:56.038Z"}
{"level":"warn","message":"HB: No response the last 2 sec, client timeout!","timestamp":"2017-03-03T15:48:58.545Z"}
{"level":"warn","message":"HB: No response the last 2 sec, client timeout!","timestamp":"2017-03-03T15:49:01.048Z"}
{"level":"warn","message":"HB: No response the last 2 sec, client timeout!","timestamp":"2017-03-03T15:49:03.553Z"}
{"level":"warn","message":"HB: No response the last 2 sec, client timeout!","timestamp":"2017-03-03T15:49:06.057Z"}
{"level":"warn","message":"HB: No response the last 2 sec, client timeout!","timestamp":"2017-03-03T15:49:08.561Z"}
{"level":"warn","message":"HB: No response the last 2 sec, client timeout!","timestamp":"2017-03-03T15:49:11.066Z"}
{"level":"warn","message":"HB: No response the last 2 sec, client timeout!","timestamp":"2017-03-03T15:49:13.570Z"}
{"level":"warn","message":"HB: No response the last 2 sec, client timeout!","timestamp":"2017-03-03T15:49:16.075Z"}
{"level":"warn","message":"HB: No response the last 2 sec, client timeout!","timestamp":"2017-03-03T15:49:18.579Z"}
{"level":"warn","message":"HB: No response the last 2 sec, client timeout!","timestamp":"2017-03-03T15:49:21.084Z"}
{"level":"warn","message":"HB: No response the last 2 sec, client timeout!","timestamp":"2017-03-03T15:49:23.598Z"}
{"level":"warn","message":"HB: No response the last 2 sec, client timeout!","timestamp":"2017-03-03T15:49:26.102Z"}
{"level":"warn","message":"HB: No response the last 2 sec, client timeout!","timestamp":"2017-03-03T15:49:28.606Z"}
{"level":"warn","message":"HB: No response the last 2 sec, client timeout!","timestamp":"2017-03-03T15:49:31.111Z"}
{"level":"warn","message":"HB: No response the last 2 sec, client timeout!","timestamp":"2017-03-03T15:49:33.614Z"}
{"level":"warn","message":"HB: No response the last 2 sec, client timeout!","timestamp":"2017-03-03T15:49:36.119Z"}
{"level":"warn","message":"HB: No response the last 2 sec, client timeout!","timestamp":"2017-03-03T15:49:38.623Z"}
{"level":"warn","message":"HB: No response the last 2 sec, client timeout!","timestamp":"2017-03-03T15:49:41.128Z"}
{"level":"warn","message":"HB: No response the last 2 sec, client timeout!","timestamp":"2017-03-03T15:49:43.632Z"}
{"level":"warn","message":"HB: No response the last 2 sec, client timeout!","timestamp":"2017-03-03T15:49:46.136Z"}
{"level":"warn","message":"HB: No response the last 2 sec, client timeout!","timestamp":"2017-03-03T15:49:48.640Z"}
{"level":"warn","message":"HB: No response the last 2 sec, client timeout!","timestamp":"2017-03-03T15:49:51.144Z"}
{"level":"warn","message":"HB: No response the last 2 sec, client timeout!","timestamp":"2017-03-03T15:49:53.649Z"}
{"level":"warn","message":"HB: No response the last 2 sec, client timeout!","timestamp":"2017-03-03T15:49:56.153Z"}
{"level":"warn","message":"HB: No response the last 2 sec, client timeout!","timestamp":"2017-03-03T15:49:58.658Z"}
{"level":"warn","message":"HB: No response the last 2 sec, client timeout!","timestamp":"2017-03-03T15:50:01.162Z"}
{"level":"warn","message":"HB: No response the last 2 sec, client timeout!","timestamp":"2017-03-03T15:50:03.667Z"}
{"level":"warn","message":"HB: No response the last 2 sec, client timeout!","timestamp":"2017-03-03T15:50:06.171Z"}
{"level":"warn","message":"HB: No response the last 2 sec, client timeout!","timestamp":"2017-03-03T15:50:08.676Z"}
{"level":"warn","message":"HB: No response the last 2 sec, client timeout!","timestamp":"2017-03-03T15:50:11.180Z"}
{"level":"warn","message":"HB: No response the last 2 sec, client timeout!","timestamp":"2017-03-03T15:50:13.685Z"}
{"level":"warn","message":"HB: No response the last 2 sec, client timeout!","timestamp":"2017-03-03T15:50:16.189Z"}
{"level":"warn","message":"HB: No response the last 2 sec, client timeout!","timestamp":"2017-03-03T15:50:18.693Z"}
{"level":"warn","message":"HB: No response the last 2 sec, client timeout!","timestamp":"2017-03-03T15:50:21.197Z"}
{"level":"warn","message":"HB: No response the last 2 sec, client timeout!","timestamp":"2017-03-03T15:50:23.702Z"}
{"level":"warn","message":"HB: No response the last 2 sec, client timeout!","timestamp":"2017-03-03T15:50:26.206Z"}
{"level":"warn","message":"HB: No response the last 2 sec, client timeout!","timestamp":"2017-03-03T15:50:28.710Z"}
{"level":"warn","message":"HB: No response the last 2 sec, client timeout!","timestamp":"2017-03-03T15:50:31.214Z"}
{"level":"warn","message":"HB: No response the last 2 sec, client timeout!","timestamp":"2017-03-03T15:50:33.717Z"}
{"level":"warn","message":"HB: No response the last 2 sec, client timeout!","timestamp":"2017-03-03T15:50:36.222Z"}
{"level":"warn","message":"HB: No response the last 2 sec, client timeout!","timestamp":"2017-03-03T15:50:38.726Z"}
{"level":"warn","message":"HB: No response the last 2 sec, client timeout!","timestamp":"2017-03-03T15:50:41.231Z"}
{"level":"warn","message":"HB: No response the last 2 sec, client timeout!","timestamp":"2017-03-03T15:50:43.735Z"}
{"level":"warn","message":"HB: No response the last 2 sec, client timeout!","timestamp":"2017-03-03T15:50:46.240Z"}
{"level":"warn","message":"HB: No response the last 2 sec, client timeout!","timestamp":"2017-03-03T15:50:48.744Z"}
{"level":"warn","message":"HB: No response the last 2 sec, client timeout!","timestamp":"2017-03-03T15:50:51.249Z"}
{"level":"warn","message":"HB: No response the last 2 sec, client timeout!","timestamp":"2017-03-03T15:50:53.753Z"}
{"level":"warn","message":"HB: No response the last 2 sec, client timeout!","timestamp":"2017-03-03T15:50:56.256Z"}
{"level":"warn","message":"HB: No response the last 2 sec, client timeout!","timestamp":"2017-03-03T15:50:58.761Z"}
{"level":"warn","message":"HB: No response the last 2 sec, client timeout!","timestamp":"2017-03-03T15:51:01.266Z"}
{"level":"warn","message":"HB: No response the last 2 sec, client timeout!","timestamp":"2017-03-03T15:51:03.770Z"}
{"level":"warn","message":"HB: No response the last 2 sec, client timeout!","timestamp":"2017-03-03T15:51:06.274Z"}
{"level":"warn","message":"HB: No response the last 2 sec, client timeout!","timestamp":"2017-03-03T15:51:08.779Z"}
{"level":"warn","message":"HB: No response the last 2 sec, client timeout!","timestamp":"2017-03-03T15:51:11.282Z"}
{"level":"warn","message":"HB: No response the last 2 sec, client timeout!","timestamp":"2017-03-03T15:51:13.787Z"}
{"level":"warn","message":"HB: No response the last 2 sec, client timeout!","timestamp":"2017-03-03T15:51:16.290Z"}
{"level":"warn","message":"HB: No response the last 2 sec, client timeout!","timestamp":"2017-03-03T15:51:18.795Z"}
{"level":"warn","message":"HB: No response the last 2 sec, client timeout!","timestamp":"2017-03-03T15:51:21.298Z"}
{"level":"warn","message":"HB: No response the last 2 sec, client timeout!","timestamp":"2017-03-03T15:51:23.803Z"}
{"level":"warn","message":"HB: No response the last 2 sec, client timeout!","timestamp":"2017-03-03T15:51:26.306Z"}
{"level":"warn","message":"HB: No response the last 2 sec, client timeout!","timestamp":"2017-03-03T15:51:28.811Z"}
{"level":"warn","message":"HB: No response the last 2 sec, client timeout!","timestamp":"2017-03-03T15:51:31.314Z"}
{"level":"warn","message":"HB: No response the last 2 sec, client timeout!","timestamp":"2017-03-03T15:51:33.817Z"}
{"level":"warn","message":"HB: No response the last 2 sec, client timeout!","timestamp":"2017-03-03T15:51:36.320Z"}
{"level":"warn","message":"HB: No response the last 2 sec, client timeout!","timestamp":"2017-03-03T15:51:38.825Z"}
{"level":"warn","message":"HB: No response the last 2 sec, client timeout!","timestamp":"2017-03-03T15:51:41.329Z"}
{"level":"warn","message":"HB: No response the last 2 sec, client timeout!","timestamp":"2017-03-03T15:51:43.832Z"}
{"level":"warn","message":"HB: No response the last 2 sec, client timeout!","timestamp":"2017-03-03T15:51:46.336Z"}
{"level":"warn","message":"HB: No response the last 2 sec, client timeout!","timestamp":"2017-03-03T15:51:48.840Z"}
{"level":"warn","message":"HB: No response the last 2 sec, client timeout!","timestamp":"2017-03-03T15:51:51.344Z"}
{"level":"warn","message":"HB: No response the last 2 sec, client timeout!","timestamp":"2017-03-03T15:51:53.848Z"}
{"level":"warn","message":"HB: No response the last 2 sec, client timeout!","timestamp":"2017-03-03T15:51:56.352Z"}
{"level":"warn","message":"HB: No response the last 2 sec, client timeout!","timestamp":"2017-03-03T15:51:58.856Z"}
{"level":"warn","message":"HB: No response the last 2 sec, client timeout!","timestamp":"2017-03-03T15:52:01.361Z"}
{"level":"warn","message":"HB: No response the last 2 sec, client timeout!","timestamp":"2017-03-03T15:52:03.865Z"}
{"level":"warn","message":"HB: No response the last 2 sec, client timeout!","timestamp":"2017-03-03T15:52:06.370Z"}
{"level":"warn","message":"HB: No response the last 2 sec, client timeout!","timestamp":"2017-03-03T15:52:08.873Z"}
{"level":"warn","message":"HB: No response the last 2 sec, client timeout!","timestamp":"2017-03-03T15:52:11.378Z"}
{"level":"warn","message":"HB: No response the last 2 sec, client timeout!","timestamp":"2017-03-03T15:52:13.881Z"}
{"level":"warn","message":"HB: No response the last 2 sec, client timeout!","timestamp":"2017-03-03T15:52:16.386Z"}
{"level":"warn","message":"HB: No response the last 2 sec, client timeout!","timestamp":"2017-03-03T15:52:18.891Z"}
{"level":"warn","message":"HB: No response the last 2 sec, client timeout!","timestamp":"2017-03-03T15:52:21.395Z"}
{"level":"warn","message":"HB: No response the last 2 sec, client timeout!","timestamp":"2017-03-03T15:52:23.900Z"}
{"level":"warn","message":"HB: No response the last 2 sec, client timeout!","timestamp":"2017-03-03T15:52:26.408Z"}
{"level":"warn","message":"HB: No response the last 2 sec, client timeout!","timestamp":"2017-03-03T15:52:28.912Z"}
{"level":"warn","message":"HB: No response the last 2 sec, client timeout!","timestamp":"2017-03-03T15:52:31.417Z"}
{"level":"warn","message":"HB: No response the last 2 sec, client timeout!","timestamp":"2017-03-03T15:52:33.921Z"}
{"level":"warn","message":"HB: No response the last 2 sec, client timeout!","timestamp":"2017-03-03T15:52:36.426Z"}
{"level":"warn","message":"HB: No response the last 2 sec, client timeout!","timestamp":"2017-03-03T15:52:38.929Z"}
{"level":"warn","message":"HB: No response the last 2 sec, client timeout!","timestamp":"2017-03-03T15:52:41.434Z"}
{"level":"warn","message":"HB: No response the last 2 sec, client timeout!","timestamp":"2017-03-03T15:52:43.937Z"}
{"level":"warn","message":"HB: No response the last 2 sec, client timeout!","timestamp":"2017-03-03T15:52:46.442Z"}
{"level":"warn","message":"HB: No response the last 2 sec, client timeout!","timestamp":"2017-03-03T15:52:48.946Z"}
{"level":"warn","message":"HB: No response the last 2 sec, client timeout!","timestamp":"2017-03-03T15:52:51.450Z"}
{"level":"warn","message":"HB: No response the last 2 sec, client timeout!","timestamp":"2017-03-03T15:52:53.955Z"}
{"level":"warn","message":"HB: No response the last 2 sec, client timeout!","timestamp":"2017-03-03T15:52:56.459Z"}
{"level":"warn","message":"HB: No response the last 2 sec, client timeout!","timestamp":"2017-03-03T15:52:58.964Z"}
{"level":"warn","message":"HB: No response the last 2 sec, client timeout!","timestamp":"2017-03-03T15:53:01.468Z"}
{"level":"warn","message":"HB: No response the last 2 sec, client timeout!","timestamp":"2017-03-03T15:53:03.973Z"}
{"level":"warn","message":"HB: No response the last 2 sec, client timeout!","timestamp":"2017-03-03T15:53:06.477Z"}
{"level":"warn","message":"HB: No response the last 2 sec, client timeout!","timestamp":"2017-03-03T15:53:08.982Z"}
{"level":"warn","message":"HB: No response the last 2 sec, client timeout!","timestamp":"2017-03-03T15:53:11.486Z"}
{"level":"warn","message":"HB: No response the last 2 sec, client timeout!","timestamp":"2017-03-03T15:53:13.990Z"}
{"level":"warn","message":"HB: No response the last 2 sec, client timeout!","timestamp":"2017-03-03T15:53:16.494Z"}
{"level":"warn","message":"HB: No response the last 2 sec, client timeout!","timestamp":"2017-03-03T15:53:18.999Z"}
{"level":"warn","message":"HB: No response the last 2 sec, client timeout!","timestamp":"2017-03-03T15:53:21.503Z"}
{"level":"warn","message":"HB: No response the last 2 sec, client timeout!","timestamp":"2017-03-03T15:53:24.008Z"}
{"level":"warn","message":"HB: No response the last 2 sec, client timeout!","timestamp":"2017-03-03T15:53:26.512Z"}
{"level":"warn","message":"HB: No response the last 2 sec, client timeout!","timestamp":"2017-03-03T15:53:29.017Z"}
{"level":"warn","message":"HB: No response the last 2 sec, client timeout!","timestamp":"2017-03-03T15:53:31.520Z"}
{"level":"warn","message":"HB: No response the last 2 sec, client timeout!","timestamp":"2017-03-03T15:53:34.025Z"}
{"level":"warn","message":"HB: No response the last 2 sec, client timeout!","timestamp":"2017-03-03T15:53:36.530Z"}
{"level":"warn","message":"HB: No response the last 2 sec, client timeout!","timestamp":"2017-03-03T15:53:39.034Z"}
{"level":"info","message":"Initializing NodeROV","timestamp":"2017-03-03T15:53:43.404Z"}
{"level":"info","message":"PWM Initialized & Ready","timestamp":"2017-03-03T15:53:43.439Z"}
{"level":"info","message":"Starting webserver","timestamp":"2017-03-03T15:53:43.440Z"}
{"level":"info","message":"Websocket: Listning on 3001","timestamp":"2017-03-03T15:53:43.497Z"}
{"level":"info","message":"Webserver started on port 3000","timestamp":"2017-03-03T15:53:43.507Z"}
{"level":"info","message":"Initializing NodeROV","timestamp":"2017-03-03T15:55:02.477Z"}
{"level":"info","message":"PWM Initialized & Ready","timestamp":"2017-03-03T15:55:02.510Z"}
{"level":"info","message":"Starting webserver","timestamp":"2017-03-03T15:55:02.512Z"}
{"level":"info","message":"Websocket: Listning on 3001","timestamp":"2017-03-03T15:55:02.569Z"}
{"level":"info","message":"Webserver started on port 3000","timestamp":"2017-03-03T15:55:02.580Z"}
{"level":"info","message":"Initializing NodeROV","timestamp":"2017-03-03T15:55:42.709Z"}
{"level":"info","message":"PWM Initialized & Ready","timestamp":"2017-03-03T15:55:42.745Z"}
{"level":"info","message":"Starting webserver","timestamp":"2017-03-03T15:55:42.746Z"}
{"level":"info","message":"Websocket: Listning on 3001","timestamp":"2017-03-03T15:55:42.802Z"}
{"level":"info","message":"Webserver started on port 3000","timestamp":"2017-03-03T15:55:42.825Z"}
{"level":"info","message":"Initializing NodeROV","timestamp":"2017-03-03T15:55:57.267Z"}
{"level":"info","message":"PWM Initialized & Ready","timestamp":"2017-03-03T15:55:57.300Z"}
{"level":"info","message":"Starting webserver","timestamp":"2017-03-03T15:55:57.302Z"}
{"level":"info","message":"Websocket: Listning on 3001","timestamp":"2017-03-03T15:55:57.359Z"}
{"level":"info","message":"Webserver started on port 3000","timestamp":"2017-03-03T15:55:57.381Z"}
{"level":"info","message":"Initializing NodeROV","timestamp":"2017-03-03T15:59:06.793Z"}
{"level":"info","message":"PWM Initialized & Ready","timestamp":"2017-03-03T15:59:06.831Z"}
{"level":"info","message":"Starting webserver","timestamp":"2017-03-03T15:59:06.833Z"}
{"level":"info","message":"Websocket: Listning on 3001","timestamp":"2017-03-03T15:59:06.890Z"}
{"level":"info","message":"Webserver started on port 3000","timestamp":"2017-03-03T15:59:06.912Z"}
{"level":"info","message":"Initializing NodeROV","timestamp":"2017-03-03T15:59:31.450Z"}
{"level":"info","message":"PWM Initialized & Ready","timestamp":"2017-03-03T15:59:31.491Z"}
{"level":"info","message":"Starting webserver","timestamp":"2017-03-03T15:59:31.492Z"}
{"level":"info","message":"Websocket: Listning on 3001","timestamp":"2017-03-03T15:59:31.550Z"}
{"level":"info","message":"Webserver started on port 3000","timestamp":"2017-03-03T15:59:31.573Z"}
{"level":"info","message":"Initializing NodeROV","timestamp":"2017-03-03T16:00:39.398Z"}
{"level":"info","message":"PWM Initialized & Ready","timestamp":"2017-03-03T16:00:39.438Z"}
{"level":"info","message":"Starting webserver","timestamp":"2017-03-03T16:00:39.440Z"}
{"level":"info","message":"Websocket: Listning on 3001","timestamp":"2017-03-03T16:00:39.497Z"}
{"level":"info","message":"Webserver started on port 3000","timestamp":"2017-03-03T16:00:39.519Z"}
{"level":"info","message":"Initializing NodeROV","timestamp":"2017-03-03T16:01:18.436Z"}
{"level":"info","message":"PWM Initialized & Ready","timestamp":"2017-03-03T16:01:18.477Z"}
{"level":"info","message":"Starting webserver","timestamp":"2017-03-03T16:01:18.479Z"}
{"level":"info","message":"Websocket: Listning on 3001","timestamp":"2017-03-03T16:01:18.536Z"}
{"level":"info","message":"Webserver started on port 3000","timestamp":"2017-03-03T16:01:18.559Z"}
{"level":"info","message":"Initializing NodeROV","timestamp":"2017-03-03T16:01:53.602Z"}
{"level":"info","message":"PWM Initialized & Ready","timestamp":"2017-03-03T16:01:53.643Z"}
{"level":"info","message":"Starting webserver","timestamp":"2017-03-03T16:01:53.645Z"}
{"level":"info","message":"Websocket: Listning on 3001","timestamp":"2017-03-03T16:01:53.701Z"}
{"level":"info","message":"Webserver started on port 3000","timestamp":"2017-03-03T16:01:53.724Z"}
{"level":"info","message":"Initializing NodeROV","timestamp":"2017-03-03T16:02:37.945Z"}
{"level":"info","message":"PWM Initialized & Ready","timestamp":"2017-03-03T16:02:37.985Z"}
{"level":"info","message":"Starting webserver","timestamp":"2017-03-03T16:02:37.986Z"}
{"level":"info","message":"Websocket: Listning on 3001","timestamp":"2017-03-03T16:02:38.043Z"}
{"level":"info","message":"Webserver started on port 3000","timestamp":"2017-03-03T16:02:38.065Z"}
{"level":"info","message":"Initializing NodeROV","timestamp":"2017-03-03T16:03:04.866Z"}
{"level":"info","message":"PWM Initialized & Ready","timestamp":"2017-03-03T16:03:04.906Z"}
{"level":"info","message":"Starting webserver","timestamp":"2017-03-03T16:03:04.908Z"}
{"level":"info","message":"Websocket: Listning on 3001","timestamp":"2017-03-03T16:03:04.964Z"}
{"level":"info","message":"Webserver started on port 3000","timestamp":"2017-03-03T16:03:04.986Z"}
                                                                                                                                                                                                                                                                                                                                                                                                                                                                                                                                                                                                                                                                                                                                                                                                                                                                                                                                                                                                                                                                   {"level":"info","message":"Initializing NodeROV","timestamp":"2017-03-03T16:33:35.458Z"}
{"level":"info","message":"PWM Initialized & Ready","timestamp":"2017-03-03T16:33:35.499Z"}
{"level":"info","message":"Starting webserver","timestamp":"2017-03-03T16:33:35.501Z"}
{"level":"info","message":"Websocket: Listning on 3001","timestamp":"2017-03-03T16:33:35.558Z"}
{"level":"info","message":"Webserver started on port 3000","timestamp":"2017-03-03T16:33:35.581Z"}
{"level":"info","message":"Websocket: Remote connection from: ::ffff:10.0.1.73:58795","timestamp":"2017-03-03T16:33:39.066Z"}
{"level":"info","message":"Websocket: Starting heartbeat","timestamp":"2017-03-03T16:33:39.070Z"}
{"level":"info","message":"Initializing NodeROV","timestamp":"2017-03-03T16:44:09.464Z"}
{"level":"info","message":"PWM Initialized & Ready","timestamp":"2017-03-03T16:44:09.504Z"}
{"level":"info","message":"Starting webserver","timestamp":"2017-03-03T16:44:09.506Z"}
{"level":"info","message":"Websocket: Listning on 3001","timestamp":"2017-03-03T16:44:09.563Z"}
{"level":"info","message":"Webserver started on port 3000","timestamp":"2017-03-03T16:44:09.585Z"}
{"level":"info","message":"Websocket: Remote connection from: ::ffff:10.0.1.73:59077","timestamp":"2017-03-03T16:44:13.747Z"}
{"level":"info","message":"Websocket: Starting heartbeat","timestamp":"2017-03-03T16:44:13.752Z"}
{"level":"info","message":"Initializing NodeROV","timestamp":"2017-03-03T16:46:05.270Z"}
{"level":"info","message":"PWM Initialized & Ready","timestamp":"2017-03-03T16:46:05.311Z"}
{"level":"info","message":"Starting webserver","timestamp":"2017-03-03T16:46:05.313Z"}
{"level":"info","message":"Websocket: Listning on 3001","timestamp":"2017-03-03T16:46:05.375Z"}
{"level":"info","message":"Webserver started on port 3000","timestamp":"2017-03-03T16:46:05.398Z"}
{"level":"info","message":"Websocket: Remote connection from: ::ffff:10.0.1.73:59115","timestamp":"2017-03-03T16:46:14.872Z"}
{"level":"info","message":"Websocket: Starting heartbeat","timestamp":"2017-03-03T16:46:14.877Z"}
{"level":"info","message":"Initializing NodeROV","timestamp":"2017-03-03T16:51:23.639Z"}
{"level":"info","message":"PWM Initialized & Ready","timestamp":"2017-03-03T16:51:23.680Z"}
{"level":"info","message":"Starting webserver","timestamp":"2017-03-03T16:51:23.682Z"}
{"level":"info","message":"Websocket: Listning on 3001","timestamp":"2017-03-03T16:51:23.739Z"}
{"level":"info","message":"Webserver started on port 3000","timestamp":"2017-03-03T16:51:23.761Z"}
{"level":"info","message":"Websocket: Remote connection from: ::ffff:10.0.1.73:59256","timestamp":"2017-03-03T16:51:27.301Z"}
{"level":"info","message":"Websocket: Starting heartbeat","timestamp":"2017-03-03T16:51:27.315Z"}
{"level":"info","message":"Websocket: Remote connection from: ::ffff:10.0.1.73:59262","timestamp":"2017-03-03T16:51:48.022Z"}
{"level":"info","message":"Websocket: Starting heartbeat","timestamp":"2017-03-03T16:51:48.024Z"}
{"level":"warn","message":"HB: No response the last 2 sec, client timeout!","timestamp":"2017-03-03T16:51:49.345Z"}
{"level":"info","message":"Initializing NodeROV","timestamp":"2017-03-03T16:54:37.132Z"}
{"level":"info","message":"PWM Initialized & Ready","timestamp":"2017-03-03T16:54:37.173Z"}
{"level":"info","message":"Starting webserver","timestamp":"2017-03-03T16:54:37.175Z"}
{"level":"info","message":"Websocket: Listning on 3001","timestamp":"2017-03-03T16:54:37.231Z"}
{"level":"info","message":"Webserver started on port 3000","timestamp":"2017-03-03T16:54:37.254Z"}
{"level":"info","message":"Websocket: Remote connection from: ::ffff:10.0.1.73:59307","timestamp":"2017-03-03T16:54:43.948Z"}
{"level":"info","message":"Websocket: Starting heartbeat","timestamp":"2017-03-03T16:54:43.953Z"}
{"level":"info","message":"Initializing NodeROV","timestamp":"2017-03-03T16:58:13.384Z"}
{"level":"info","message":"PWM Initialized & Ready","timestamp":"2017-03-03T16:58:13.425Z"}
{"level":"info","message":"Starting webserver","timestamp":"2017-03-03T16:58:13.427Z"}
{"level":"info","message":"Websocket: Listning on 3001","timestamp":"2017-03-03T16:58:13.483Z"}
{"level":"info","message":"Webserver started on port 3000","timestamp":"2017-03-03T16:58:13.506Z"}
{"level":"info","message":"Websocket: Remote connection from: ::ffff:10.0.1.73:59368","timestamp":"2017-03-03T16:58:15.163Z"}
{"level":"info","message":"Websocket: Starting heartbeat","timestamp":"2017-03-03T16:58:15.167Z"}
{"level":"warn","message":"HB: No response the last 2 sec, client timeout!","timestamp":"2017-03-03T16:58:41.211Z"}
{"level":"warn","message":"HB: Last response was not expected. Disregarding it. (1488560319207)","timestamp":"2017-03-03T16:58:41.555Z"}
{"level":"warn","message":"HB: No response the last 2 sec, client timeout!","timestamp":"2017-03-03T16:58:45.716Z"}
{"level":"warn","message":"HB: Last response was not expected. Disregarding it. (1488560323714)","timestamp":"2017-03-03T16:58:46.352Z"}
{"level":"warn","message":"HB: No response the last 2 sec, client timeout!","timestamp":"2017-03-03T16:58:52.219Z"}
{"level":"warn","message":"HB: Last response was not expected. Disregarding it. (1488560330216)","timestamp":"2017-03-03T16:58:52.306Z"}
{"level":"warn","message":"HB: No response the last 2 sec, client timeout!","timestamp":"2017-03-03T16:59:05.232Z"}
{"level":"warn","message":"HB: Last response was not expected. Disregarding it. (1488560343230)","timestamp":"2017-03-03T16:59:05.393Z"}
