{"level":"info","message":"Initializing ROV Class","timestamp":"2017-03-22T18:00:25.187Z"}
{"level":"info","message":"ROV has been DISARMED","timestamp":"2017-03-22T18:00:25.215Z"}
{"level":"info","message":"PWM & ROV Initialized & Ready","timestamp":"2017-03-22T18:00:25.223Z"}
{"level":"info","message":"MS5387: CRC4 check success and intializing.","timestamp":"2017-03-22T18:00:25.243Z"}
{"level":"info","message":"Starting webserver","timestamp":"2017-03-22T18:00:25.249Z"}
{"level":"info","message":"Websocket: Listning on 81","timestamp":"2017-03-22T18:00:25.282Z"}
{"level":"info","message":"Webserver started on port 80","timestamp":"2017-03-22T18:00:25.291Z"}
{"level":"info","message":"Websocket: Remote connection from: ::ffff:10.0.1.142:51302","timestamp":"2017-03-22T18:00:28.521Z"}
{"level":"info","message":"Websocket: Starting heartbeat","timestamp":"2017-03-22T18:00:28.524Z"}
{"level":"info","message":"CLIENT: 1490205622157 WebSocket: Connected to 10.0.1.246:81","timestamp":"2017-03-22T18:00:28.535Z"}
{"level":"info","message":"Initializing ROV Class","timestamp":"2017-03-22T18:02:09.190Z"}
{"level":"info","message":"ROV has been DISARMED","timestamp":"2017-03-22T18:02:09.220Z"}
{"level":"info","message":"PWM & ROV Initialized & Ready","timestamp":"2017-03-22T18:02:09.228Z"}
{"level":"info","message":"MS5387: CRC4 check success and intializing.","timestamp":"2017-03-22T18:02:09.248Z"}
{"level":"info","message":"Starting webserver","timestamp":"2017-03-22T18:02:09.255Z"}
{"level":"info","message":"Websocket: Listning on 81","timestamp":"2017-03-22T18:02:09.293Z"}
{"level":"info","message":"Webserver started on port 80","timestamp":"2017-03-22T18:02:09.302Z"}
{"level":"info","message":"Websocket: Remote connection from: ::ffff:10.0.1.142:51305","timestamp":"2017-03-22T18:02:15.073Z"}
{"level":"info","message":"Websocket: Starting heartbeat","timestamp":"2017-03-22T18:02:15.076Z"}
{"level":"info","message":"CLIENT: 1490205737914 WebSocket: Connected to 10.0.1.246:81","timestamp":"2017-03-22T18:02:15.086Z"}
{"level":"info","message":"CLIENT: 1490205756086 Video: Lost connection with socket on 10.0.1.246:82, reconnecting in 5 seconds.","timestamp":"2017-03-22T18:02:42.517Z"}
{"level":"info","message":"CLIENT: 1490205761087 Video: Reconnecting to 10.0.1.246:82","timestamp":"2017-03-22T18:02:47.460Z"}
{"level":"info","message":"CLIENT: 1490205761134 Video Streamer Service - Connected","timestamp":"2017-03-22T18:02:47.537Z"}
{"level":"info","message":"CLIENT: 1490205761183 Video Streamer Service: Starting data stream without recording","timestamp":"2017-03-22T18:02:47.556Z"}
{"level":"warn","message":"HB: No response the last 2 sec, client timeout!","timestamp":"2017-03-22T18:15:39.907Z"}
{"level":"warn","message":"HB: No response the last 2 sec, client timeout!","timestamp":"2017-03-22T18:15:42.950Z"}
{"level":"warn","message":"HB: Last response was not expected. Disregarding it. (1490206537857)","timestamp":"2017-03-22T18:15:44.921Z"}
{"level":"warn","message":"HB: Last response was not expected. Disregarding it. (1490206540909)","timestamp":"2017-03-22T18:15:44.923Z"}
{"level":"warn","message":"HB: No response the last 2 sec, client timeout!","timestamp":"2017-03-22T18:16:08.328Z"}
{"level":"warn","message":"HB: No response the last 2 sec, client timeout!","timestamp":"2017-03-22T18:16:12.366Z"}
{"level":"warn","message":"HB: No response the last 2 sec, client timeout!","timestamp":"2017-03-22T18:16:15.410Z"}
{"level":"warn","message":"HB: No response the last 2 sec, client timeout!","timestamp":"2017-03-22T18:16:18.463Z"}
{"level":"warn","message":"HB: No response the last 2 sec, client timeout!","timestamp":"2017-03-22T18:16:22.566Z"}
{"level":"info","message":"Websocket: Remote connection from: ::ffff:10.0.1.142:51383","timestamp":"2017-03-22T18:16:23.147Z"}
{"level":"info","message":"Websocket: Starting heartbeat","timestamp":"2017-03-22T18:16:23.148Z"}
{"level":"info","message":"CLIENT: 1490206576803 WebSocket: Connected to 10.0.1.246:81","timestamp":"2017-03-22T18:16:23.219Z"}
{"level":"warn","message":"HB: No response the last 2 sec, client timeout!","timestamp":"2017-03-22T18:19:52.053Z"}
{"level":"warn","message":"HB: Last response was not expected. Disregarding it. (1490206789999)","timestamp":"2017-03-22T18:19:53.163Z"}
{"level":"warn","message":"HB: No response the last 2 sec, client timeout!","timestamp":"2017-03-22T18:31:01.889Z"}
{"level":"warn","message":"HB: Last response was not expected. Disregarding it. (1490207459839)","timestamp":"2017-03-22T18:31:01.915Z"}
{"level":"warn","message":"HB: No response the last 2 sec, client timeout!","timestamp":"2017-03-22T18:31:11.046Z"}
{"level":"warn","message":"HB: No response the last 2 sec, client timeout!","timestamp":"2017-03-22T18:31:14.098Z"}
{"level":"warn","message":"HB: No response the last 2 sec, client timeout!","timestamp":"2017-03-22T18:31:17.170Z"}
{"level":"info","message":"Websocket: Remote connection from: ::ffff:10.0.1.142:51525","timestamp":"2017-03-22T18:31:20.313Z"}
{"level":"info","message":"Websocket: Starting heartbeat","timestamp":"2017-03-22T18:31:20.314Z"}
{"level":"warn","message":"HB: No response the last 2 sec, client timeout!","timestamp":"2017-03-22T18:31:20.316Z"}
{"level":"info","message":"CLIENT: 1490207480349 WebSocket: Connected to 10.0.1.246:81","timestamp":"2017-03-22T18:31:20.403Z"}
{"level":"warn","message":"HB: No response the last 2 sec, client timeout!","timestamp":"2017-03-22T18:33:41.027Z"}
{"level":"warn","message":"HB: No response the last 2 sec, client timeout!","timestamp":"2017-03-22T18:33:44.089Z"}
{"level":"warn","message":"HB: No response the last 2 sec, client timeout!","timestamp":"2017-03-22T18:33:48.142Z"}
{"level":"warn","message":"HB: No response the last 2 sec, client timeout!","timestamp":"2017-03-22T18:33:51.192Z"}
{"level":"warn","message":"HB: No response the last 2 sec, client timeout!","timestamp":"2017-03-22T18:33:54.194Z"}
{"level":"warn","message":"HB: No response the last 2 sec, client timeout!","timestamp":"2017-03-22T18:33:57.234Z"}
{"level":"warn","message":"HB: No response the last 2 sec, client timeout!","timestamp":"2017-03-22T18:34:00.291Z"}
{"level":"warn","message":"HB: No response the last 2 sec, client timeout!","timestamp":"2017-03-22T18:34:04.345Z"}
{"level":"warn","message":"HB: No response the last 2 sec, client timeout!","timestamp":"2017-03-22T18:34:07.346Z"}
{"level":"warn","message":"HB: No response the last 2 sec, client timeout!","timestamp":"2017-03-22T18:34:10.388Z"}
{"level":"warn","message":"HB: No response the last 2 sec, client timeout!","timestamp":"2017-03-22T18:34:13.439Z"}
{"level":"warn","message":"HB: No response the last 2 sec, client timeout!","timestamp":"2017-03-22T18:34:16.487Z"}
{"level":"warn","message":"HB: No response the last 2 sec, client timeout!","timestamp":"2017-03-22T18:34:19.523Z"}
{"level":"warn","message":"HB: No response the last 2 sec, client timeout!","timestamp":"2017-03-22T18:34:22.561Z"}
{"level":"warn","message":"HB: No response the last 2 sec, client timeout!","timestamp":"2017-03-22T18:34:25.604Z"}
{"level":"warn","message":"HB: No response the last 2 sec, client timeout!","timestamp":"2017-03-22T18:34:28.661Z"}
{"level":"warn","message":"HB: No response the last 2 sec, client timeout!","timestamp":"2017-03-22T18:34:32.714Z"}
{"level":"warn","message":"HB: No response the last 2 sec, client timeout!","timestamp":"2017-03-22T18:34:35.756Z"}
{"level":"warn","message":"HB: No response the last 2 sec, client timeout!","timestamp":"2017-03-22T18:34:38.757Z"}
{"level":"warn","message":"HB: No response the last 2 sec, client timeout!","timestamp":"2017-03-22T18:34:41.797Z"}
{"level":"warn","message":"HB: No response the last 2 sec, client timeout!","timestamp":"2017-03-22T18:34:44.847Z"}
{"level":"warn","message":"HB: No response the last 2 sec, client timeout!","timestamp":"2017-03-22T18:34:47.899Z"}
{"level":"warn","message":"HB: No response the last 2 sec, client timeout!","timestamp":"2017-03-22T18:34:50.945Z"}
{"level":"warn","message":"HB: No response the last 2 sec, client timeout!","timestamp":"2017-03-22T18:34:53.947Z"}
{"level":"warn","message":"HB: No response the last 2 sec, client timeout!","timestamp":"2017-03-22T18:34:57.984Z"}
{"level":"warn","message":"HB: No response the last 2 sec, client timeout!","timestamp":"2017-03-22T18:35:01.026Z"}
{"level":"warn","message":"HB: No response the last 2 sec, client timeout!","timestamp":"2017-03-22T18:35:04.068Z"}
{"level":"warn","message":"HB: No response the last 2 sec, client timeout!","timestamp":"2017-03-22T18:35:07.136Z"}
{"level":"warn","message":"HB: No response the last 2 sec, client timeout!","timestamp":"2017-03-22T18:35:10.180Z"}
{"level":"warn","message":"HB: No response the last 2 sec, client timeout!","timestamp":"2017-03-22T18:35:14.236Z"}
{"level":"warn","message":"HB: No response the last 2 sec, client timeout!","timestamp":"2017-03-22T18:35:17.237Z"}
{"level":"warn","message":"HB: No response the last 2 sec, client timeout!","timestamp":"2017-03-22T18:35:20.280Z"}
{"level":"warn","message":"HB: No response the last 2 sec, client timeout!","timestamp":"2017-03-22T18:35:24.387Z"}
{"level":"warn","message":"HB: No response the last 2 sec, client timeout!","timestamp":"2017-03-22T18:35:27.388Z"}
{"level":"warn","message":"HB: No response the last 2 sec, client timeout!","timestamp":"2017-03-22T18:35:30.425Z"}
{"level":"warn","message":"HB: No response the last 2 sec, client timeout!","timestamp":"2017-03-22T18:35:33.493Z"}
{"level":"warn","message":"HB: No response the last 2 sec, client timeout!","timestamp":"2017-03-22T18:35:36.550Z"}
{"level":"warn","message":"HB: No response the last 2 sec, client timeout!","timestamp":"2017-03-22T18:35:40.608Z"}
{"level":"warn","message":"HB: No response the last 2 sec, client timeout!","timestamp":"2017-03-22T18:35:44.666Z"}
{"level":"warn","message":"HB: No response the last 2 sec, client timeout!","timestamp":"2017-03-22T18:35:47.667Z"}
{"level":"warn","message":"HB: No response the last 2 sec, client timeout!","timestamp":"2017-03-22T18:35:50.708Z"}
{"level":"warn","message":"HB: No response the last 2 sec, client timeout!","timestamp":"2017-03-22T18:35:53.749Z"}
{"level":"warn","message":"HB: No response the last 2 sec, client timeout!","timestamp":"2017-03-22T18:35:56.796Z"}
{"level":"warn","message":"HB: No response the last 2 sec, client timeout!","timestamp":"2017-03-22T18:35:59.843Z"}
{"level":"warn","message":"HB: No response the last 2 sec, client timeout!","timestamp":"2017-03-22T18:36:02.896Z"}
{"level":"warn","message":"HB: No response the last 2 sec, client timeout!","timestamp":"2017-03-22T18:36:05.942Z"}
{"level":"warn","message":"HB: No response the last 2 sec, client timeout!","timestamp":"2017-03-22T18:36:10.004Z"}
{"level":"warn","message":"HB: No response the last 2 sec, client timeout!","timestamp":"2017-03-22T18:36:13.005Z"}
{"level":"warn","message":"HB: No response the last 2 sec, client timeout!","timestamp":"2017-03-22T18:36:16.045Z"}
{"level":"warn","message":"HB: No response the last 2 sec, client timeout!","timestamp":"2017-03-22T18:36:19.088Z"}
{"level":"warn","message":"HB: No response the last 2 sec, client timeout!","timestamp":"2017-03-22T18:36:22.090Z"}
{"level":"warn","message":"HB: No response the last 2 sec, client timeout!","timestamp":"2017-03-22T18:36:25.148Z"}
{"level":"warn","message":"HB: No response the last 2 sec, client timeout!","timestamp":"2017-03-22T18:36:29.192Z"}
{"level":"warn","message":"HB: No response the last 2 sec, client timeout!","timestamp":"2017-03-22T18:36:32.236Z"}
{"level":"warn","message":"HB: No response the last 2 sec, client timeout!","timestamp":"2017-03-22T18:36:35.285Z"}
{"level":"warn","message":"HB: No response the last 2 sec, client timeout!","timestamp":"2017-03-22T18:36:39.387Z"}
{"level":"warn","message":"HB: No response the last 2 sec, client timeout!","timestamp":"2017-03-22T18:36:42.446Z"}
{"level":"warn","message":"HB: No response the last 2 sec, client timeout!","timestamp":"2017-03-22T18:36:45.495Z"}
{"level":"warn","message":"HB: No response the last 2 sec, client timeout!","timestamp":"2017-03-22T18:36:49.549Z"}
{"level":"warn","message":"HB: No response the last 2 sec, client timeout!","timestamp":"2017-03-22T18:36:52.551Z"}
{"level":"warn","message":"HB: No response the last 2 sec, client timeout!","timestamp":"2017-03-22T18:36:55.596Z"}
{"level":"warn","message":"HB: No response the last 2 sec, client timeout!","timestamp":"2017-03-22T18:36:58.597Z"}
{"level":"warn","message":"HB: No response the last 2 sec, client timeout!","timestamp":"2017-03-22T18:37:01.654Z"}
{"level":"warn","message":"HB: No response the last 2 sec, client timeout!","timestamp":"2017-03-22T18:37:04.698Z"}
{"level":"warn","message":"HB: No response the last 2 sec, client timeout!","timestamp":"2017-03-22T18:37:07.700Z"}
{"level":"warn","message":"HB: No response the last 2 sec, client timeout!","timestamp":"2017-03-22T18:37:10.746Z"}
{"level":"warn","message":"HB: No response the last 2 sec, client timeout!","timestamp":"2017-03-22T18:37:13.788Z"}
{"level":"warn","message":"HB: No response the last 2 sec, client timeout!","timestamp":"2017-03-22T18:37:16.789Z"}
{"level":"warn","message":"HB: No response the last 2 sec, client timeout!","timestamp":"2017-03-22T18:37:19.844Z"}
{"level":"warn","message":"HB: No response the last 2 sec, client timeout!","timestamp":"2017-03-22T18:37:23.884Z"}
{"level":"warn","message":"HB: No response the last 2 sec, client timeout!","timestamp":"2017-03-22T18:37:27.924Z"}
{"level":"warn","message":"HB: No response the last 2 sec, client timeout!","timestamp":"2017-03-22T18:37:31.965Z"}
{"level":"warn","message":"HB: No response the last 2 sec, client timeout!","timestamp":"2017-03-22T18:37:36.053Z"}
{"level":"warn","message":"HB: No response the last 2 sec, client timeout!","timestamp":"2017-03-22T18:37:40.113Z"}
{"level":"warn","message":"HB: No response the last 2 sec, client timeout!","timestamp":"2017-03-22T18:37:43.114Z"}
{"level":"warn","message":"HB: No response the last 2 sec, client timeout!","timestamp":"2017-03-22T18:37:46.163Z"}
{"level":"warn","message":"HB: No response the last 2 sec, client timeout!","timestamp":"2017-03-22T18:37:49.208Z"}
{"level":"warn","message":"HB: No response the last 2 sec, client timeout!","timestamp":"2017-03-22T18:37:52.259Z"}
{"level":"warn","message":"HB: No response the last 2 sec, client timeout!","timestamp":"2017-03-22T18:37:55.309Z"}
{"level":"warn","message":"HB: No response the last 2 sec, client timeout!","timestamp":"2017-03-22T18:37:59.310Z"}
{"level":"warn","message":"HB: No response the last 2 sec, client timeout!","timestamp":"2017-03-22T18:38:03.360Z"}
{"level":"warn","message":"HB: No response the last 2 sec, client timeout!","timestamp":"2017-03-22T18:38:07.404Z"}
{"level":"warn","message":"HB: No response the last 2 sec, client timeout!","timestamp":"2017-03-22T18:38:10.448Z"}
{"level":"warn","message":"HB: No response the last 2 sec, client timeout!","timestamp":"2017-03-22T18:38:13.490Z"}
{"level":"warn","message":"HB: No response the last 2 sec, client timeout!","timestamp":"2017-03-22T18:38:17.534Z"}
{"level":"warn","message":"HB: No response the last 2 sec, client timeout!","timestamp":"2017-03-22T18:38:20.582Z"}
{"level":"warn","message":"HB: No response the last 2 sec, client timeout!","timestamp":"2017-03-22T18:38:23.582Z"}
{"level":"warn","message":"HB: No response the last 2 sec, client timeout!","timestamp":"2017-03-22T18:38:27.625Z"}
{"level":"warn","message":"HB: No response the last 2 sec, client timeout!","timestamp":"2017-03-22T18:38:31.664Z"}
{"level":"warn","message":"HB: No response the last 2 sec, client timeout!","timestamp":"2017-03-22T18:38:34.713Z"}
{"level":"warn","message":"HB: No response the last 2 sec, client timeout!","timestamp":"2017-03-22T18:38:38.761Z"}
{"level":"warn","message":"HB: No response the last 2 sec, client timeout!","timestamp":"2017-03-22T18:38:42.804Z"}
{"level":"warn","message":"HB: No response the last 2 sec, client timeout!","timestamp":"2017-03-22T18:38:46.908Z"}
{"level":"warn","message":"HB: No response the last 2 sec, client timeout!","timestamp":"2017-03-22T18:38:49.958Z"}
{"level":"warn","message":"HB: No response the last 2 sec, client timeout!","timestamp":"2017-03-22T18:38:53.959Z"}
{"level":"warn","message":"HB: No response the last 2 sec, client timeout!","timestamp":"2017-03-22T18:38:57.999Z"}
{"level":"warn","message":"HB: No response the last 2 sec, client timeout!","timestamp":"2017-03-22T18:39:01.043Z"}
{"level":"warn","message":"HB: No response the last 2 sec, client timeout!","timestamp":"2017-03-22T18:39:04.096Z"}
{"level":"warn","message":"HB: No response the last 2 sec, client timeout!","timestamp":"2017-03-22T18:39:08.139Z"}
{"level":"warn","message":"HB: No response the last 2 sec, client timeout!","timestamp":"2017-03-22T18:39:11.182Z"}
{"level":"warn","message":"HB: No response the last 2 sec, client timeout!","timestamp":"2017-03-22T18:39:14.184Z"}
{"level":"warn","message":"HB: No response the last 2 sec, client timeout!","timestamp":"2017-03-22T18:39:17.225Z"}
{"level":"warn","message":"HB: No response the last 2 sec, client timeout!","timestamp":"2017-03-22T18:39:20.279Z"}
{"level":"warn","message":"HB: No response the last 2 sec, client timeout!","timestamp":"2017-03-22T18:39:23.332Z"}
{"level":"warn","message":"HB: No response the last 2 sec, client timeout!","timestamp":"2017-03-22T18:39:26.387Z"}
{"level":"warn","message":"HB: No response the last 2 sec, client timeout!","timestamp":"2017-03-22T18:39:29.393Z"}
{"level":"warn","message":"HB: No response the last 2 sec, client timeout!","timestamp":"2017-03-22T18:39:33.437Z"}
{"level":"warn","message":"HB: No response the last 2 sec, client timeout!","timestamp":"2017-03-22T18:39:37.477Z"}
{"level":"warn","message":"HB: No response the last 2 sec, client timeout!","timestamp":"2017-03-22T18:39:40.532Z"}
{"level":"warn","message":"HB: No response the last 2 sec, client timeout!","timestamp":"2017-03-22T18:39:43.587Z"}
{"level":"warn","message":"HB: No response the last 2 sec, client timeout!","timestamp":"2017-03-22T18:39:47.629Z"}
{"level":"warn","message":"HB: No response the last 2 sec, client timeout!","timestamp":"2017-03-22T18:39:50.671Z"}
{"level":"warn","message":"HB: No response the last 2 sec, client timeout!","timestamp":"2017-03-22T18:39:54.715Z"}
{"level":"warn","message":"HB: No response the last 2 sec, client timeout!","timestamp":"2017-03-22T18:39:58.715Z"}
{"level":"warn","message":"HB: No response the last 2 sec, client timeout!","timestamp":"2017-03-22T18:40:01.753Z"}
{"level":"warn","message":"HB: No response the last 2 sec, client timeout!","timestamp":"2017-03-22T18:40:04.802Z"}
{"level":"warn","message":"HB: No response the last 2 sec, client timeout!","timestamp":"2017-03-22T18:40:07.859Z"}
{"level":"warn","message":"HB: No response the last 2 sec, client timeout!","timestamp":"2017-03-22T18:40:10.906Z"}
{"level":"warn","message":"HB: No response the last 2 sec, client timeout!","timestamp":"2017-03-22T18:40:13.945Z"}
{"level":"warn","message":"HB: No response the last 2 sec, client timeout!","timestamp":"2017-03-22T18:40:16.946Z"}
{"level":"warn","message":"HB: No response the last 2 sec, client timeout!","timestamp":"2017-03-22T18:40:19.986Z"}
{"level":"warn","message":"HB: No response the last 2 sec, client timeout!","timestamp":"2017-03-22T18:40:24.087Z"}
{"level":"warn","message":"HB: No response the last 2 sec, client timeout!","timestamp":"2017-03-22T18:40:27.089Z"}
{"level":"warn","message":"HB: No response the last 2 sec, client timeout!","timestamp":"2017-03-22T18:40:30.135Z"}
{"level":"warn","message":"HB: No response the last 2 sec, client timeout!","timestamp":"2017-03-22T18:40:33.176Z"}
{"level":"warn","message":"HB: No response the last 2 sec, client timeout!","timestamp":"2017-03-22T18:40:36.227Z"}
{"level":"warn","message":"HB: No response the last 2 sec, client timeout!","timestamp":"2017-03-22T18:40:39.275Z"}
{"level":"warn","message":"HB: No response the last 2 sec, client timeout!","timestamp":"2017-03-22T18:40:42.275Z"}
{"level":"warn","message":"HB: No response the last 2 sec, client timeout!","timestamp":"2017-03-22T18:40:45.318Z"}
{"level":"warn","message":"HB: No response the last 2 sec, client timeout!","timestamp":"2017-03-22T18:40:48.383Z"}
{"level":"warn","message":"HB: No response the last 2 sec, client timeout!","timestamp":"2017-03-22T18:40:51.440Z"}
{"level":"warn","message":"HB: No response the last 2 sec, client timeout!","timestamp":"2017-03-22T18:40:54.496Z"}
{"level":"warn","message":"HB: No response the last 2 sec, client timeout!","timestamp":"2017-03-22T18:40:57.497Z"}
{"level":"warn","message":"HB: No response the last 2 sec, client timeout!","timestamp":"2017-03-22T18:41:01.534Z"}
{"level":"warn","message":"HB: No response the last 2 sec, client timeout!","timestamp":"2017-03-22T18:41:04.571Z"}
{"level":"warn","message":"HB: No response the last 2 sec, client timeout!","timestamp":"2017-03-22T18:41:08.616Z"}
{"level":"warn","message":"HB: No response the last 2 sec, client timeout!","timestamp":"2017-03-22T18:41:11.663Z"}
{"level":"warn","message":"HB: No response the last 2 sec, client timeout!","timestamp":"2017-03-22T18:41:14.716Z"}
{"level":"warn","message":"HB: No response the last 2 sec, client timeout!","timestamp":"2017-03-22T18:41:17.716Z"}
{"level":"warn","message":"HB: No response the last 2 sec, client timeout!","timestamp":"2017-03-22T18:41:20.758Z"}
{"level":"warn","message":"HB: No response the last 2 sec, client timeout!","timestamp":"2017-03-22T18:41:23.812Z"}
{"level":"warn","message":"HB: No response the last 2 sec, client timeout!","timestamp":"2017-03-22T18:41:26.860Z"}
{"level":"warn","message":"HB: No response the last 2 sec, client timeout!","timestamp":"2017-03-22T18:41:29.898Z"}
{"level":"warn","message":"HB: No response the last 2 sec, client timeout!","timestamp":"2017-03-22T18:41:32.899Z"}
{"level":"warn","message":"HB: No response the last 2 sec, client timeout!","timestamp":"2017-03-22T18:41:35.953Z"}
{"level":"warn","message":"HB: No response the last 2 sec, client timeout!","timestamp":"2017-03-22T18:41:38.992Z"}
{"level":"warn","message":"HB: No response the last 2 sec, client timeout!","timestamp":"2017-03-22T18:41:42.039Z"}
{"level":"warn","message":"HB: No response the last 2 sec, client timeout!","timestamp":"2017-03-22T18:41:45.097Z"}
{"level":"warn","message":"HB: No response the last 2 sec, client timeout!","timestamp":"2017-03-22T18:41:48.155Z"}
{"level":"warn","message":"HB: No response the last 2 sec, client timeout!","timestamp":"2017-03-22T18:41:51.205Z"}
{"level":"warn","message":"HB: No response the last 2 sec, client timeout!","timestamp":"2017-03-22T18:41:54.207Z"}
{"level":"warn","message":"HB: No response the last 2 sec, client timeout!","timestamp":"2017-03-22T18:41:57.248Z"}
{"level":"warn","message":"HB: No response the last 2 sec, client timeout!","timestamp":"2017-03-22T18:42:00.302Z"}
{"level":"warn","message":"HB: No response the last 2 sec, client timeout!","timestamp":"2017-03-22T18:42:03.351Z"}
{"level":"warn","message":"HB: No response the last 2 sec, client timeout!","timestamp":"2017-03-22T18:42:06.398Z"}
{"level":"warn","message":"HB: No response the last 2 sec, client timeout!","timestamp":"2017-03-22T18:42:09.399Z"}
{"level":"warn","message":"HB: No response the last 2 sec, client timeout!","timestamp":"2017-03-22T18:42:13.438Z"}
{"level":"warn","message":"HB: No response the last 2 sec, client timeout!","timestamp":"2017-03-22T18:42:16.486Z"}
{"level":"warn","message":"HB: No response the last 2 sec, client timeout!","timestamp":"2017-03-22T18:42:19.532Z"}
{"level":"warn","message":"HB: No response the last 2 sec, client timeout!","timestamp":"2017-03-22T18:42:22.594Z"}
{"level":"warn","message":"HB: No response the last 2 sec, client timeout!","timestamp":"2017-03-22T18:42:25.634Z"}
{"level":"warn","message":"HB: No response the last 2 sec, client timeout!","timestamp":"2017-03-22T18:42:29.680Z"}
{"level":"warn","message":"HB: No response the last 2 sec, client timeout!","timestamp":"2017-03-22T18:42:32.680Z"}
{"level":"warn","message":"HB: No response the last 2 sec, client timeout!","timestamp":"2017-03-22T18:42:35.724Z"}
{"level":"warn","message":"HB: No response the last 2 sec, client timeout!","timestamp":"2017-03-22T18:42:38.772Z"}
{"level":"warn","message":"HB: No response the last 2 sec, client timeout!","timestamp":"2017-03-22T18:42:41.818Z"}
{"level":"warn","message":"HB: No response the last 2 sec, client timeout!","timestamp":"2017-03-22T18:42:44.873Z"}
{"level":"warn","message":"HB: No response the last 2 sec, client timeout!","timestamp":"2017-03-22T18:42:48.914Z"}
{"level":"warn","message":"HB: No response the last 2 sec, client timeout!","timestamp":"2017-03-22T18:42:52.963Z"}
{"level":"warn","message":"HB: No response the last 2 sec, client timeout!","timestamp":"2017-03-22T18:42:56.008Z"}
{"level":"warn","message":"HB: No response the last 2 sec, client timeout!","timestamp":"2017-03-22T18:42:59.064Z"}
{"level":"warn","message":"HB: No response the last 2 sec, client timeout!","timestamp":"2017-03-22T18:43:02.066Z"}
{"level":"warn","message":"HB: No response the last 2 sec, client timeout!","timestamp":"2017-03-22T18:43:05.104Z"}
{"level":"warn","message":"HB: No response the last 2 sec, client timeout!","timestamp":"2017-03-22T18:43:09.199Z"}
{"level":"warn","message":"HB: No response the last 2 sec, client timeout!","timestamp":"2017-03-22T18:43:12.255Z"}
{"level":"warn","message":"HB: No response the last 2 sec, client timeout!","timestamp":"2017-03-22T18:43:15.307Z"}
{"level":"warn","message":"HB: No response the last 2 sec, client timeout!","timestamp":"2017-03-22T18:43:18.309Z"}
{"level":"warn","message":"HB: No response the last 2 sec, client timeout!","timestamp":"2017-03-22T18:43:22.351Z"}
{"level":"warn","message":"HB: No response the last 2 sec, client timeout!","timestamp":"2017-03-22T18:43:26.459Z"}
{"level":"warn","message":"HB: No response the last 2 sec, client timeout!","timestamp":"2017-03-22T18:43:29.512Z"}
{"level":"warn","message":"HB: No response the last 2 sec, client timeout!","timestamp":"2017-03-22T18:43:32.512Z"}
{"level":"warn","message":"HB: No response the last 2 sec, client timeout!","timestamp":"2017-03-22T18:43:36.552Z"}
{"level":"warn","message":"HB: No response the last 2 sec, client timeout!","timestamp":"2017-03-22T18:43:39.592Z"}
{"level":"warn","message":"HB: No response the last 2 sec, client timeout!","timestamp":"2017-03-22T18:43:42.640Z"}
{"level":"warn","message":"HB: No response the last 2 sec, client timeout!","timestamp":"2017-03-22T18:43:45.684Z"}
{"level":"warn","message":"HB: No response the last 2 sec, client timeout!","timestamp":"2017-03-22T18:43:48.684Z"}
{"level":"warn","message":"HB: No response the last 2 sec, client timeout!","timestamp":"2017-03-22T18:43:52.731Z"}
{"level":"warn","message":"HB: No response the last 2 sec, client timeout!","timestamp":"2017-03-22T18:43:55.773Z"}
{"level":"warn","message":"HB: No response the last 2 sec, client timeout!","timestamp":"2017-03-22T18:43:58.829Z"}
{"level":"warn","message":"HB: No response the last 2 sec, client timeout!","timestamp":"2017-03-22T18:44:01.875Z"}
{"level":"warn","message":"HB: No response the last 2 sec, client timeout!","timestamp":"2017-03-22T18:44:04.916Z"}
{"level":"warn","message":"HB: No response the last 2 sec, client timeout!","timestamp":"2017-03-22T18:44:07.916Z"}
{"level":"warn","message":"HB: No response the last 2 sec, client timeout!","timestamp":"2017-03-22T18:44:11.962Z"}
{"level":"warn","message":"HB: No response the last 2 sec, client timeout!","timestamp":"2017-03-22T18:44:14.999Z"}
{"level":"warn","message":"HB: No response the last 2 sec, client timeout!","timestamp":"2017-03-22T18:44:18.042Z"}
{"level":"warn","message":"HB: No response the last 2 sec, client timeout!","timestamp":"2017-03-22T18:44:21.083Z"}
{"level":"warn","message":"HB: No response the last 2 sec, client timeout!","timestamp":"2017-03-22T18:44:24.084Z"}
{"level":"warn","message":"HB: No response the last 2 sec, client timeout!","timestamp":"2017-03-22T18:44:28.129Z"}
{"level":"warn","message":"HB: No response the last 2 sec, client timeout!","timestamp":"2017-03-22T18:44:31.173Z"}
{"level":"warn","message":"HB: No response the last 2 sec, client timeout!","timestamp":"2017-03-22T18:44:34.212Z"}
{"level":"warn","message":"HB: No response the last 2 sec, client timeout!","timestamp":"2017-03-22T18:44:37.268Z"}
{"level":"warn","message":"HB: No response the last 2 sec, client timeout!","timestamp":"2017-03-22T18:44:40.311Z"}
{"level":"warn","message":"HB: No response the last 2 sec, client timeout!","timestamp":"2017-03-22T18:44:43.313Z"}
{"level":"warn","message":"HB: No response the last 2 sec, client timeout!","timestamp":"2017-03-22T18:44:47.355Z"}
{"level":"warn","message":"HB: No response the last 2 sec, client timeout!","timestamp":"2017-03-22T18:44:50.391Z"}
{"level":"warn","message":"HB: No response the last 2 sec, client timeout!","timestamp":"2017-03-22T18:44:54.497Z"}
{"level":"warn","message":"HB: No response the last 2 sec, client timeout!","timestamp":"2017-03-22T18:44:57.498Z"}
{"level":"warn","message":"HB: No response the last 2 sec, client timeout!","timestamp":"2017-03-22T18:45:00.535Z"}
{"level":"warn","message":"HB: No response the last 2 sec, client timeout!","timestamp":"2017-03-22T18:45:03.582Z"}
{"level":"warn","message":"HB: No response the last 2 sec, client timeout!","timestamp":"2017-03-22T18:45:06.628Z"}
{"level":"warn","message":"HB: No response the last 2 sec, client timeout!","timestamp":"2017-03-22T18:45:09.685Z"}
{"level":"warn","message":"HB: No response the last 2 sec, client timeout!","timestamp":"2017-03-22T18:45:12.734Z"}
{"level":"warn","message":"HB: No response the last 2 sec, client timeout!","timestamp":"2017-03-22T18:45:15.780Z"}
{"level":"warn","message":"HB: No response the last 2 sec, client timeout!","timestamp":"2017-03-22T18:45:18.783Z"}
{"level":"warn","message":"HB: No response the last 2 sec, client timeout!","timestamp":"2017-03-22T18:45:22.878Z"}
{"level":"warn","message":"HB: No response the last 2 sec, client timeout!","timestamp":"2017-03-22T18:45:25.923Z"}
{"level":"warn","message":"HB: No response the last 2 sec, client timeout!","timestamp":"2017-03-22T18:45:28.976Z"}
{"level":"warn","message":"HB: No response the last 2 sec, client timeout!","timestamp":"2017-03-22T18:45:33.025Z"}
{"level":"warn","message":"HB: No response the last 2 sec, client timeout!","timestamp":"2017-03-22T18:45:36.069Z"}
{"level":"warn","message":"HB: No response the last 2 sec, client timeout!","timestamp":"2017-03-22T18:45:39.070Z"}
{"level":"warn","message":"HB: No response the last 2 sec, client timeout!","timestamp":"2017-03-22T18:45:43.112Z"}
{"level":"warn","message":"HB: No response the last 2 sec, client timeout!","timestamp":"2017-03-22T18:45:46.153Z"}
{"level":"warn","message":"HB: No response the last 2 sec, client timeout!","timestamp":"2017-03-22T18:45:49.201Z"}
{"level":"warn","message":"HB: No response the last 2 sec, client timeout!","timestamp":"2017-03-22T18:45:52.256Z"}
{"level":"warn","message":"HB: No response the last 2 sec, client timeout!","timestamp":"2017-03-22T18:45:55.300Z"}
{"level":"warn","message":"HB: No response the last 2 sec, client timeout!","timestamp":"2017-03-22T18:45:59.345Z"}
{"level":"warn","message":"HB: No response the last 2 sec, client timeout!","timestamp":"2017-03-22T18:46:02.400Z"}
{"level":"warn","message":"HB: No response the last 2 sec, client timeout!","timestamp":"2017-03-22T18:46:05.443Z"}
{"level":"warn","message":"HB: No response the last 2 sec, client timeout!","timestamp":"2017-03-22T18:46:08.444Z"}
{"level":"warn","message":"HB: No response the last 2 sec, client timeout!","timestamp":"2017-03-22T18:46:11.499Z"}
{"level":"warn","message":"HB: No response the last 2 sec, client timeout!","timestamp":"2017-03-22T18:46:14.540Z"}
{"level":"warn","message":"HB: No response the last 2 sec, client timeout!","timestamp":"2017-03-22T18:46:18.588Z"}
{"level":"warn","message":"HB: No response the last 2 sec, client timeout!","timestamp":"2017-03-22T18:46:22.628Z"}
{"level":"warn","message":"HB: No response the last 2 sec, client timeout!","timestamp":"2017-03-22T18:46:25.677Z"}
{"level":"warn","message":"HB: No response the last 2 sec, client timeout!","timestamp":"2017-03-22T18:46:28.721Z"}
{"level":"warn","message":"HB: No response the last 2 sec, client timeout!","timestamp":"2017-03-22T18:46:31.760Z"}
{"level":"w{"level":"info","message":"Initializing ROV Class","timestamp":"2017-03-22T18:17:11.134Z"}
{"level":"info","message":"ROV has been DISARMED","timestamp":"2017-03-22T18:17:11.162Z"}
{"level":"info","message":"PWM & ROV Initialized & Ready","timestamp":"2017-03-22T18:17:11.169Z"}
{"level":"info","message":"MS5387: CRC4 check success and intializing.","timestamp":"2017-03-22T18:17:11.188Z"}
{"level":"info","message":"Starting webserver","timestamp":"2017-03-22T18:17:11.195Z"}
{"level":"info","message":"Websocket: Listning on 81","timestamp":"2017-03-22T18:17:11.225Z"}
{"level":"info","message":"Webserver started on port 80","timestamp":"2017-03-22T18:17:11.233Z"}
