{"level":"info","message":"Initializing ROV Class","timestamp":"2017-03-05T03:07:45.991Z"}
{"level":"info","message":"PWM Initialized & Ready","timestamp":"2017-03-05T03:07:46.027Z"}
{"level":"info","message":"Starting webserver","timestamp":"2017-03-05T03:07:46.035Z"}
{"level":"info","message":"Websocket: Listning on 81","timestamp":"2017-03-05T03:07:46.093Z"}
{"level":"info","message":"Webserver started on port 80","timestamp":"2017-03-05T03:07:46.101Z"}
{"level":"info","message":"Initializing ROV Class","timestamp":"2017-03-05T03:08:07.547Z"}
{"level":"info","message":"PWM Initialized & Ready","timestamp":"2017-03-05T03:08:07.583Z"}
{"level":"info","message":"Starting webserver","timestamp":"2017-03-05T03:08:07.590Z"}
{"level":"info","message":"Websocket: Listning on 81","timestamp":"2017-03-05T03:08:07.647Z"}
{"level":"info","message":"Webserver started on port 80","timestamp":"2017-03-05T03:08:07.655Z"}
{"level":"info","message":"Initializing ROV Class","timestamp":"2017-03-05T03:08:19.483Z"}
{"level":"info","message":"PWM Initialized & Ready","timestamp":"2017-03-05T03:08:19.517Z"}
{"level":"info","message":"Starting webserver","timestamp":"2017-03-05T03:08:19.524Z"}
{"level":"info","message":"Websocket: Listning on 81","timestamp":"2017-03-05T03:08:19.581Z"}
{"level":"info","message":"Webserver started on port 80","timestamp":"2017-03-05T03:08:19.590Z"}
{"level":"info","message":"Websocket: Remote connection from: ::ffff:10.0.1.73:59884","timestamp":"2017-03-05T03:08:20.661Z"}
{"level":"info","message":"Websocket: Starting heartbeat","timestamp":"2017-03-05T03:08:20.665Z"}
{"level":"info","message":"CLIENT: 1488683300613 WebSocket: Connected to 10.0.1.246:81","timestamp":"2017-03-05T03:08:20.688Z"}
{"level":"info","message":"Initializing ROV Class","timestamp":"2017-03-05T03:08:38.036Z"}
{"level":"info","message":"PWM Initialized & Ready","timestamp":"2017-03-05T03:08:38.072Z"}
{"level":"info","message":"Starting webserver","timestamp":"2017-03-05T03:08:38.079Z"}
{"level":"info","message":"Websocket: Listning on 81","timestamp":"2017-03-05T03:08:38.136Z"}
{"level":"info","message":"Webserver started on port 80","timestamp":"2017-03-05T03:08:38.144Z"}
{"level":"info","message":"Websocket: Remote connection from: ::ffff:10.0.1.73:59889","timestamp":"2017-03-05T03:08:40.158Z"}
{"level":"info","message":"Websocket: Starting heartbeat","timestamp":"2017-03-05T03:08:40.163Z"}
{"level":"info","message":"CLIENT: 1488683320110 WebSocket: Connected to 10.0.1.246:81","timestamp":"2017-03-05T03:08:40.187Z"}
{"level":"info","message":"Initializing ROV Class","timestamp":"2017-03-05T03:08:56.157Z"}
{"level":"info","message":"PWM Initialized & Ready","timestamp":"2017-03-05T03:08:56.193Z"}
{"level":"info","message":"Starting webserver","timestamp":"2017-03-05T03:08:56.200Z"}
{"level":"info","message":"Websocket: Listning on 81","timestamp":"2017-03-05T03:08:56.258Z"}
{"level":"info","message":"Webserver started on port 80","timestamp":"2017-03-05T03:08:56.266Z"}
{"level":"info","message":"Initializing ROV Class","timestamp":"2017-03-05T03:09:06.364Z"}
{"level":"info","message":"PWM Initialized & Ready","timestamp":"2017-03-05T03:09:06.401Z"}
{"level":"info","message":"Starting webserver","timestamp":"2017-03-05T03:09:06.408Z"}
{"level":"info","message":"Websocket: Listning on 81","timestamp":"2017-03-05T03:09:06.465Z"}
{"level":"info","message":"Webserver started on port 80","timestamp":"2017-03-05T03:09:06.475Z"}
{"level":"info","message":"Initializing ROV Class","timestamp":"2017-03-05T03:09:25.631Z"}
{"level":"info","message":"PWM Initialized & Ready","timestamp":"2017-03-05T03:09:25.667Z"}
{"level":"info","message":"Starting webserver","timestamp":"2017-03-05T03:09:25.674Z"}
{"level":"info","message":"Websocket: Listning on 81","timestamp":"2017-03-05T03:09:25.731Z"}
{"level":"info","message":"Webserver started on port 80","timestamp":"2017-03-05T03:09:25.739Z"}
{"level":"info","message":"Initializing ROV Class","timestamp":"2017-03-05T03:09:34.046Z"}
{"level":"info","message":"Initializing ROV Class","timestamp":"2017-03-05T03:09:45.462Z"}
{"level":"info","message":"PWM Initialized & Ready","timestamp":"2017-03-05T03:09:45.498Z"}
{"level":"info","message":"Starting webserver","timestamp":"2017-03-05T03:09:45.505Z"}
{"level":"info","message":"Websocket: Listning on 81","timestamp":"2017-03-05T03:09:45.562Z"}
{"level":"info","message":"Webserver started on port 80","timestamp":"2017-03-05T03:09:45.570Z"}
{"level":"info","message":"Websocket: Remote connection from: ::ffff:10.0.1.73:59918","timestamp":"2017-03-05T03:09:46.169Z"}
{"level":"info","message":"Websocket: Starting heartbeat","timestamp":"2017-03-05T03:09:46.173Z"}
{"level":"info","message":"CLIENT: 1488683386120 WebSocket: Connected to 10.0.1.246:81","timestamp":"2017-03-05T03:09:46.187Z"}
{"level":"info","message":"Initializing ROV Class","timestamp":"2017-03-05T03:10:07.711Z"}
{"level":"info","message":"PWM Initialized & Ready","timestamp":"2017-03-05T03:10:07.747Z"}
{"level":"info","message":"Starting webserver","timestamp":"2017-03-05T03:10:07.754Z"}
{"level":"info","message":"Websocket: Listning on 81","timestamp":"2017-03-05T03:10:07.811Z"}
{"level":"info","message":"Webserver started on port 80","timestamp":"2017-03-05T03:10:07.819Z"}
{"level":"info","message":"Websocket: Remote connection from: ::ffff:10.0.1.73:59925","timestamp":"2017-03-05T03:10:10.208Z"}
{"level":"info","message":"Websocket: Starting heartbeat","timestamp":"2017-03-05T03:10:10.212Z"}
{"level":"info","message":"CLIENT: 1488683410160 WebSocket: Connected to 10.0.1.246:81","timestamp":"2017-03-05T03:10:10.226Z"}
{"level":"info","message":"Initializing ROV Class","timestamp":"2017-03-05T03:11:04.585Z"}
{"level":"info","message":"PWM Initialized & Ready","timestamp":"2017-03-05T03:11:04.621Z"}
{"level":"info","message":"Starting webserver","timestamp":"2017-03-05T03:11:04.628Z"}
{"level":"info","message":"Websocket: Listning on 81","timestamp":"2017-03-05T03:11:04.685Z"}
{"level":"info","message":"Webserver started on port 80","timestamp":"2017-03-05T03:11:04.694Z"}
{"level":"info","message":"Websocket: Remote connection from: ::ffff:10.0.1.73:59937","timestamp":"2017-03-05T03:11:07.162Z"}
{"level":"info","message":"Websocket: Starting heartbeat","timestamp":"2017-03-05T03:11:07.168Z"}
{"level":"info","message":"CLIENT: 1488683467113 WebSocket: Connected to 10.0.1.246:81","timestamp":"2017-03-05T03:11:07.185Z"}
{"level":"info","message":"Initializing ROV Class","timestamp":"2017-03-05T03:11:41.150Z"}
{"level":"info","message":"PWM Initialized & Ready","timestamp":"2017-03-05T03:11:41.186Z"}
{"level":"info","message":"Starting webserver","timestamp":"2017-03-05T03:11:41.194Z"}
{"level":"info","message":"Websocket: Listning on 81","timestamp":"2017-03-05T03:11:41.251Z"}
{"level":"info","message":"Webserver started on port 80","timestamp":"2017-03-05T03:11:41.259Z"}
{"level":"info","message":"Websocket: Remote connection from: ::ffff:10.0.1.73:59947","timestamp":"2017-03-05T03:11:43.225Z"}
{"level":"info","message":"Websocket: Starting heartbeat","timestamp":"2017-03-05T03:11:43.230Z"}
{"level":"info","message":"CLIENT: 1488683503177 WebSocket: Connected to 10.0.1.246:81","timestamp":"2017-03-05T03:11:43.251Z"}
{"level":"info","message":"Initializing ROV Class","timestamp":"2017-03-05T03:13:25.043Z"}
{"level":"info","message":"PWM Initialized & Ready","timestamp":"2017-03-05T03:13:25.080Z"}
{"level":"info","message":"Starting webserver","timestamp":"2017-03-05T03:13:25.086Z"}
{"level":"info","message":"Websocket: Listning on 81","timestamp":"2017-03-05T03:13:25.144Z"}
{"level":"info","message":"Webserver started on port 80","timestamp":"2017-03-05T03:13:25.152Z"}
{"level":"info","message":"Websocket: Remote connection from: ::ffff:10.0.1.73:59975","timestamp":"2017-03-05T03:13:30.173Z"}
{"level":"info","message":"Websocket: Starting heartbeat","timestamp":"2017-03-05T03:13:30.179Z"}
{"level":"info","message":"CLIENT: 1488683610125 WebSocket: Connected to 10.0.1.246:81","timestamp":"2017-03-05T03:13:30.199Z"}
{"level":"info","message":"Initializing ROV Class","timestamp":"2017-03-05T03:14:03.546Z"}
{"level":"info","message":"PWM Initialized & Ready","timestamp":"2017-03-05T03:14:03.584Z"}
{"level":"info","message":"Starting webserver","timestamp":"2017-03-05T03:14:03.591Z"}
{"level":"info","message":"Websocket: Listning on 81","timestamp":"2017-03-05T03:14:03.648Z"}
{"level":"info","message":"Webserver started on port 80","timestamp":"2017-03-05T03:14:03.657Z"}
{"level":"info","message":"Websocket: Remote connection from: ::ffff:10.0.1.73:59988","timestamp":"2017-03-05T03:14:07.111Z"}
{"level":"info","message":"Websocket: Starting heartbeat","timestamp":"2017-03-05T03:14:07.117Z"}
{"level":"info","message":"CLIENT: 1488683647062 WebSocket: Connected to 10.0.1.246:81","timestamp":"2017-03-05T03:14:07.139Z"}
{"level":"info","message":"Initializing ROV Class","timestamp":"2017-03-05T03:15:57.642Z"}
{"level":"info","message":"PWM Initialized & Ready","timestamp":"2017-03-05T03:15:57.678Z"}
{"level":"info","message":"Starting webserver","timestamp":"2017-03-05T03:15:57.686Z"}
{"level":"info","message":"Websocket: Listning on 81","timestamp":"2017-03-05T03:15:57.743Z"}
{"level":"info","message":"Webserver started on port 80","timestamp":"2017-03-05T03:15:57.751Z"}
{"level":"info","message":"Initializing ROV Class","timestamp":"2017-03-05T10:40:08.322Z"}
{"level":"info","message":"PWM Initialized & Ready","timestamp":"2017-03-05T10:40:08.356Z"}
{"level":"info","message":"Starting webserver","timestamp":"2017-03-05T10:40:08.363Z"}
{"level":"info","message":"Websocket: Listning on 81","timestamp":"2017-03-05T10:40:08.419Z"}
{"level":"info","message":"Webserver started on port 80","timestamp":"2017-03-05T10:40:08.427Z"}
{"level":"info","message":"Websocket: Remote connection from: ::ffff:10.0.1.73:60443","timestamp":"2017-03-05T10:40:17.797Z"}
{"level":"info","message":"Websocket: Starting heartbeat","timestamp":"2017-03-05T10:40:17.801Z"}
{"level":"info","message":"CLIENT: 1488710417163 WebSocket: Connected to 10.0.1.246:81","timestamp":"2017-03-05T10:40:17.819Z"}
{"level":"info","message":"Initializing ROV Class","timestamp":"2017-03-05T10:55:27.135Z"}
{"level":"info","message":"PWM Initialized & Ready","timestamp":"2017-03-05T10:55:27.171Z"}
{"level":"info","message":"Starting webserver","timestamp":"2017-03-05T10:55:27.177Z"}
{"level":"info","message":"Websocket: Listning on 81","timestamp":"2017-03-05T10:55:27.234Z"}
{"level":"info","message":"Webserver started on port 80","timestamp":"2017-03-05T10:55:27.241Z"}
{"level":"info","message":"Initializing ROV Class","timestamp":"2017-03-05T10:55:49.822Z"}
{"level":"info","message":"PWM Initialized & Ready","timestamp":"2017-03-05T10:55:49.858Z"}
{"level":"info","message":"Starting webserver","timestamp":"2017-03-05T10:55:49.865Z"}
{"level":"info","message":"Websocket: Listning on 81","timestamp":"2017-03-05T10:55:49.922Z"}
{"level":"info","message":"Webserver started on port 80","timestamp":"2017-03-05T10:55:49.930Z"}
{"level":"info","message":"Websocket: Remote connection from: ::ffff:10.0.1.73:60856","timestamp":"2017-03-05T10:55:50.138Z"}
{"level":"info","message":"Websocket: Starting heartbeat","timestamp":"2017-03-05T10:55:50.143Z"}
{"level":"info","message":"CLIENT: 1488711349498 WebSocket: Connected to 10.0.1.246:81","timestamp":"2017-03-05T10:55:50.162Z"}
{"level":"info","message":"Initializing ROV Class","timestamp":"2017-03-05T11:01:19.422Z"}
{"level":"info","message":"PWM Initialized & Ready","timestamp":"2017-03-05T11:01:19.459Z"}
{"level":"info","message":"Starting webserver","timestamp":"2017-03-05T11:01:19.466Z"}
{"level":"info","message":"Websocket: Listning on 81","timestamp":"2017-03-05T11:01:19.523Z"}
{"level":"info","message":"Webserver started on port 80","timestamp":"2017-03-05T11:01:19.532Z"}
{"level":"info","message":"Websocket: Remote connection from: ::ffff:10.0.1.73:61052","timestamp":"2017-03-05T11:01:23.063Z"}
{"level":"info","message":"Websocket: Starting heartbeat","timestamp":"2017-03-05T11:01:23.067Z"}
{"level":"info","message":"CLIENT: 1488711682427 WebSocket: Connected to 10.0.1.246:81","timestamp":"2017-03-05T11:01:23.086Z"}
{"level":"info","message":"Initializing ROV Class","timestamp":"2017-03-05T11:01:34.273Z"}
{"level":"info","message":"PWM Initialized & Ready","timestamp":"2017-03-05T11:01:34.309Z"}
{"level":"info","message":"Starting webserver","timestamp":"2017-03-05T11:01:34.316Z"}
{"level":"info","message":"Websocket: Listning on 81","timestamp":"2017-03-05T11:01:34.373Z"}
{"level":"info","message":"Webserver started on port 80","timestamp":"2017-03-05T11:01:34.381Z"}
{"level":"info","message":"Websocket: Remote connection from: ::ffff:10.0.1.73:61055","timestamp":"2017-03-05T11:01:36.041Z"}
{"level":"info","message":"Websocket: Starting heartbeat","timestamp":"2017-03-05T11:01:36.046Z"}
{"level":"info","message":"CLIENT: 1488711695408 WebSocket: Connected to 10.0.1.246:81","timestamp":"2017-03-05T11:01:36.065Z"}
{"level":"info","message":"Initializing ROV Class","timestamp":"2017-03-05T11:53:39.164Z"}
{"level":"info","message":"PWM Initialized & Ready","timestamp":"2017-03-05T11:53:39.199Z"}
{"level":"info","message":"Starting webserver","timestamp":"2017-03-05T11:53:39.206Z"}
{"level":"info","message":"Websocket: Listning on 81","timestamp":"2017-03-05T11:53:39.262Z"}
{"level":"info","message":"Webserver started on port 80","timestamp":"2017-03-05T11:53:39.270Z"}
{"level":"info","message":"Websocket: Remote connection from: ::ffff:10.0.1.73:62418","timestamp":"2017-03-05T11:53:39.609Z"}
{"level":"info","message":"Websocket: Starting heartbeat","timestamp":"2017-03-05T11:53:39.614Z"}
{"level":"info","message":"CLIENT: 1488714819598 WebSocket: Connected to 10.0.1.246:81","timestamp":"2017-03-05T11:53:39.632Z"}
{"level":"info","message":"Initializing ROV Class","timestamp":"2017-03-05T11:54:49.374Z"}
{"level":"info","message":"PWM Initialized & Ready","timestamp":"2017-03-05T11:54:49.410Z"}
{"level":"info","message":"Starting webserver","timestamp":"2017-03-05T11:54:49.417Z"}
{"level":"info","message":"Websocket: Listning on 81","timestamp":"2017-03-05T11:54:49.474Z"}
{"level":"info","message":"Webserver started on port 80","timestamp":"2017-03-05T11:54:49.481Z"}
{"level":"info","message":"Websocket: Remote connection from: ::ffff:10.0.1.73:62434","timestamp":"2017-03-05T11:54:52.220Z"}
{"level":"info","message":"Websocket: Starting heartbeat","timestamp":"2017-03-05T11:54:52.224Z"}
{"level":"info","message":"CLIENT: 1488714892208 WebSocket: Connected to 10.0.1.246:81","timestamp":"2017-03-05T11:54:52.243Z"}
{"level":"info","message":"Initializing ROV Class","timestamp":"2017-03-05T12:06:06.061Z"}
{"level":"info","message":"PWM Initialized & Ready","timestamp":"2017-03-05T12:06:06.097Z"}
{"level":"info","message":"Starting webserver","timestamp":"2017-03-05T12:06:06.104Z"}
{"level":"info","message":"Websocket: Listning on 81","timestamp":"2017-03-05T12:06:06.160Z"}
{"level":"info","message":"Webserver started on port 80","timestamp":"2017-03-05T12:06:06.168Z"}
{"level":"info","message":"Websocket: Remote connection from: ::ffff:10.0.1.73:62604","timestamp":"2017-03-05T12:06:07.684Z"}
{"level":"info","message":"Websocket: Starting heartbeat","timestamp":"2017-03-05T12:06:07.688Z"}
{"level":"info","message":"CLIENT: 1488715567710 WebSocket: Connected to 10.0.1.246:81","timestamp":"2017-03-05T12:06:07.732Z"}
{"level":"info","message":"Initializing ROV Class","timestamp":"2017-03-05T12:21:46.665Z"}
{"level":"info","message":"PWM Initialized & Ready","timestamp":"2017-03-05T12:21:46.701Z"}
{"level":"info","message":"Starting webserver","timestamp":"2017-03-05T12:21:46.709Z"}
{"level":"info","message":"Websocket: Listning on 81","timestamp":"2017-03-05T12:21:46.766Z"}
{"level":"info","message":"Webserver started on port 80","timestamp":"2017-03-05T12:21:46.775Z"}
{"level":"info","message":"Websocket: Remote connection from: ::ffff:10.0.1.73:62762","timestamp":"2017-03-05T12:21:51.314Z"}
{"level":"info","message":"Websocket: Starting heartbeat","timestamp":"2017-03-05T12:21:51.319Z"}
{"level":"info","message":"CLIENT: 1488716511429 WebSocket: Connected to 10.0.1.246:81","timestamp":"2017-03-05T12:21:51.462Z"}
{"level":"info","message":"Initializing ROV Class","timestamp":"2017-03-05T12:22:31.675Z"}
{"level":"info","message":"PWM Initialized & Ready","timestamp":"2017-03-05T12:22:31.711Z"}
{"level":"info","message":"Starting webserver","timestamp":"2017-03-05T12:22:31.718Z"}
{"level":"info","message":"Websocket: Listning on 81","timestamp":"2017-03-05T12:22:31.776Z"}
{"level":"info","message":"Webserver started on port 80","timestamp":"2017-03-05T12:22:31.784Z"}
{"level":"info","message":"Websocket: Remote connection from: ::ffff:10.0.1.73:62770","timestamp":"2017-03-05T12:22:34.816Z"}
{"level":"info","message":"Websocket: Starting heartbeat","timestamp":"2017-03-05T12:22:34.821Z"}
{"level":"info","message":"CLIENT: 1488716554789 WebSocket: Connected to 10.0.1.246:81","timestamp":"2017-03-05T12:22:34.840Z"}
{"level":"info","message":"Initializing ROV Class","timestamp":"2017-03-05T12:25:49.485Z"}
{"level":"info","message":"PWM Initialized & Ready","timestamp":"2017-03-05T12:25:49.520Z"}
{"level":"info","message":"Starting webserver","timestamp":"2017-03-05T12:25:49.527Z"}
{"level":"info","message":"Websocket: Listning on 81","timestamp":"2017-03-05T12:25:49.583Z"}
{"level":"info","message":"Webserver started on port 80","timestamp":"2017-03-05T12:25:49.591Z"}
{"level":"info","message":"Websocket: Remote connection from: ::ffff:10.0.1.73:62818","timestamp":"2017-03-05T12:25:57.142Z"}
{"level":"info","message":"Websocket: Starting heartbeat","timestamp":"2017-03-05T12:25:57.147Z"}
{"level":"info","message":"CLIENT: 1488716757189 WebSocket: Connected to 10.0.1.246:81","timestamp":"2017-03-05T12:25:57.222Z"}
{"level":"info","message":"Initializing ROV Class","timestamp":"2017-03-05T12:26:01.277Z"}
{"level":"info","message":"PWM Initialized & Ready","timestamp":"2017-03-05T12:26:01.311Z"}
{"level":"info","message":"Starting webserver","timestamp":"2017-03-05T12:26:01.318Z"}
{"level":"info","message":"Websocket: Listning on 81","timestamp":"2017-03-05T12:26:01.374Z"}
{"level":"info","message":"Webserver started on port 80","timestamp":"2017-03-05T12:26:01.382Z"}
{"level":"info","message":"Websocket: Remote connection from: ::ffff:10.0.1.73:62820","timestamp":"2017-03-05T12:26:03.042Z"}
{"level":"info","message":"Websocket: Starting heartbeat","timestamp":"2017-03-05T12:26:03.047Z"}
{"level":"info","message":"CLIENT: 1488716763016 WebSocket: Connected to 10.0.1.246:81","timestamp":"2017-03-05T12:26:03.064Z"}
{"level":"info","message":"Initializing ROV Class","timestamp":"2017-03-05T12:26:58.090Z"}
{"level":"info","message":"PWM Initialized & Ready","timestamp":"2017-03-05T12:26:58.126Z"}
{"level":"info","message":"Starting webserver","timestamp":"2017-03-05T12:26:58.132Z"}
{"level":"info","message":"Websocket: Listning on 81","timestamp":"2017-03-05T12:26:58.189Z"}
{"level":"info","message":"Webserver started on port 80","timestamp":"2017-03-05T12:26:58.197Z"}
{"level":"info","message":"Websocket: Remote connection from: ::ffff:10.0.1.73:62835","timestamp":"2017-03-05T12:27:01.237Z"}
{"level":"info","message":"Websocket: Starting heartbeat","timestamp":"2017-03-05T12:27:01.241Z"}
{"level":"info","message":"CLIENT: 1488716821395 WebSocket: Connected to 10.0.1.246:81","timestamp":"2017-03-05T12:27:01.427Z"}
{"level":"info","message":"Initializing ROV Class","timestamp":"2017-03-05T12:27:53.814Z"}
{"level":"info","message":"PWM Initialized & Ready","timestamp":"2017-03-05T12:27:53.850Z"}
{"level":"info","message":"Starting webserver","timestamp":"2017-03-05T12:27:53.858Z"}
{"level":"info","message":"Websocket: Listning on 81","timestamp":"2017-03-05T12:27:53.915Z"}
{"level":"info","message":"Webserver started on port 80","timestamp":"2017-03-05T12:27:53.923Z"}
{"level":"info","message":"Websocket: Remote connection from: ::ffff:10.0.1.73:62854","timestamp":"2017-03-05T12:27:58.442Z"}
{"level":"info","message":"Websocket: Starting heartbeat","timestamp":"2017-03-05T12:27:58.447Z"}
{"level":"info","message":"CLIENT: 1488716878431 WebSocket: Connected to 10.0.1.246:81","timestamp":"2017-03-05T12:27:58.469Z"}
{"level":"info","message":"Initializing ROV Class","timestamp":"2017-03-05T12:30:06.688Z"}
{"level":"info","message":"PWM Initialized & Ready","timestamp":"2017-03-05T12:30:06.723Z"}
{"level":"info","message":"Starting webserver","timestamp":"2017-03-05T12:30:06.730Z"}
{"level":"info","message":"Websocket: Listning on 81","timestamp":"2017-03-05T12:30:06.787Z"}
{"level":"info","message":"Webserver started on port 80","timestamp":"2017-03-05T12:30:06.794Z"}
{"level":"info","message":"Websocket: Remote connection from: ::ffff:10.0.1.73:62878","timestamp":"2017-03-05T12:30:08.314Z"}
{"level":"info","message":"Websocket: Starting heartbeat","timestamp":"2017-03-05T12:30:08.319Z"}
{"level":"info","message":"CLIENT: 1488717008285 WebSocket: Connected to 10.0.1.246:81","timestamp":"2017-03-05T12:30:08.337Z"}
{"level":"info","message":"Initializing ROV Class","timestamp":"2017-03-05T12:30:23.398Z"}
{"level":"info","message":"PWM Initialized & Ready","timestamp":"2017-03-05T12:30:23.434Z"}
{"level":"info","message":"Starting webserver","timestamp":"2017-03-05T12:30:23.441Z"}
{"level":"info","message":"Websocket: Listning on 81","timestamp":"2017-03-05T12:30:23.497Z"}
{"level":"info","message":"Webserver started on port 80","timestamp":"2017-03-05T12:30:23.505Z"}
{"level":"info","message":"Websocket: Remote connection from: ::ffff:10.0.1.73:62883","timestamp":"2017-03-05T12:30:26.521Z"}
{"level":"info","message":"Websocket: Starting heartbeat","timestamp":"2017-03-05T12:30:26.525Z"}
{"level":"info","message":"CLIENT: 1488717026493 WebSocket: Connected to 10.0.1.246:81","timestamp":"2017-03-05T12:30:26.544Z"}
{"level":"info","message":"Initializing ROV Class","timestamp":"2017-03-05T12:32:42.663Z"}
{"level":"info","message":"PWM Initialized & Ready","timestamp":"2017-03-05T12:32:42.699Z"}
{"level":"info","message":"Starting webserver","timestamp":"2017-03-05T12:32:42.706Z"}
{"level":"info","message":"Websocket: Listning on 81","timestamp":"2017-03-05T12:32:42.763Z"}
{"level":"info","message":"Webserver started on port 80","timestamp":"2017-03-05T12:32:42.771Z"}
{"level":"info","message":"Websocket: Remote connection from: ::ffff:10.0.1.73:62966","timestamp":"2017-03-05T12:32:45.787Z"}
{"level":"info","message":"Websocket: Starting heartbeat","timestamp":"2017-03-05T12:32:45.791Z"}
{"level":"info","message":"CLIENT: 1488717165766 WebSocket: Connected to 10.0.1.246:81","timestamp":"2017-03-05T12:32:45.811Z"}
{"level":"info","message":"Initializing ROV Class","timestamp":"2017-03-05T13:08:07.047Z"}
{"level":"info","message":"PWM Initialized & Ready","timestamp":"2017-03-05T13:08:07.084Z"}
{"level":"info","message":"Starting webserver","timestamp":"2017-03-05T13:08:07.091Z"}
{"level":"info","message":"Websocket: Listning on 81","timestamp":"2017-03-05T13:08:07.148Z"}
{"level":"info","message":"Webserver started on port 80","timestamp":"2017-03-05T13:08:07.156Z"}
{"level":"info","message":"Websocket: Remote connection from: ::ffff:10.0.1.73:63610","timestamp":"2017-03-05T13:08:12.910Z"}
{"level":"info","message":"Websocket: Starting heartbeat","timestamp":"2017-03-05T13:08:12.915Z"}
{"level":"info","message":"CLIENT: 1488719292864 WebSocket: Connected to 10.0.1.246:81","timestamp":"2017-03-05T13:08:12.934Z"}
{"level":"info","message":"Initializing ROV Class","timestamp":"2017-03-05T13:08:27.154Z"}
{"level":"info","message":"PWM Initialized & Ready","timestamp":"2017-03-05T13:08:27.190Z"}
{"level":"info","message":"Starting webserver","timestamp":"2017-03-05T13:08:27.197Z"}
{"level":"info","message":"Websocket: Listning on 81","timestamp":"2017-03-05T13:08:27.254Z"}
{"level":"info","message":"Webserver started on port 80","timestamp":"2017-03-05T13:08:27.263Z"}
{"level":"info","message":"Websocket: Remote connection from: ::ffff:10.0.1.73:63612","timestamp":"2017-03-05T13:08:28.982Z"}
{"level":"info","message":"Websocket: Starting heartbeat","timestamp":"2017-03-05T13:08:28.987Z"}
{"level":"info","message":"CLIENT: 1488719308935 WebSocket: Connected to 10.0.1.246:81","timestamp":"2017-03-05T13:08:29.006Z"}
{"level":"info","message":"Initializing ROV Class","timestamp":"2017-03-05T13:10:39.775Z"}
{"level":"info","message":"PWM Initialized & Ready","timestamp":"2017-03-05T13:10:39.811Z"}
{"level":"info","message":"Starting webserver","timestamp":"2017-03-05T13:10:39.818Z"}
{"level":"info","message":"Websocket: Listning on 81","timestamp":"2017-03-05T13:10:39.875Z"}
{"level":"info","message":"Webserver started on port 80","timestamp":"2017-03-05T13:10:39.882Z"}
{"level":"info","message":"Websocket: Remote connection from: ::ffff:10.0.1.73:63634","timestamp":"2017-03-05T13:10:41.981Z"}
{"level":"info","message":"Websocket: Starting heartbeat","timestamp":"2017-03-05T13:10:41.985Z"}
{"level":"info","message":"CLIENT: 1488719441935 WebSocket: Connected to 10.0.1.246:81","timestamp":"2017-03-05T13:10:41.999Z"}
{"level":"info","message":"Initializing ROV Class","timestamp":"2017-03-05T13:13:50.008Z"}
{"level":"info","message":"PWM Initialized & Ready","timestamp":"2017-03-05T13:13:50.044Z"}
{"level":"info","message":"Starting webserver","timestamp":"2017-03-05T13:13:50.051Z"}
{"level":"info","message":"Websocket: Listning on 81","timestamp":"2017-03-05T13:13:50.107Z"}
{"level":"info","message":"Webserver started on port 80","timestamp":"2017-03-05T13:13:50.115Z"}
{"level":"info","message":"Websocket: Remote connection from: ::ffff:10.0.1.73:63665","timestamp":"2017-03-05T13:13:51.972Z"}
{"level":"info","message":"Websocket: Starting heartbeat","timestamp":"2017-03-05T13:13:51.976Z"}
{"level":"info","message":"CLIENT: 1488719631926 WebSocket: Connected to 10.0.1.246:81","timestamp":"2017-03-05T13:13:51.989Z"}
{"level":"info","message":"Initializing ROV Class","timestamp":"2017-03-05T13:15:23.643Z"}
{"level":"info","message":"PWM Initialized & Ready","timestamp":"2017-03-05T13:15:23.679Z"}
{"level":"info","message":"Starting webserver","timestamp":"2017-03-05T13:15:23.686Z"}
{"level":"info","message":"Websocket: Listning on 81","timestamp":"2017-03-05T13:15:23.743Z"}
{"level":"info","message":"Webserver started on port 80","timestamp":"2017-03-05T13:15:23.751Z"}
{"level":"info","message":"Websocket: Remote connection from: ::ffff:10.0.1.73:63680","timestamp":"2017-03-05T13:15:25.966Z"}
{"level":"info","message":"Websocket: Starting heartbeat","timestamp":"2017-03-05T13:15:25.970Z"}
{"level":"info","message":"CLIENT: 1488719725917 WebSocket: Connected to 10.0.1.246:81","timestamp":"2017-03-05T13:15:25.984Z"}
{"level":"info","message":"Initializing ROV Class","timestamp":"2017-03-05T14:03:29.123Z"}
{"level":"info","message":"PWM Initialized & Ready","timestamp":"2017-03-05T14:03:29.159Z"}
{"level":"info","message":"Starting webserver","timestamp":"2017-03-05T14:03:29.166Z"}
{"level":"info","message":"Websocket: Listning on 81","timestamp":"2017-03-05T14:03:29.223Z"}
{"level":"info","message":"Webserver started on port 80","timestamp":"2017-03-05T14:03:29.231Z"}
{"level":"info","message":"Websocket: Remote connection from: ::ffff:10.0.1.73:64648","timestamp":"2017-03-05T14:03:29.853Z"}
{"level":"info","message":"Websocket: Starting heartbeat","timestamp":"2017-03-05T14:03:29.858Z"}
{"level":"info","message":"CLIENT: 1488722609784 WebSocket: Connected to 10.0.1.246:81","timestamp":"2017-03-05T14:03:29.877Z"}
{"level":"info","message":"Initializing ROV Class","timestamp":"2017-03-05T14:43:31.947Z"}
{"level":"info","message":"PWM Initialized & Ready","timestamp":"2017-03-05T14:43:31.983Z"}
{"level":"info","message":"Starting webserver","timestamp":"2017-03-05T14:43:31.990Z"}
{"level":"info","message":"Websocket: Listning on 81","timestamp":"2017-03-05T14:43:32.049Z"}
{"level":"info","message":"Webserver started on port 80","timestamp":"2017-03-05T14:43:32.057Z"}
{"level":"info","message":"Websocket: Remote connection from: ::ffff:10.0.1.73:65281","timestamp":"2017-03-05T14:43:33.931Z"}
{"level":"info","message":"Websocket: Starting heartbeat","timestamp":"2017-03-05T14:43:33.935Z"}
{"level":"info","message":"CLIENT: 1488725013861 WebSocket: Connected to 10.0.1.246:81","timestamp":"2017-03-05T14:43:33.949Z"}
{"level":"info","message":"Initializing ROV Class","timestamp":"2017-03-05T16:21:44.680Z"}
{"level":"info","message":"PWM Initialized & Ready","timestamp":"2017-03-05T16:21:44.716Z"}
{"level":"info","message":"Starting webserver","timestamp":"2017-03-05T16:21:44.723Z"}
{"level":"info","message":"Websocket: Listning on 81","timestamp":"2017-03-05T16:21:44.779Z"}
{"level":"info","message":"Webserver started on port 80","timestamp":"2017-03-05T16:21:44.787Z"}
{"level":"info","message":"Websocket: Remote connection from: ::ffff:10.0.1.73:50525","timestamp":"2017-03-05T16:21:48.803Z"}
{"level":"info","message":"Websocket: Starting heartbeat","timestamp":"2017-03-05T16:21:48.808Z"}
{"level":"info","message":"CLIENT: 1488730908780 WebSocket: Connected to 10.0.1.246:81","timestamp":"2017-03-05T16:21:48.826Z"}
{"level":"info","message":"Initializing ROV Class","timestamp":"2017-03-05T16:22:15.746Z"}
{"level":"info","message":"PWM Initialized & Ready","timestamp":"2017-03-05T16:22:15.782Z"}
{"level":"info","message":"Starting webserver","timestamp":"2017-03-05T16:22:15.790Z"}
{"level":"info","message":"Websocket: Listning on 81","timestamp":"2017-03-05T16:22:15.847Z"}
{"level":"info","message":"Webserver started on port 80","timestamp":"2017-03-05T16:22:15.855Z"}
{"level":"info","message":"Websocket: Remote connection from: ::ffff:10.0.1.73:50535","timestamp":"2017-03-05T16:22:21.694Z"}
{"level":"info","message":"Websocket: Starting heartbeat","timestamp":"2017-03-05T16:22:21.698Z"}
{"level":"info","message":"CLIENT: 1488730941671 WebSocket: Connected to 10.0.1.246:81","timestamp":"2017-03-05T16:22:21.712Z"}
{"level":"info","message":"Initializing ROV Class","timestamp":"2017-03-05T16:22:35.806Z"}
{"level":"info","message":"PWM Initialized & Ready","timestamp":"2017-03-05T16:22:35.842Z"}
{"level":"info","message":"Starting webserver","timestamp":"2017-03-05T16:22:35.849Z"}
{"level":"info","message":"Websocket: Listning on 81","timestamp":"2017-03-05T16:22:35.906Z"}
{"level":"info","message":"Webserver started on port 80","timestamp":"2017-03-05T16:22:35.914Z"}
{"level":"info","message":"Websocket: Remote connection from: ::ffff:10.0.1.73:50538","timestamp":"2017-03-05T16:22:36.697Z"}
{"level":"info","message":"Websocket: Starting heartbeat","timestamp":"2017-03-05T16:22:36.702Z"}
{"level":"info","message":"CLIENT: 1488730956674 WebSocket: Connected to 10.0.1.246:81","timestamp":"2017-03-05T16:22:36.721Z"}
{"level":"info","message":"Initializing ROV Class","timestamp":"2017-03-05T20:00:20.038Z"}
{"level":"info","message":"PWM Initialized & Ready","timestamp":"2017-03-05T20:00:20.074Z"}
{"level":"info","message":"Starting webserver","timestamp":"2017-03-05T20:00:20.081Z"}
{"level":"info","message":"Websocket: Listning on 81","timestamp":"2017-03-05T20:00:20.137Z"}
{"level":"info","message":"Webserver started on port 80","timestamp":"2017-03-05T20:00:20.145Z"}
{"level":"info","message":"Initializing ROV Class","timestamp":"2017-03-05T20:29:26.288Z"}
{"level":"info","message":"PWM Initialized & Ready","timestamp":"2017-03-05T20:29:26.323Z"}
{"level":"info","message":"Starting webserver","timestamp":"2017-03-05T20:29:26.330Z"}
{"level":"info","message":"Websocket: Listning on 81","timestamp":"2017-03-05T20:29:26.387Z"}
{"level":"info","message":"Webserver started on port 80","timestamp":"2017-03-05T20:29:26.394Z"}
{"level":"info","message":"Initializing ROV Class","timestamp":"2017-03-05T20:56:16.251Z"}
{"level":"info","message":"PWM Initialized & Ready","timestamp":"2017-03-05T20:56:16.287Z"}
{"level":"info","message":"Starting webserver","timestamp":"2017-03-05T20:56:16.294Z"}
{"level":"info","message":"Websocket: Listning on 81","timestamp":"2017-03-05T20:56:16.350Z"}
{"level":"info","message":"Webserver started on port 80","timestamp":"2017-03-05T20:56:16.358Z"}
{"level":"info","message":"Initializing ROV Class","timestamp":"2017-03-05T21:00:32.628Z"}
{"level":"info","message":"PWM Initialized & Ready","timestamp":"2017-03-05T21:00:32.663Z"}
{"level":"info","message":"Starting webserver","timestamp":"2017-03-05T21:00:32.670Z"}
{"level":"info","message":"Websocket: Listning on 81","timestamp":"2017-03-05T21:00:32.726Z"}
{"level":"info","message":"Webserver started on port 80","timestamp":"2017-03-05T21:00:32.734Z"}
{"level":"info","message":"Initializing ROV Class","timestamp":"2017-03-05T21:20:57.262Z"}
{"level":"info","message":"PWM Initialized & Ready","timestamp":"2017-03-05T21:20:57.298Z"}
{"level":"info","message":"Starting webserver","timestamp":"2017-03-05T21:20:57.305Z"}
{"level":"info","message":"Websocket: Listning on 81","timestamp":"2017-03-05T21:20:57.362Z"}
{"level":"info","message":"Webserver started on port 80","timestamp":"2017-03-05T21:20:57.369Z"}
{"level":"info","message":"Initializing ROV Class","timestamp":"2017-03-05T21:21:26.045Z"}
{"level":"info","message":"PWM Initialized & Ready","timestamp":"2017-03-05T21:21:26.081Z"}
{"level":"info","message":"Starting webserver","timestamp":"2017-03-05T21:21:26.088Z"}
{"level":"info","message":"Websocket: Listning on 81","timestamp":"2017-03-05T21:21:26.144Z"}
{"level":"info","message":"Webserver started on port 80","timestamp":"2017-03-05T21:21:26.151Z"}
{"level":"info","message":"Initializing ROV Class","timestamp":"2017-03-05T21:23:10.582Z"}
{"level":"info","message":"PWM Initialized & Ready","timestamp":"2017-03-05T21:23:10.618Z"}
{"level":"info","message":"Starting webserver","timestamp":"2017-03-05T21:23:10.625Z"}
{"level":"info","message":"Websocket: Listning on 81","timestamp":"2017-03-05T21:23:10.681Z"}
{"level":"info","message":"Webserver started on port 80","timestamp":"2017-03-05T21:23:10.689Z"}
{"level":"info","message":"Initializing ROV Class","timestamp":"2017-03-05T21:24:01.018Z"}
{"level":"info","message":"PWM Initialized & Ready","timestamp":"2017-03-05T21:24:01.052Z"}
{"level":"info","message":"Starting webserver","timestamp":"2017-03-05T21:24:01.061Z"}
{"level":"info","message":"Websocket: Listning on 81","timestamp":"2017-03-05T21:24:01.117Z"}
{"level":"info","message":"Webserver started on port 80","timestamp":"2017-03-05T21:24:01.125Z"}
{"level":"info","message":"Initializing ROV Class","timestamp":"2017-03-05T21:24:19.564Z"}
{"level":"info","message":"PWM Initialized & Ready","timestamp":"2017-03-05T21:24:19.599Z"}
{"level":"info","message":"Starting webserver","timestamp":"2017-03-05T21:24:19.606Z"}
{"level":"info","message":"Websocket: Listning on 81","timestamp":"2017-03-05T21:24:19.663Z"}
{"level":"info","message":"Webserver started on port 80","timestamp":"2017-03-05T21:24:19.671Z"}
{"level":"info","message":"Initializing ROV Class","timestamp":"2017-03-05T21:25:27.757Z"}
{"level":"info","message":"PWM Initialized & Ready","timestamp":"2017-03-05T21:25:27.791Z"}
{"level":"info","message":"Starting webserver","timestamp":"2017-03-05T21:25:27.798Z"}
{"level":"info","message":"Websocket: Listning on 81","timestamp":"2017-03-05T21:25:27.854Z"}
{"level":"info","message":"Webserver started on port 80","timestamp":"2017-03-05T21:25:27.862Z"}
{"level":"info","message":"Initializing ROV Class","timestamp":"2017-03-05T21:25:38.341Z"}
{"level":"info","message":"PWM Initialized & Ready","timestamp":"2017-03-05T21:25:38.375Z"}
{"level":"info","message":"Starting webserver","timestamp":"2017-03-05T21:25:38.384Z"}
{"level":"info","message":"Websocket: Listning on 81","timestamp":"2017-03-05T21:25:38.441Z"}
{"level":"info","message":"Webserver started on port 80","timestamp":"2017-03-05T21:25:38.448Z"}
{"level":"info","message":"Initializing ROV Class","timestamp":"2017-03-05T21:25:57.105Z"}
{"level":"info","message":"PWM Initialized & Ready","timestamp":"2017-03-05T21:25:57.139Z"}
{"level":"info","message":"Starting webserver","timestamp":"2017-03-05T21:25:57.148Z"}
{"level":"info","message":"Websocket: Listning on 81","timestamp":"2017-03-05T21:25:57.205Z"}
{"level":"info","message":"Webserver started on port 80","timestamp":"2017-03-05T21:25:57.212Z"}
{"level":"info","message":"Initializing ROV Class","timestamp":"2017-03-05T21:26:05.993Z"}
{"level":"info","message":"PWM Initialized & Ready","timestamp":"2017-03-05T21:26:06.027Z"}
{"level":"info","message":"Starting webserver","timestamp":"2017-03-05T21:26:06.036Z"}
{"level":"info","message":"Websocket: Listning on 81","timestamp":"2017-03-05T21:26:06.092Z"}
{"level":"info","message":"Webserver started on port 80","timestamp":"2017-03-05T21:26:06.099Z"}
{"level":"info","message":"Initializing ROV Class","timestamp":"2017-03-05T21:27:38.466Z"}
{"level":"info","message":"PWM Initialized & Ready","timestamp":"2017-03-05T21:27:38.501Z"}
{"level":"info","message":"Starting webserver","timestamp":"2017-03-05T21:27:38.510Z"}
{"level":"info","message":"Websocket: Listning on 81","timestamp":"2017-03-05T21:27:38.567Z"}
{"level":"info","message":"Webserver started on port 80","timestamp":"2017-03-05T21:27:38.575Z"}
{"level":"info","message":"Initializing ROV Class","timestamp":"2017-03-05T21:28:51.727Z"}
{"level":"info","message":"PWM Initialized & Ready","timestamp":"2017-03-05T21:28:51.761Z"}
{"level":"info","message":"Starting webserver","timestamp":"2017-03-05T21:28:51.770Z"}
{"level":"info","message":"Websocket: Listning on 81","timestamp":"2017-03-05T21:28:51.826Z"}
{"level":"info","message":"Webserver started on port 80","timestamp":"2017-03-05T21:28:51.834Z"}
{"level":"info","message":"Initializing ROV Class","timestamp":"2017-03-05T21:29:21.999Z"}
{"level":"info","message":"PWM Initialized & Ready","timestamp":"2017-03-05T21:29:22.032Z"}
{"level":"info","message":"Starting webserver","timestamp":"2017-03-05T21:29:22.041Z"}
{"level":"info","message":"Websocket: Listning on 81","timestamp":"2017-03-05T21:29:22.097Z"}
{"level":"info","message":"Webserver started on port 80","timestamp":"2017-03-05T21:29:22.105Z"}
{"level":"info","message":"Initializing ROV Class","timestamp":"2017-03-05T21:30:29.805Z"}
{"level":"info","message":"PWM Initialized & Ready","timestamp":"2017-03-05T21:30:29.841Z"}
{"level":"info","message":"Starting webserver","timestamp":"2017-03-05T21:30:29.850Z"}
{"level":"info","message":"Websocket: Listning on 81","timestamp":"2017-03-05T21:30:29.906Z"}
{"level":"info","message":"Webserver started on port 80","timestamp":"2017-03-05T21:30:29.913Z"}
{"level":"info","message":"Initializing ROV Class","timestamp":"2017-03-05T21:31:31.771Z"}
{"level":"info","message":"PWM Initialized & Ready","timestamp":"2017-03-05T21:31:31.807Z"}
{"level":"info","message":"Starting webserver","timestamp":"2017-03-05T21:31:31.816Z"}
{"level":"info","message":"Websocket: Listning on 81","timestamp":"2017-03-05T21:31:31.872Z"}
{"level":"info","message":"Webserver started on port 80","timestamp":"2017-03-05T21:31:31.880Z"}
{"level":"info","message":"Initializing ROV Class","timestamp":"2017-03-05T21:33:32.318Z"}
{"level":"info","message":"PWM Initialized & Ready","timestamp":"2017-03-05T21:33:32.355Z"}
{"level":"info","message":"Starting webserver","timestamp":"2017-03-05T21:33:32.364Z"}
{"level":"info","message":"Websocket: Listning on 81","timestamp":"2017-03-05T21:33:32.421Z"}
{"level":"info","message":"Webserver started on port 80","timestamp":"2017-03-05T21:33:32.429Z"}
{"level":"info","message":"Initializing ROV Class","timestamp":"2017-03-05T21:33:47.061Z"}
{"level":"info","message":"PWM Initialized & Ready","timestamp":"2017-03-05T21:33:47.095Z"}
{"level":"info","message":"Starting webserver","timestamp":"2017-03-05T21:33:47.104Z"}
{"level":"info","message":"Websocket: Listning on 81","timestamp":"2017-03-05T21:33:47.160Z"}
{"level":"info","message":"Webserver started on port 80","timestamp":"2017-03-05T21:33:47.167Z"}
{"level":"info","message":"Initializing ROV Class","timestamp":"2017-03-05T21:34:43.900Z"}
{"level":"info","message":"PWM Initialized & Ready","timestamp":"2017-03-05T21:34:43.936Z"}
{"level":"info","message":"Starting webserver","timestamp":"2017-03-05T21:34:43.944Z"}
{"level":"info","message":"Websocket: Listning on 81","timestamp":"2017-03-05T21:34:44.001Z"}
{"level":"info","message":"Webserver started on port 80","timestamp":"2017-03-05T21:34:44.008Z"}
{"level":"info","message":"Initializing ROV Class","timestamp":"2017-03-05T21:35:08.751Z"}
{"level":"info","message":"PWM Initialized & Ready","timestamp":"2017-03-05T21:35:08.787Z"}
{"level":"info","message":"Starting webserver","timestamp":"2017-03-05T21:35:08.796Z"}
{"level":"info","message":"Websocket: Listning on 81","timestamp":"2017-03-05T21:35:08.852Z"}
{"level":"info","message":"Webserver started on port 80","timestamp":"2017-03-05T21:35:08.859Z"}
{"level":"info","message":"Initializing ROV Class","timestamp":"2017-03-05T21:35:18.550Z"}
{"level":"info","message":"PWM Initialized & Ready","timestamp":"2017-03-05T21:35:18.586Z"}
{"level":"info","message":"Starting webserver","timestamp":"2017-03-05T21:35:18.594Z"}
{"level":"info","message":"Websocket: Listning on 81","timestamp":"2017-03-05T21:35:18.651Z"}
{"level":"info","message":"Webserver started on port 80","timestamp":"2017-03-05T21:35:18.658Z"}
{"level":"info","message":"Initializing ROV Class","timestamp":"2017-03-05T21:36:09.935Z"}
{"level":"info","message":"PWM Initialized & Ready","timestamp":"2017-03-05T21:36:09.971Z"}
{"level":"info","message":"Starting webserver","timestamp":"2017-03-05T21:36:09.980Z"}
{"level":"info","message":"Websocket: Listning on 81","timestamp":"2017-03-05T21:36:10.036Z"}
{"level":"info","message":"Webserver started on port 80","timestamp":"2017-03-05T21:36:10.044Z"}
{"level":"info","message":"Initializing ROV Class","timestamp":"2017-03-05T21:36:21.981Z"}
{"level":"info","message":"PWM Initialized & Ready","timestamp":"2017-03-05T21:36:22.017Z"}
{"level":"info","message":"Starting webserver","timestamp":"2017-03-05T21:36:22.026Z"}
{"level":"info","message":"Websocket: Listning on 81","timestamp":"2017-03-05T21:36:22.082Z"}
{"level":"info","message":"Webserver started on port 80","timestamp":"2017-03-05T21:36:22.090Z"}
{"level":"info","message":"Initializing ROV Class","timestamp":"2017-03-05T21:39:33.981Z"}
{"level":"info","message":"PWM Initialized & Ready","timestamp":"2017-03-05T21:39:34.015Z"}
{"level":"info","message":"Starting webserver","timestamp":"2017-03-05T21:39:34.024Z"}
{"level":"info","message":"Websocket: Listning on 81","timestamp":"2017-03-05T21:39:34.080Z"}
{"level":"info","message":"Webserver started on port 80","timestamp":"2017-03-05T21:39:34.088Z"}
{"level":"info","message":"Initializing ROV Class","timestamp":"2017-03-05T21:41:20.320Z"}
{"level":"info","message":"PWM Initialized & Ready","timestamp":"2017-03-05T21:41:20.354Z"}
{"level":"info","message":"Starting webserver","timestamp":"2017-03-05T21:41:20.375Z"}
{"level":"info","message":"Websocket: Listning on 81","timestamp":"2017-03-05T21:41:20.432Z"}
{"level":"info","message":"Webserver started on port 80","timestamp":"2017-03-05T21:41:20.439Z"}
{"level":"info","message":"Initializing ROV Class","timestamp":"2017-03-05T21:42:05.054Z"}
{"level":"info","message":"PWM Initialized & Ready","timestamp":"2017-03-05T21:42:05.090Z"}
{"level":"info","message":"Starting webserver","timestamp":"2017-03-05T21:42:05.111Z"}
{"level":"info","message":"Websocket: Listning on 81","timestamp":"2017-03-05T21:42:05.167Z"}
{"level":"info","message":"Webserver started on port 80","timestamp":"2017-03-05T21:42:05.175Z"}
