{"level":"silly","message":"127.0.0.1 - there's no place like home","timestamp":"2017-02-25T12:25:46.187Z"}
{"level":"debug","message":"127.0.0.1 - there's no place like home","timestamp":"2017-02-25T12:25:46.203Z"}
{"level":"verbose","message":"127.0.0.1 - there's no place like home","timestamp":"2017-02-25T12:25:46.205Z"}
{"level":"info","message":"127.0.0.1 - there's no place like home","timestamp":"2017-02-25T12:25:46.220Z"}
{"level":"warn","message":"127.0.0.1 - there's no place like home","timestamp":"2017-02-25T12:25:46.225Z"}
{"level":"error","message":"127.0.0.1 - there's no place like home","timestamp":"2017-02-25T12:25:46.226Z"}
{"level":"info","message":"127.0.0.1 - there's no place like home","timestamp":"2017-02-25T12:25:46.228Z"}
{"level":"warn","message":"127.0.0.1 - there's no place like home","timestamp":"2017-02-25T12:25:46.229Z"}
{"level":"error","message":"127.0.0.1 - there's no place like home","timestamp":"2017-02-25T12:25:46.230Z"}
{"level":"info","message":"Initializing","timestamp":"2017-02-25T12:30:30.883Z"}
{"level":"info","message":"Webserver started on port 3000","timestamp":"2017-02-25T12:30:31.004Z"}
{"level":"info","message":"Client connected via socket.io","timestamp":"2017-02-25T12:30:32.636Z"}
{"level":"info","message":"Initializing","timestamp":"2017-02-25T12:33:16.100Z"}
{"level":"info","message":"Webserver started on port 3000","timestamp":"2017-02-25T12:33:16.221Z"}
{"level":"info","message":"Client connected via socket.io","timestamp":"2017-02-25T12:33:20.200Z"}
{"level":"info","message":"Initializing","timestamp":"2017-02-25T12:36:14.040Z"}
{"level":"info","message":"Webserver started on port 3000","timestamp":"2017-02-25T12:36:14.162Z"}
{"level":"info","message":"Client connected via socket.io","timestamp":"2017-02-25T12:36:16.463Z"}
{"level":"info","message":"Client disconnected from socket.io","timestamp":"2017-02-25T12:36:38.922Z"}
{"level":"verbose","message":"Set all controls to neutral / off","timestamp":"2017-02-25T12:36:38.924Z"}
{"level":"info","message":"Initializing","timestamp":"2017-02-25T12:36:57.948Z"}
{"level":"info","message":"Webserver started on port 3000","timestamp":"2017-02-25T12:36:58.069Z"}
{"level":"info","message":"Client connected via socket.io","timestamp":"2017-02-25T12:36:59.031Z"}
{"level":"warn","message":"Client disconnected from socket.io","timestamp":"2017-02-25T12:37:01.795Z"}
{"level":"verbose","message":"Set all controls to neutral / off","timestamp":"2017-02-25T12:37:01.797Z"}
{"level":"info","message":"Client connected via socket.io","timestamp":"2017-02-25T12:37:05.552Z"}
{"level":"info","message":"Initializing","timestamp":"2017-02-25T12:45:50.980Z"}
{"level":"info","message":"Webserver started on port 3000","timestamp":"2017-02-25T12:45:51.101Z"}
{"level":"info","message":"Client connected via socket.io","timestamp":"2017-02-25T12:45:51.876Z"}
{"level":"info","message":"Initializing","timestamp":"2017-02-25T12:58:13.816Z"}
{"level":"info","message":"Webserver started on port 3000","timestamp":"2017-02-25T12:58:13.937Z"}
{"level":"info","message":"Client connected via socket.io","timestamp":"2017-02-25T12:58:15.016Z"}
{"level":"info","message":"Initializing","timestamp":"2017-02-25T13:00:11.563Z"}
{"level":"info","message":"Webserver started on port 3000","timestamp":"2017-02-25T13:00:11.686Z"}
{"level":"info","message":"Client connected via socket.io","timestamp":"2017-02-25T13:00:15.926Z"}
{"level":"info","message":"Initializing","timestamp":"2017-02-25T13:00:42.267Z"}
{"level":"info","message":"Webserver started on port 3000","timestamp":"2017-02-25T13:00:42.390Z"}
{"level":"info","message":"Initializing","timestamp":"2017-02-25T13:08:16.369Z"}
{"level":"info","message":"Webserver started on port 3000","timestamp":"2017-02-25T13:08:16.520Z"}
{"level":"info","message":"Initializing","timestamp":"2017-02-25T13:10:59.328Z"}
{"level":"info","message":"Webserver started on port 3000","timestamp":"2017-02-25T13:10:59.449Z"}
{"level":"info","message":"Initializing","timestamp":"2017-02-25T13:12:13.748Z"}
{"level":"info","message":"Webserver started on port 3000","timestamp":"2017-02-25T13:12:13.868Z"}
{"level":"info","message":"Client connected via socket.io","timestamp":"2017-02-25T13:12:14.686Z"}
{"level":"info","message":"Initializing","timestamp":"2017-02-25T13:12:32.973Z"}
{"level":"info","message":"Webserver started on port 3000","timestamp":"2017-02-25T13:12:33.096Z"}
{"level":"info","message":"Client connected via socket.io","timestamp":"2017-02-25T13:12:35.733Z"}
{"level":"info","message":"Initializing","timestamp":"2017-02-25T13:12:52.512Z"}
{"level":"info","message":"Webserver started on port 3000","timestamp":"2017-02-25T13:12:52.633Z"}
{"level":"info","message":"Client connected via socket.io","timestamp":"2017-02-25T13:12:55.347Z"}
{"level":"info","message":"Initializing","timestamp":"2017-02-25T13:14:14.238Z"}
{"level":"info","message":"Webserver started on port 3000","timestamp":"2017-02-25T13:14:14.361Z"}
{"level":"info","message":"Client connected via socket.io","timestamp":"2017-02-25T13:14:18.837Z"}
{"level":"info","message":"Initializing","timestamp":"2017-02-25T13:15:04.896Z"}
{"level":"info","message":"Webserver started on port 3000","timestamp":"2017-02-25T13:15:05.018Z"}
{"level":"info","message":"Client connected via socket.io","timestamp":"2017-02-25T13:15:07.909Z"}
{"level":"info","message":"Initializing","timestamp":"2017-02-25T13:15:42.185Z"}
{"level":"info","message":"Webserver started on port 3000","timestamp":"2017-02-25T13:15:42.306Z"}
{"level":"info","message":"Client connected via socket.io","timestamp":"2017-02-25T13:15:46.430Z"}
{"level":"info","message":"Initializing","timestamp":"2017-02-25T13:17:52.698Z"}
{"level":"info","message":"Webserver started on port 3000","timestamp":"2017-02-25T13:17:52.820Z"}
{"level":"info","message":"Initializing","timestamp":"2017-02-25T13:19:20.083Z"}
{"level":"info","message":"Webserver started on port 3000","timestamp":"2017-02-25T13:19:20.204Z"}
{"level":"info","message":"Initializing","timestamp":"2017-02-25T13:20:13.748Z"}
{"level":"info","message":"Webserver started on port 3000","timestamp":"2017-02-25T13:20:13.870Z"}
{"level":"info","message":"Client connected via socket.io","timestamp":"2017-02-25T13:20:16.656Z"}
{"level":"info","message":"Initializing NodeROV","timestamp":"2017-02-25T13:29:58.990Z"}
{"level":"info","message":"PWM Initialized & Ready","timestamp":"2017-02-25T13:29:59.020Z"}
{"level":"info","message":"Starting webserver","timestamp":"2017-02-25T13:29:59.022Z"}
{"level":"info","message":"Listning for scokets","timestamp":"2017-02-25T13:29:59.109Z"}
{"level":"info","message":"Webserver started on port 3000","timestamp":"2017-02-25T13:29:59.117Z"}
{"level":"info","message":"Client connected via socket.io","timestamp":"2017-02-25T13:30:03.904Z"}
{"level":"info","message":"Initializing NodeROV","timestamp":"2017-02-25T13:33:52.078Z"}
{"level":"info","message":"PWM Initialized & Ready","timestamp":"2017-02-25T13:33:52.108Z"}
{"level":"info","message":"Starting webserver","timestamp":"2017-02-25T13:33:52.110Z"}
{"level":"info","message":"Listning for scokets","timestamp":"2017-02-25T13:33:52.199Z"}
{"level":"info","message":"Webserver started on port 3000","timestamp":"2017-02-25T13:33:52.208Z"}
{"level":"info","message":"Client connected via socket.io","timestamp":"2017-02-25T13:33:53.142Z"}
{"level":"info","message":"Initializing NodeROV","timestamp":"2017-02-25T13:34:17.182Z"}
{"level":"info","message":"PWM Initialized & Ready","timestamp":"2017-02-25T13:34:17.211Z"}
{"level":"info","message":"Starting webserver","timestamp":"2017-02-25T13:34:17.213Z"}
{"level":"info","message":"Listning for scokets","timestamp":"2017-02-25T13:34:17.299Z"}
{"level":"info","message":"Webserver started on port 3000","timestamp":"2017-02-25T13:34:17.307Z"}
{"level":"info","message":"Initializing NodeROV","timestamp":"2017-02-25T13:34:22.510Z"}
{"level":"info","message":"PWM Initialized & Ready","timestamp":"2017-02-25T13:34:22.539Z"}
{"level":"info","message":"Starting webserver","timestamp":"2017-02-25T13:34:22.541Z"}
{"level":"info","message":"Listning for scokets","timestamp":"2017-02-25T13:34:22.628Z"}
{"level":"info","message":"Webserver started on port 3000","timestamp":"2017-02-25T13:34:22.636Z"}
{"level":"info","message":"Client connected via socket.io","timestamp":"2017-02-25T13:34:25.522Z"}
{"level":"info","message":"Starting heartbeat","timestamp":"2017-02-25T13:34:25.526Z"}
{"level":"info","message":"Initializing NodeROV","timestamp":"2017-02-25T13:34:59.668Z"}
{"level":"info","message":"PWM Initialized & Ready","timestamp":"2017-02-25T13:34:59.697Z"}
{"level":"info","message":"Starting webserver","timestamp":"2017-02-25T13:34:59.699Z"}
{"level":"info","message":"Listning for scokets","timestamp":"2017-02-25T13:34:59.786Z"}
{"level":"info","message":"Webserver started on port 3000","timestamp":"2017-02-25T13:34:59.794Z"}
{"level":"info","message":"Client connected via socket.io","timestamp":"2017-02-25T13:35:02.224Z"}
{"level":"info","message":"Starting heartbeat","timestamp":"2017-02-25T13:35:02.228Z"}
{"level":"info","message":"Initializing NodeROV","timestamp":"2017-02-25T13:37:37.289Z"}
{"level":"info","message":"PWM Initialized & Ready","timestamp":"2017-02-25T13:37:37.318Z"}
{"level":"info","message":"Starting webserver","timestamp":"2017-02-25T13:37:37.320Z"}
{"level":"info","message":"Listning for scokets","timestamp":"2017-02-25T13:37:37.407Z"}
{"level":"info","message":"Webserver started on port 3000","timestamp":"2017-02-25T13:37:37.414Z"}
{"level":"info","message":"Client connected via socket.io","timestamp":"2017-02-25T13:37:39.036Z"}
{"level":"info","message":"Starting heartbeat","timestamp":"2017-02-25T13:37:39.040Z"}
{"level":"info","message":"Initializing NodeROV","timestamp":"2017-02-25T13:40:50.835Z"}
{"level":"info","message":"PWM Initialized & Ready","timestamp":"2017-02-25T13:40:50.865Z"}
{"level":"info","message":"Starting webserver","timestamp":"2017-02-25T13:40:50.867Z"}
{"level":"info","message":"Listning for scokets","timestamp":"2017-02-25T13:40:50.954Z"}
{"level":"info","message":"Webserver started on port 3000","timestamp":"2017-02-25T13:40:50.962Z"}
{"level":"info","message":"Client connected via socket.io","timestamp":"2017-02-25T13:40:51.573Z"}
{"level":"info","message":"Starting heartbeat","timestamp":"2017-02-25T13:40:51.577Z"}
{"level":"warn","message":"HB: No response the last 5 sec, client timeout!","timestamp":"2017-02-25T13:40:56.598Z"}
{"level":"warn","message":"HB: No response the last 5 sec, client timeout!","timestamp":"2017-02-25T13:41:02.611Z"}
{"level":"warn","message":"HB: No response the last 5 sec, client timeout!","timestamp":"2017-02-25T13:41:08.621Z"}
{"level":"warn","message":"HB: No response the last 5 sec, client timeout!","timestamp":"2017-02-25T13:41:14.631Z"}
{"level":"warn","message":"HB: No response the last 5 sec, client timeout!","timestamp":"2017-02-25T13:41:20.643Z"}
{"level":"warn","message":"HB: No response the last 5 sec, client timeout!","timestamp":"2017-02-25T13:41:26.654Z"}
{"level":"warn","message":"HB: No response the last 5 sec, client timeout!","timestamp":"2017-02-25T13:41:32.664Z"}
{"level":"warn","message":"HB: No response the last 5 sec, client timeout!","timestamp":"2017-02-25T13:41:38.682Z"}
{"level":"warn","message":"HB: No response the last 5 sec, client timeout!","timestamp":"2017-02-25T13:41:44.692Z"}
{"level":"warn","message":"HB: No response the last 5 sec, client timeout!","timestamp":"2017-02-25T13:41:50.703Z"}
{"level":"info","message":"Initializing NodeROV","timestamp":"2017-02-25T13:42:01.755Z"}
{"level":"info","message":"PWM Initialized & Ready","timestamp":"2017-02-25T13:42:01.784Z"}
{"level":"info","message":"Starting webserver","timestamp":"2017-02-25T13:42:01.786Z"}
{"level":"info","message":"Listning for scokets","timestamp":"2017-02-25T13:42:01.873Z"}
{"level":"info","message":"Webserver started on port 3000","timestamp":"2017-02-25T13:42:01.880Z"}
{"level":"info","message":"Client connected via socket.io","timestamp":"2017-02-25T13:42:03.490Z"}
{"level":"info","message":"Starting heartbeat","timestamp":"2017-02-25T13:42:03.494Z"}
{"level":"info","message":"Initializing NodeROV","timestamp":"2017-02-25T13:42:30.490Z"}
{"level":"info","message":"PWM Initialized & Ready","timestamp":"2017-02-25T13:42:30.520Z"}
{"level":"info","message":"Starting webserver","timestamp":"2017-02-25T13:42:30.522Z"}
{"level":"info","message":"Listning for scokets","timestamp":"2017-02-25T13:42:30.609Z"}
{"level":"info","message":"Webserver started on port 3000","timestamp":"2017-02-25T13:42:30.617Z"}
{"level":"info","message":"Client connected via socket.io","timestamp":"2017-02-25T13:42:34.801Z"}
{"level":"info","message":"Starting heartbeat","timestamp":"2017-02-25T13:42:34.805Z"}
{"level":"info","message":"Initializing NodeROV","timestamp":"2017-02-25T13:44:57.112Z"}
{"level":"info","message":"PWM Initialized & Ready","timestamp":"2017-02-25T13:44:57.141Z"}
{"level":"info","message":"Starting webserver","timestamp":"2017-02-25T13:44:57.143Z"}
{"level":"info","message":"Listning for scokets","timestamp":"2017-02-25T13:44:57.230Z"}
{"level":"info","message":"Webserver started on port 3000","timestamp":"2017-02-25T13:44:57.238Z"}
{"level":"info","message":"Client connected via socket.io","timestamp":"2017-02-25T13:44:58.168Z"}
{"level":"info","message":"Starting heartbeat","timestamp":"2017-02-25T13:44:58.173Z"}
{"level":"info","message":"Initializing NodeROV","timestamp":"2017-02-25T13:48:15.188Z"}
{"level":"info","message":"PWM Initialized & Ready","timestamp":"2017-02-25T13:48:15.218Z"}
{"level":"info","message":"Starting webserver","timestamp":"2017-02-25T13:48:15.220Z"}
{"level":"info","message":"Listning for scokets","timestamp":"2017-02-25T13:48:15.306Z"}
{"level":"info","message":"Webserver started on port 3000","timestamp":"2017-02-25T13:48:15.314Z"}
{"level":"info","message":"Client connected via socket.io","timestamp":"2017-02-25T13:48:16.098Z"}
{"level":"info","message":"Starting heartbeat","timestamp":"2017-02-25T13:48:16.103Z"}
{"level":"info","message":"Client disconnected from socket.io","timestamp":"2017-02-25T13:48:18.044Z"}
{"level":"verbose","message":"Set all controls to neutral / off","timestamp":"2017-02-25T13:48:18.046Z"}
{"level":"info","message":"Stopping heartbeat","timestamp":"2017-02-25T13:48:18.048Z"}
{"level":"info","message":"Client connected via socket.io","timestamp":"2017-02-25T13:48:18.147Z"}
{"level":"info","message":"Initializing NodeROV","timestamp":"2017-02-25T13:49:29.377Z"}
{"level":"info","message":"PWM Initialized & Ready","timestamp":"2017-02-25T13:49:29.406Z"}
{"level":"info","message":"Starting webserver","timestamp":"2017-02-25T13:49:29.408Z"}
{"level":"info","message":"Listning for scokets","timestamp":"2017-02-25T13:49:29.495Z"}
{"level":"info","message":"Webserver started on port 3000","timestamp":"2017-02-25T13:49:29.503Z"}
{"level":"info","message":"Client connected via socket.io","timestamp":"2017-02-25T13:49:31.661Z"}
{"level":"info","message":"Starting heartbeat","timestamp":"2017-02-25T13:49:31.665Z"}
{"level":"info","message":"Initializing NodeROV","timestamp":"2017-02-25T13:49:59.157Z"}
{"level":"info","message":"PWM Initialized & Ready","timestamp":"2017-02-25T13:49:59.188Z"}
{"level":"info","message":"Starting webserver","timestamp":"2017-02-25T13:49:59.189Z"}
{"level":"info","message":"Listning for scokets","timestamp":"2017-02-25T13:49:59.277Z"}
{"level":"info","message":"Webserver started on port 3000","timestamp":"2017-02-25T13:49:59.284Z"}
{"level":"info","message":"Client connected via socket.io","timestamp":"2017-02-25T13:50:02.542Z"}
{"level":"info","message":"Starting heartbeat","timestamp":"2017-02-25T13:50:02.546Z"}
{"level":"info","message":"Client disconnected from socket.io","timestamp":"2017-02-25T13:50:06.054Z"}
{"level":"verbose","message":"Set all controls to neutral / off","timestamp":"2017-02-25T13:50:06.058Z"}
{"level":"info","message":"Stopping heartbeat","timestamp":"2017-02-25T13:50:06.060Z"}
{"level":"info","message":"Client connected via socket.io","timestamp":"2017-02-25T13:50:06.163Z"}
{"level":"info","message":"Initializing NodeROV","timestamp":"2017-02-25T13:50:41.432Z"}
{"level":"info","message":"PWM Initialized & Ready","timestamp":"2017-02-25T13:50:41.463Z"}
{"level":"info","message":"Starting webserver","timestamp":"2017-02-25T13:50:41.464Z"}
{"level":"info","message":"Listning for scokets","timestamp":"2017-02-25T13:50:41.552Z"}
{"level":"info","message":"Webserver started on port 3000","timestamp":"2017-02-25T13:50:41.560Z"}
{"level":"info","message":"Client connected via socket.io","timestamp":"2017-02-25T13:50:43.667Z"}
{"level":"info","message":"Starting heartbeat","timestamp":"2017-02-25T13:50:43.671Z"}
{"level":"info","message":"Initializing NodeROV","timestamp":"2017-02-25T13:50:53.145Z"}
{"level":"info","message":"PWM Initialized & Ready","timestamp":"2017-02-25T13:50:53.176Z"}
{"level":"info","message":"Starting webserver","timestamp":"2017-02-25T13:50:53.177Z"}
{"level":"info","message":"Listning for scokets","timestamp":"2017-02-25T13:50:53.265Z"}
{"level":"info","message":"Webserver started on port 3000","timestamp":"2017-02-25T13:50:53.272Z"}
{"level":"info","message":"Client connected via socket.io","timestamp":"2017-02-25T13:50:58.675Z"}
{"level":"info","message":"Starting heartbeat","timestamp":"2017-02-25T13:50:58.680Z"}
{"level":"info","message":"Initializing NodeROV","timestamp":"2017-02-25T13:51:57.875Z"}
{"level":"info","message":"PWM Initialized & Ready","timestamp":"2017-02-25T13:51:57.905Z"}
{"level":"info","message":"Starting webserver","timestamp":"2017-02-25T13:51:57.906Z"}
{"level":"info","message":"Listning for scokets","timestamp":"2017-02-25T13:51:57.993Z"}
{"level":"info","message":"Webserver started on port 3000","timestamp":"2017-02-25T13:51:58.000Z"}
{"level":"info","message":"Client connected via socket.io","timestamp":"2017-02-25T13:52:01.879Z"}
{"level":"info","message":"Starting heartbeat","timestamp":"2017-02-25T13:52:01.884Z"}
{"level":"info","message":"Client disconnected from socket.io","timestamp":"2017-02-25T13:52:02.921Z"}
{"level":"verbose","message":"Set all controls to neutral / off","timestamp":"2017-02-25T13:52:02.923Z"}
{"level":"info","message":"Stopping heartbeat","timestamp":"2017-02-25T13:52:02.924Z"}
{"level":"info","message":"Client connected via socket.io","timestamp":"2017-02-25T13:52:03.034Z"}
{"level":"info","message":"Starting heartbeat","timestamp":"2017-02-25T13:52:03.036Z"}
{"level":"info","message":"Client disconnected from socket.io","timestamp":"2017-02-25T13:52:04.525Z"}
{"level":"verbose","message":"Set all controls to neutral / off","timestamp":"2017-02-25T13:52:04.527Z"}
{"level":"info","message":"Stopping heartbeat","timestamp":"2017-02-25T13:52:04.529Z"}
{"level":"info","message":"Client connected via socket.io","timestamp":"2017-02-25T13:52:04.628Z"}
{"level":"info","message":"Starting heartbeat","timestamp":"2017-02-25T13:52:04.630Z"}
{"level":"info","message":"Client disconnected from socket.io","timestamp":"2017-02-25T13:52:06.562Z"}
{"level":"verbose","message":"Set all controls to neutral / off","timestamp":"2017-02-25T13:52:06.564Z"}
{"level":"info","message":"Stopping heartbeat","timestamp":"2017-02-25T13:52:06.565Z"}
{"level":"info","message":"Client connected via socket.io","timestamp":"2017-02-25T13:52:06.660Z"}
{"level":"info","message":"Starting heartbeat","timestamp":"2017-02-25T13:52:06.662Z"}
{"level":"warn","message":"HB: No response the last 5 sec, client timeout!","timestamp":"2017-02-25T13:52:07.934Z"}
{"level":"info","message":"Client disconnected from socket.io","timestamp":"2017-02-25T13:52:11.993Z"}
{"level":"verbose","message":"Set all controls to neutral / off","timestamp":"2017-02-25T13:52:11.994Z"}
{"level":"info","message":"Stopping heartbeat","timestamp":"2017-02-25T13:52:11.995Z"}
{"level":"info","message":"Client connected via socket.io","timestamp":"2017-02-25T13:52:12.143Z"}
{"level":"info","message":"Starting heartbeat","timestamp":"2017-02-25T13:52:12.144Z"}
{"level":"info","message":"Client disconnected from socket.io","timestamp":"2017-02-25T13:52:14.038Z"}
{"level":"verbose","message":"Set all controls to neutral / off","timestamp":"2017-02-25T13:52:14.039Z"}
{"level":"info","message":"Stopping heartbeat","timestamp":"2017-02-25T13:52:14.040Z"}
{"level":"info","message":"Client connected via socket.io","timestamp":"2017-02-25T13:52:14.145Z"}
{"level":"info","message":"Starting heartbeat","timestamp":"2017-02-25T13:52:14.150Z"}
{"level":"info","message":"Client disconnected from socket.io","timestamp":"2017-02-25T13:52:16.270Z"}
{"level":"verbose","message":"Set all controls to neutral / off","timestamp":"2017-02-25T13:52:16.271Z"}
{"level":"info","message":"Stopping heartbeat","timestamp":"2017-02-25T13:52:16.272Z"}
{"level":"info","message":"Client connected via socket.io","timestamp":"2017-02-25T13:52:16.381Z"}
{"level":"info","message":"Starting heartbeat","timestamp":"2017-02-25T13:52:16.382Z"}
{"level":"info","message":"Initializing NodeROV","timestamp":"2017-02-25T21:47:49.636Z"}
{"level":"info","message":"PWM Initialized & Ready","timestamp":"2017-02-25T21:47:49.666Z"}
{"level":"info","message":"Starting webserver","timestamp":"2017-02-25T21:47:49.667Z"}
{"level":"info","message":"Listning for scokets","timestamp":"2017-02-25T21:47:49.778Z"}
{"level":"info","message":"Webserver started on port 3000","timestamp":"2017-02-25T21:47:49.786Z"}
{"level":"info","message":"Client connected via socket.io","timestamp":"2017-02-25T21:47:50.204Z"}
{"level":"info","message":"Starting heartbeat","timestamp":"2017-02-25T21:47:50.208Z"}
{"level":"info","message":"Client disconnected from socket.io","timestamp":"2017-02-25T21:48:17.051Z"}
{"level":"verbose","message":"Set all controls to neutral / off","timestamp":"2017-02-25T21:48:17.052Z"}
{"level":"info","message":"Stopping heartbeat","timestamp":"2017-02-25T21:48:17.053Z"}
{"level":"info","message":"Client connected via socket.io","timestamp":"2017-02-25T21:48:17.157Z"}
{"level":"info","message":"Starting heartbeat","timestamp":"2017-02-25T21:48:17.159Z"}
{"level":"info","message":"Client disconnected from socket.io","timestamp":"2017-02-25T21:49:44.514Z"}
{"level":"verbose","message":"Set all controls to neutral / off","timestamp":"2017-02-25T21:49:44.516Z"}
{"level":"info","message":"Stopping heartbeat","timestamp":"2017-02-25T21:49:44.517Z"}
{"level":"info","message":"Client connected via socket.io","timestamp":"2017-02-25T21:49:44.664Z"}
{"level":"info","message":"Starting heartbeat","timestamp":"2017-02-25T21:49:44.666Z"}
{"level":"info","message":"Client disconnected from socket.io","timestamp":"2017-02-25T21:49:45.830Z"}
{"level":"verbose","message":"Set all controls to neutral / off","timestamp":"2017-02-25T21:49:45.832Z"}
{"level":"info","message":"Stopping heartbeat","timestamp":"2017-02-25T21:49:45.833Z"}
{"level":"info","message":"Client connected via socket.io","timestamp":"2017-02-25T21:49:45.939Z"}
{"level":"info","message":"Starting heartbeat","timestamp":"2017-02-25T21:49:45.942Z"}
{"level":"info","message":"Client disconnected from socket.io","timestamp":"2017-02-25T21:51:21.331Z"}
{"level":"verbose","message":"Set all controls to neutral / off","timestamp":"2017-02-25T21:51:21.333Z"}
{"level":"info","message":"Stopping heartbeat","timestamp":"2017-02-25T21:51:21.334Z"}
{"level":"info","message":"Client connected via socket.io","timestamp":"2017-02-25T21:51:21.662Z"}
{"level":"info","message":"Starting heartbeat","timestamp":"2017-02-25T21:51:21.664Z"}
{"level":"warn","message":"HB: No response the last 5 sec, client timeout!","timestamp":"2017-02-25T21:51:25.927Z"}
{"level":"info","message":"Initializing NodeROV","timestamp":"2017-02-25T21:52:21.731Z"}
{"level":"info","message":"PWM Initialized & Ready","timestamp":"2017-02-25T21:52:21.762Z"}
{"level":"info","message":"Starting webserver","timestamp":"2017-02-25T21:52:21.763Z"}
{"level":"info","message":"Listning for scokets","timestamp":"2017-02-25T21:52:21.852Z"}
{"level":"info","message":"Webserver started on port 3000","timestamp":"2017-02-25T21:52:21.859Z"}
{"level":"info","message":"Client connected via socket.io","timestamp":"2017-02-25T21:52:22.655Z"}
{"level":"info","message":"Starting heartbeat","timestamp":"2017-02-25T21:52:22.659Z"}
{"level":"info","message":"Client disconnected from socket.io","timestamp":"2017-02-25T21:53:52.048Z"}
{"level":"verbose","message":"Set all controls to neutral / off","timestamp":"2017-02-25T21:53:52.050Z"}
{"level":"info","message":"Stopping heartbeat","timestamp":"2017-02-25T21:53:52.052Z"}
{"level":"info","message":"Client connected via socket.io","timestamp":"2017-02-25T21:53:52.149Z"}
{"level":"info","message":"Starting heartbeat","timestamp":"2017-02-25T21:53:52.151Z"}
{"level":"info","message":"Client disconnected from socket.io","timestamp":"2017-02-25T21:54:00.203Z"}
{"level":"verbose","message":"Set all controls to neutral / off","timestamp":"2017-02-25T21:54:00.205Z"}
{"level":"info","message":"Stopping heartbeat","timestamp":"2017-02-25T21:54:00.206Z"}
{"level":"info","message":"Client connected via socket.io","timestamp":"2017-02-25T21:54:00.319Z"}
{"level":"info","message":"Starting heartbeat","timestamp":"2017-02-25T21:54:00.332Z"}
{"level":"info","message":"Initializing NodeROV","timestamp":"2017-02-25T21:55:14.648Z"}
{"level":"info","message":"PWM Initialized & Ready","timestamp":"2017-02-25T21:55:14.679Z"}
{"level":"info","message":"Starting webserver","timestamp":"2017-02-25T21:55:14.681Z"}
{"level":"info","message":"Listning for scokets","timestamp":"2017-02-25T21:55:14.768Z"}
{"level":"info","message":"Webserver started on port 3000","timestamp":"2017-02-25T21:55:14.776Z"}
{"level":"info","message":"Client connected via socket.io","timestamp":"2017-02-25T21:55:15.328Z"}
{"level":"info","message":"Starting heartbeat","timestamp":"2017-02-25T21:55:15.332Z"}
{"level":"info","message":"Setting PWMs to: 1500","timestamp":"2017-02-25T21:55:15.472Z"}
{"level":"info","message":"Setting PWMs to: 1500","timestamp":"2017-02-25T21:55:17.873Z"}
{"level":"info","message":"Setting PWMs to: 1585","timestamp":"2017-02-25T21:55:17.968Z"}
{"level":"info","message":"Setting PWMs to: 1500","timestamp":"2017-02-25T21:55:18.071Z"}
{"level":"info","message":"Setting PWMs to: 1500","timestamp":"2017-02-25T21:55:18.165Z"}
{"level":"info","message":"Setting PWMs to: 1470","timestamp":"2017-02-25T21:55:18.666Z"}
{"level":"info","message":"Setting PWMs to: 1355","timestamp":"2017-02-25T21:55:18.765Z"}
{"level":"info","message":"Setting PWMs to: 1500","timestamp":"2017-02-25T21:55:18.867Z"}
{"level":"info","message":"Client disconnected from socket.io","timestamp":"2017-02-25T21:58:50.972Z"}
{"level":"verbose","message":"Set all controls to neutral / off","timestamp":"2017-02-25T21:58:50.974Z"}
{"level":"info","message":"Stopping heartbeat","timestamp":"2017-02-25T21:58:50.976Z"}
{"level":"info","message":"Client connected via socket.io","timestamp":"2017-02-25T21:58:51.094Z"}
{"level":"info","message":"Starting heartbeat","timestamp":"2017-02-25T21:58:51.096Z"}
{"level":"info","message":"Setting PWMs to: 1500","timestamp":"2017-02-25T21:58:51.220Z"}
{"level":"info","message":"Setting PWMs to: 1500","timestamp":"2017-02-25T21:58:52.286Z"}
{"level":"info","message":"Setting PWMs to: 1500","timestamp":"2017-02-25T21:58:52.385Z"}
{"level":"info","message":"Setting PWMs to: 1575","timestamp":"2017-02-25T21:58:52.485Z"}
{"level":"info","message":"Setting PWMs to: 1500","timestamp":"2017-02-25T21:58:52.586Z"}
{"level":"info","message":"Client disconnected from socket.io","timestamp":"2017-02-25T21:59:01.522Z"}
{"level":"verbose","message":"Set all controls to neutral / off","timestamp":"2017-02-25T21:59:01.524Z"}
{"level":"info","message":"Stopping heartbeat","timestamp":"2017-02-25T21:59:01.525Z"}
{"level":"info","message":"Client connected via socket.io","timestamp":"2017-02-25T21:59:01.631Z"}
{"level":"info","message":"Starting heartbeat","timestamp":"2017-02-25T21:59:01.633Z"}
{"level":"info","message":"Setting PWMs to: 1500","timestamp":"2017-02-25T21:59:01.858Z"}
{"level":"info","message":"Client disconnected from socket.io","timestamp":"2017-02-25T21:59:08.552Z"}
{"level":"verbose","message":"Set all controls to neutral / off","timestamp":"2017-02-25T21:59:08.553Z"}
{"level":"info","message":"Stopping heartbeat","timestamp":"2017-02-25T21:59:08.557Z"}
{"level":"info","message":"Client connected via socket.io","timestamp":"2017-02-25T21:59:08.743Z"}
{"level":"info","message":"Starting heartbeat","timestamp":"2017-02-25T21:59:08.745Z"}
{"level":"info","message":"Setting PWMs to: 1500","timestamp":"2017-02-25T21:59:08.873Z"}
{"level":"info","message":"Setting PWMs to: 1500","timestamp":"2017-02-25T21:59:10.170Z"}
{"level":"info","message":"Setting PWMs to: 1500","timestamp":"2017-02-25T21:59:10.266Z"}
{"level":"info","message":"Setting PWMs to: 1500","timestamp":"2017-02-25T21:59:10.365Z"}
{"level":"info","message":"Setting PWMs to: 1500","timestamp":"2017-02-25T21:59:11.069Z"}
{"level":"info","message":"Setting PWMs to: 1500","timestamp":"2017-02-25T21:59:11.170Z"}
{"level":"info","message":"Setting PWMs to: 1500","timestamp":"2017-02-25T21:59:11.267Z"}
{"level":"info","message":"Setting PWMs to: 1500","timestamp":"2017-02-25T21:59:11.866Z"}
{"level":"info","message":"Setting PWMs to: 1420","timestamp":"2017-02-25T21:59:12.014Z"}
{"level":"info","message":"Setting PWMs to: 1500","timestamp":"2017-02-25T21:59:12.070Z"}
{"level":"info","message":"Client disconnected from socket.io","timestamp":"2017-02-25T21:59:18.869Z"}
{"level":"verbose","message":"Set all controls to neutral / off","timestamp":"2017-02-25T21:59:18.870Z"}
{"level":"info","message":"Stopping heartbeat","timestamp":"2017-02-25T21:59:18.871Z"}
{"level":"info","message":"Client connected via socket.io","timestamp":"2017-02-25T21:59:19.025Z"}
{"level":"info","message":"Starting heartbeat","timestamp":"2017-02-25T21:59:19.027Z"}
{"level":"info","message":"Setting PWMs to: 1500","timestamp":"2017-02-25T21:59:19.193Z"}
{"level":"info","message":"Setting PWMs to: 1500","timestamp":"2017-02-25T21:59:22.595Z"}
{"level":"info","message":"Setting PWMs to: 1500","timestamp":"2017-02-25T21:59:22.695Z"}
{"level":"info","message":"Setting PWMs to: 1500","timestamp":"2017-02-25T21:59:22.791Z"}
{"level":"info","message":"Setting PWMs to: 1500","timestamp":"2017-02-25T21:59:23.598Z"}
{"level":"info","message":"Setting PWMs to: 1500","timestamp":"2017-02-25T21:59:23.694Z"}
{"level":"info","message":"Setting PWMs to: 1500","timestamp":"2017-02-25T21:59:23.791Z"}
{"level":"info","message":"Setting PWMs to: 1375","timestamp":"2017-02-25T21:59:24.096Z"}
{"level":"info","message":"Setting PWMs to: 1340","timestamp":"2017-02-25T21:59:24.191Z"}
{"level":"info","message":"Setting PWMs to: 1500","timestamp":"2017-02-25T21:59:24.294Z"}
{"level":"info","message":"Setting PWMs to: 1500","timestamp":"2017-02-25T21:59:24.896Z"}
{"level":"info","message":"Setting PWMs to: 1675","timestamp":"2017-02-25T21:59:24.995Z"}
{"level":"info","message":"Setting PWMs to: 1610","timestamp":"2017-02-25T21:59:25.092Z"}
{"level":"info","message":"Setting PWMs to: 1500","timestamp":"2017-02-25T21:59:25.195Z"}
{"level":"info","message":"Setting PWMs to: 1500","timestamp":"2017-02-25T21:59:25.991Z"}
{"level":"info","message":"Setting PWMs to: 1500","timestamp":"2017-02-25T21:59:26.091Z"}
{"level":"info","message":"Setting PWMs to: 1500","timestamp":"2017-02-25T21:59:26.195Z"}
{"level":"info","message":"Setting PWMs to: 1500","timestamp":"2017-02-25T21:59:44.291Z"}
{"level":"info","message":"Setting PWMs to: 1500","timestamp":"2017-02-25T21:59:44.393Z"}
{"level":"info","message":"Setting PWMs to: 1500","timestamp":"2017-02-25T21:59:44.499Z"}
{"level":"info","message":"Setting PWMs to: 1500","timestamp":"2017-02-25T21:59:44.593Z"}
{"level":"info","message":"Setting PWMs to: 1500","timestamp":"2017-02-25T21:59:44.797Z"}
{"level":"info","message":"Setting PWMs to: 1500","timestamp":"2017-02-25T21:59:44.893Z"}
{"level":"info","message":"Setting PWMs to: 1500","timestamp":"2017-02-25T21:59:44.994Z"}
{"level":"info","message":"Setting PWMs to: 1500","timestamp":"2017-02-25T21:59:45.090Z"}
{"level":"info","message":"Setting PWMs to: 1500","timestamp":"2017-02-25T21:59:45.594Z"}
{"level":"info","message":"Setting PWMs to: 1500","timestamp":"2017-02-25T21:59:45.699Z"}
{"level":"info","message":"Setting PWMs to: 1500","timestamp":"2017-02-25T21:59:45.794Z"}
{"level":"info","message":"Setting PWMs to: 1500","timestamp":"2017-02-25T21:59:46.293Z"}
{"level":"info","message":"Setting PWMs to: 1500","timestamp":"2017-02-25T21:59:46.393Z"}
{"level":"info","message":"Setting PWMs to: 1500","timestamp":"2017-02-25T21:59:46.493Z"}
{"level":"info","message":"Setting PWMs to: 1500","timestamp":"2017-02-25T21:59:46.794Z"}
{"level":"info","message":"Setting PWMs to: 1500","timestamp":"2017-02-25T21:59:46.893Z"}
{"level":"info","message":"Setting PWMs to: 1500","timestamp":"2017-02-25T21:59:46.994Z"}
{"level":"info","message":"Setting PWMs to: 1500","timestamp":"2017-02-25T21:59:47.449Z"}
{"level":"info","message":"Setting PWMs to: 1500","timestamp":"2017-02-25T21:59:47.493Z"}
{"level":"info","message":"Setting PWMs to: 1500","timestamp":"2017-02-25T21:59:47.595Z"}
{"level":"info","message":"Setting PWMs to: 1500","timestamp":"2017-02-25T21:59:48.694Z"}
{"level":"info","message":"Setting PWMs to: 1500","timestamp":"2017-02-25T21:59:48.793Z"}
{"level":"info","message":"Setting PWMs to: 1500","timestamp":"2017-02-25T21:59:48.895Z"}
{"level":"info","message":"Setting PWMs to: 1475","timestamp":"2017-02-25T21:59:49.294Z"}
{"level":"info","message":"Setting PWMs to: 1465","timestamp":"2017-02-25T21:59:49.398Z"}
{"level":"info","message":"Setting PWMs to: 1500","timestamp":"2017-02-25T21:59:49.495Z"}
{"level":"info","message":"Setting PWMs to: 1500","timestamp":"2017-02-25T21:59:49.812Z"}
{"level":"info","message":"Setting PWMs to: 1735","timestamp":"2017-02-25T21:59:49.899Z"}
{"level":"info","message":"Setting PWMs to: 1590","timestamp":"2017-02-25T21:59:50.000Z"}
{"level":"info","message":"Setting PWMs to: 1500","timestamp":"2017-02-25T21:59:50.091Z"}
{"level":"info","message":"Setting PWMs to: 1500","timestamp":"2017-02-25T21:59:50.393Z"}
{"level":"info","message":"Setting PWMs to: 1500","timestamp":"2017-02-25T21:59:50.493Z"}
{"level":"info","message":"Setting PWMs to: 1500","timestamp":"2017-02-25T21:59:50.593Z"}
{"level":"info","message":"Setting PWMs to: 1500","timestamp":"2017-02-25T21:59:50.693Z"}
{"level":"info","message":"Setting PWMs to: 1500","timestamp":"2017-02-25T21:59:50.793Z"}
{"level":"info","message":"Setting PWMs to: 1500","timestamp":"2017-02-25T21:59:50.890Z"}
{"level":"info","message":"Setting PWMs to: 1500","timestamp":"2017-02-25T21:59:50.993Z"}
{"level":"info","message":"Setting PWMs to: 1500","timestamp":"2017-02-25T21:59:51.091Z"}
{"level":"info","message":"Setting PWMs to: 1500","timestamp":"2017-02-25T21:59:51.193Z"}
{"level":"info","message":"Setting PWMs to: 1500","timestamp":"2017-02-25T21:59:51.293Z"}
{"level":"info","message":"Setting PWMs to: 1500","timestamp":"2017-02-25T21:59:51.393Z"}
{"level":"info","message":"Setting PWMs to: 1500","timestamp":"2017-02-25T21:59:52.095Z"}
{"level":"info","message":"Setting PWMs to: 1500","timestamp":"2017-02-25T21:59:52.193Z"}
{"level":"info","message":"Setting PWMs to: 1500","timestamp":"2017-02-25T21:59:52.294Z"}
{"level":"info","message":"Setting PWMs to: 1500","timestamp":"2017-02-25T21:59:52.393Z"}
{"level":"info","message":"Setting PWMs to: 1500","timestamp":"2017-02-25T21:59:52.845Z"}
{"level":"info","message":"Setting PWMs to: 1500","timestamp":"2017-02-25T21:59:52.893Z"}
{"level":"info","message":"Setting PWMs to: 1500","timestamp":"2017-02-25T21:59:54.797Z"}
{"level":"info","message":"Setting PWMs to: 1500","timestamp":"2017-02-25T21:59:54.894Z"}
{"level":"info","message":"Setting PWMs to: 1500","timestamp":"2017-02-25T21:59:54.993Z"}
{"level":"info","message":"Setting PWMs to: 1500","timestamp":"2017-02-25T21:59:55.091Z"}
{"level":"info","message":"Setting PWMs to: 1500","timestamp":"2017-02-25T21:59:55.193Z"}
{"level":"info","message":"Setting PWMs to: 1500","timestamp":"2017-02-25T21:59:55.293Z"}
{"level":"info","message":"Setting PWMs to: 1555","timestamp":"2017-02-25T21:59:55.393Z"}
{"level":"info","message":"Setting PWMs to: 1555","timestamp":"2017-02-25T21:59:55.495Z"}
{"level":"info","message":"Setting PWMs to: 1500","timestamp":"2017-02-25T21:59:55.593Z"}
{"level":"info","message":"Setting PWMs to: 1500","timestamp":"2017-02-25T21:59:56.394Z"}
{"level":"info","message":"Setting PWMs to: 1500","timestamp":"2017-02-25T21:59:56.496Z"}
{"level":"info","message":"Setting PWMs to: 1500","timestamp":"2017-02-25T21:59:56.594Z"}
{"level":"info","message":"Setting PWMs to: 1500","timestamp":"2017-02-25T21:59:56.694Z"}
{"level":"info","message":"Setting PWMs to: 1475","timestamp":"2017-02-25T21:59:57.294Z"}
{"level":"info","message":"Setting PWMs to: 1425","timestamp":"2017-02-25T21:59:57.394Z"}
{"level":"info","message":"Setting PWMs to: 1465","timestamp":"2017-02-25T21:59:57.493Z"}
{"level":"info","message":"Setting PWMs to: 1500","timestamp":"2017-02-25T21:59:57.595Z"}
{"level":"info","message":"Setting PWMs to: 1500","timestamp":"2017-02-25T21:59:57.791Z"}
{"level":"info","message":"Setting PWMs to: 1435","timestamp":"2017-02-25T21:59:58.093Z"}
{"level":"info","message":"Setting PWMs to: 1430","timestamp":"2017-02-25T21:59:58.232Z"}
{"level":"info","message":"Setting PWMs to: 1430","timestamp":"2017-02-25T21:59:58.292Z"}
{"level":"info","message":"Setting PWMs to: 1430","timestamp":"2017-02-25T21:59:58.394Z"}
{"level":"info","message":"Setting PWMs to: 1430","timestamp":"2017-02-25T21:59:59.193Z"}
{"level":"info","message":"Setting PWMs to: 1500","timestamp":"2017-02-25T21:59:59.293Z"}
{"level":"info","message":"Setting PWMs to: 1500","timestamp":"2017-02-25T21:59:59.393Z"}
{"level":"info","message":"Setting PWMs to: 1500","timestamp":"2017-02-25T21:59:59.494Z"}
{"level":"info","message":"Setting PWMs to: 1500","timestamp":"2017-02-25T21:59:59.593Z"}
{"level":"info","message":"Setting PWMs to: 1500","timestamp":"2017-02-25T21:59:59.894Z"}
{"level":"info","message":"Setting PWMs to: 1500","timestamp":"2017-02-25T21:59:59.993Z"}
{"level":"info","message":"Setting PWMs to: 1500","timestamp":"2017-02-25T22:00:00.093Z"}
{"level":"info","message":"Setting PWMs to: 1360","timestamp":"2017-02-25T22:00:00.693Z"}
{"level":"info","message":"Setting PWMs to: 1170","timestamp":"2017-02-25T22:00:00.793Z"}
{"level":"info","message":"Setting PWMs to: 1080","timestamp":"2017-02-25T22:00:00.896Z"}
{"level":"info","message":"Setting PWMs to: 1045","timestamp":"2017-02-25T22:00:00.993Z"}
{"level":"info","message":"Setting PWMs to: 1010","timestamp":"2017-02-25T22:00:01.094Z"}
{"level":"info","message":"Setting PWMs to: 1000","timestamp":"2017-02-25T22:00:01.211Z"}
{"level":"info","message":"Setting PWMs to: 1000","timestamp":"2017-02-25T22:00:01.289Z"}
{"level":"info","message":"Setting PWMs to: 1000","timestamp":"2017-02-25T22:00:01.593Z"}
{"level":"info","message":"Setting PWMs to: 1000","timestamp":"2017-02-25T22:00:01.692Z"}
{"level":"info","message":"Setting PWMs to: 1185","timestamp":"2017-02-25T22:00:01.792Z"}
{"level":"info","message":"Setting PWMs to: 1500","timestamp":"2017-02-25T22:00:01.892Z"}
{"level":"info","message":"Setting PWMs to: 1570","timestamp":"2017-02-25T22:00:02.199Z"}
{"level":"info","message":"Setting PWMs to: 1795","timestamp":"2017-02-25T22:00:02.293Z"}
{"level":"info","message":"Setting PWMs to: 2000","timestamp":"2017-02-25T22:00:02.398Z"}
{"level":"info","message":"Setting PWMs to: 1970","timestamp":"2017-02-25T22:00:02.794Z"}
{"level":"info","message":"Setting PWMs to: 1660","timestamp":"2017-02-25T22:00:02.894Z"}
{"level":"info","message":"Setting PWMs to: 1500","timestamp":"2017-02-25T22:00:02.993Z"}
{"level":"info","message":"Setting PWMs to: 1685","timestamp":"2017-02-25T22:00:03.593Z"}
{"level":"info","message":"Setting PWMs to: 1840","timestamp":"2017-02-25T22:00:03.692Z"}
{"level":"info","message":"Setting PWMs to: 1865","timestamp":"2017-02-25T22:00:03.792Z"}
{"level":"info","message":"Setting PWMs to: 1880","timestamp":"2017-02-25T22:00:03.993Z"}
{"level":"info","message":"Setting PWMs to: 1955","timestamp":"2017-02-25T22:00:04.093Z"}
{"level":"info","message":"Setting PWMs to: 2000","timestamp":"2017-02-25T22:00:04.195Z"}
{"level":"info","message":"Setting PWMs to: 2000","timestamp":"2017-02-25T22:00:04.289Z"}
{"level":"info","message":"Setting PWMs to: 2000","timestamp":"2017-02-25T22:00:04.392Z"}
{"level":"info","message":"Setting PWMs to: 1875","timestamp":"2017-02-25T22:00:05.192Z"}
{"level":"info","message":"Setting PWMs to: 1500","timestamp":"2017-02-25T22:00:05.289Z"}
{"level":"info","message":"Setting PWMs to: 1500","timestamp":"2017-02-25T22:00:05.794Z"}
{"level":"info","message":"Setting PWMs to: 1455","timestamp":"2017-02-25T22:00:05.891Z"}
{"level":"info","message":"Setting PWMs to: 1415","timestamp":"2017-02-25T22:00:05.993Z"}
{"level":"info","message":"Setting PWMs to: 1375","timestamp":"2017-02-25T22:00:06.094Z"}
{"level":"info","message":"Setting PWMs to: 1365","timestamp":"2017-02-25T22:00:06.193Z"}
{"level":"info","message":"Setting PWMs to: 1355","timestamp":"2017-02-25T22:00:06.290Z"}
{"level":"info","message":"Setting PWMs to: 1340","timestamp":"2017-02-25T22:00:06.594Z"}
{"level":"info","message":"Setting PWMs to: 1085","timestamp":"2017-02-25T22:00:06.693Z"}
{"level":"info","message":"Setting PWMs to: 1160","timestamp":"2017-02-25T22:00:06.792Z"}
{"level":"info","message":"Setting PWMs to: 1905","timestamp":"2017-02-25T22:00:06.890Z"}
{"level":"info","message":"Setting PWMs to: 1610","timestamp":"2017-02-25T22:00:06.993Z"}
{"level":"info","message":"Setting PWMs to: 1030","timestamp":"2017-02-25T22:00:07.093Z"}
{"level":"info","message":"Setting PWMs to: 1600","timestamp":"2017-02-25T22:00:07.193Z"}
{"level":"info","message":"Setting PWMs to: 1065","timestamp":"2017-02-25T22:00:07.290Z"}
{"level":"info","message":"Setting PWMs to: 1500","timestamp":"2017-02-25T22:00:07.395Z"}
{"level":"info","message":"Setting PWMs to: 1500","timestamp":"2017-02-25T22:00:07.492Z"}
{"level":"info","message":"Setting PWMs to: 1030","timestamp":"2017-02-25T22:00:07.693Z"}
{"level":"info","message":"Setting PWMs to: 1425","timestamp":"2017-02-25T22:00:07.793Z"}
{"level":"info","message":"Setting PWMs to: 1690","timestamp":"2017-02-25T22:00:07.890Z"}
{"level":"info","message":"Setting PWMs to: 1155","timestamp":"2017-02-25T22:00:07.994Z"}
{"level":"info","message":"Setting PWMs to: 1920","timestamp":"2017-02-25T22:00:08.092Z"}
{"level":"info","message":"Setting PWMs to: 1445","timestamp":"2017-02-25T22:00:08.193Z"}
{"level":"info","message":"Setting PWMs to: 2000","timestamp":"2017-02-25T22:00:08.289Z"}
{"level":"info","message":"Setting PWMs to: 1035","timestamp":"2017-02-25T22:00:08.393Z"}
{"level":"info","message":"Setting PWMs to: 1990","timestamp":"2017-02-25T22:00:08.492Z"}
{"level":"info","message":"Setting PWMs to: 1385","timestamp":"2017-02-25T22:00:08.593Z"}
{"level":"info","message":"Setting PWMs to: 1845","timestamp":"2017-02-25T22:00:08.692Z"}
{"level":"info","message":"Setting PWMs to: 1955","timestamp":"2017-02-25T22:00:08.793Z"}
{"level":"info","message":"Setting PWMs to: 1005","timestamp":"2017-02-25T22:00:08.889Z"}
{"level":"info","message":"Setting PWMs to: 1920","timestamp":"2017-02-25T22:00:08.993Z"}
{"level":"info","message":"Setting PWMs to: 1365","timestamp":"2017-02-25T22:00:09.092Z"}
{"level":"info","message":"Setting PWMs to: 1775","timestamp":"2017-02-25T22:00:09.193Z"}
{"level":"info","message":"Setting PWMs to: 1965","timestamp":"2017-02-25T22:00:09.293Z"}
{"level":"info","message":"Setting PWMs to: 1285","timestamp":"2017-02-25T22:00:09.394Z"}
{"level":"info","message":"Setting PWMs to: 1455","timestamp":"2017-02-25T22:00:09.494Z"}
{"level":"info","message":"Setting PWMs to: 2000","timestamp":"2017-02-25T22:00:09.593Z"}
{"level":"info","message":"Setting PWMs to: 1310","timestamp":"2017-02-25T22:00:09.694Z"}
{"level":"info","message":"Setting PWMs to: 1000","timestamp":"2017-02-25T22:00:09.793Z"}
{"level":"info","message":"Setting PWMs to: 1370","timestamp":"2017-02-25T22:00:10.793Z"}
{"level":"info","message":"Setting PWMs to: 1500","timestamp":"2017-02-25T22:00:10.890Z"}
{"level":"info","message":"Client disconnected from socket.io","timestamp":"2017-02-25T22:04:39.768Z"}
{"level":"verbose","message":"Set all controls to neutral / off","timestamp":"2017-02-25T22:04:39.769Z"}
{"level":"info","message":"Stopping heartbeat","timestamp":"2017-02-25T22:04:39.771Z"}
{"level":"info","message":"Client connected via socket.io","timestamp":"2017-02-25T22:04:39.887Z"}
{"level":"info","message":"Starting heartbeat","timestamp":"2017-02-25T22:04:39.888Z"}
{"level":"info","message":"Setting PWMs to: 1500","timestamp":"2017-02-25T22:04:40.110Z"}
{"level":"info","message":"Client disconnected from socket.io","timestamp":"2017-02-25T22:05:21.827Z"}
{"level":"verbose","message":"Set all controls to neutral / off","timestamp":"2017-02-25T22:05:21.828Z"}
{"level":"info","message":"Stopping heartbeat","timestamp":"2017-02-25T22:05:21.828Z"}
{"level":"info","message":"Client connected via socket.io","timestamp":"2017-02-25T22:05:21.942Z"}
{"level":"info","message":"Starting heartbeat","timestamp":"2017-02-25T22:05:21.943Z"}
{"level":"info","message":"Setting PWMs to: 1500","timestamp":"2017-02-25T22:05:22.170Z"}
{"level":"info","message":"Client disconnected from socket.io","timestamp":"2017-02-25T22:05:48.412Z"}
{"level":"verbose","message":"Set all controls to neutral / off","timestamp":"2017-02-25T22:05:48.413Z"}
{"level":"info","message":"Stopping heartbeat","timestamp":"2017-02-25T22:05:48.414Z"}
{"level":"info","message":"Client connected via socket.io","timestamp":"2017-02-25T22:05:56.092Z"}
{"level":"info","message":"Starting heartbeat","timestamp":"2017-02-25T22:05:56.093Z"}
{"level":"info","message":"Setting PWMs to: 1500","timestamp":"2017-02-25T22:05:56.339Z"}
{"level":"info","message":"Setting PWMs to: 1500","timestamp":"2017-02-25T22:05:58.107Z"}
{"level":"info","message":"Setting PWMs to: 1500","timestamp":"2017-02-25T22:05:58.205Z"}
{"level":"info","message":"Setting PWMs to: 1500","timestamp":"2017-02-25T22:05:58.303Z"}
{"level":"info","message":"Setting PWMs to: 1500","timestamp":"2017-02-25T22:05:58.405Z"}
{"level":"info","message":"Client disconnected from socket.io","timestamp":"2017-02-25T22:06:13.182Z"}
{"level":"verbose","message":"Set all controls to neutral / off","timestamp":"2017-02-25T22:06:13.183Z"}
{"level":"info","message":"Stopping heartbeat","timestamp":"2017-02-25T22:06:13.184Z"}
{"level":"info","message":"Client connected via socket.io","timestamp":"2017-02-25T22:06:13.315Z"}
{"level":"info","message":"Starting heartbeat","timestamp":"2017-02-25T22:06:13.316Z"}
{"level":"info","message":"Setting PWMs to: 1500","timestamp":"2017-02-25T22:06:13.538Z"}
{"level":"info","message":"Client disconnected from socket.io","timestamp":"2017-02-25T22:08:05.113Z"}
{"level":"verbose","message":"Set all controls to neutral / off","timestamp":"2017-02-25T22:08:05.114Z"}
{"level":"info","message":"Stopping heartbeat","timestamp":"2017-02-25T22:08:05.115Z"}
{"level":"info","message":"Client connected via socket.io","timestamp":"2017-02-25T22:08:05.232Z"}
{"level":"info","message":"Starting heartbeat","timestamp":"2017-02-25T22:08:05.236Z"}
{"level":"info","message":"Setting PWMs to: 1500","timestamp":"2017-02-25T22:08:05.475Z"}
{"level":"info","message":"Client disconnected from socket.io","timestamp":"2017-02-25T22:08:08.859Z"}
{"level":"verbose","message":"Set all controls to neutral / off","timestamp":"2017-02-25T22:08:08.861Z"}
{"level":"info","message":"Stopping heartbeat","timestamp":"2017-02-25T22:08:08.862Z"}
{"level":"info","message":"Client connected via socket.io","timestamp":"2017-02-25T22:08:08.972Z"}
{"level":"info","message":"Starting heartbeat","timestamp":"2017-02-25T22:08:08.973Z"}
{"level":"info","message":"Setting PWMs to: 1500","timestamp":"2017-02-25T22:08:09.204Z"}
{"level":"info","message":"Client disconnected from socket.io","timestamp":"2017-02-25T22:08:24.094Z"}
{"level":"verbose","message":"Set all controls to neutral / off","timestamp":"2017-02-25T22:08:24.095Z"}
{"level":"info","message":"Stopping heartbeat","timestamp":"2017-02-25T22:08:24.096Z"}
{"level":"info","message":"Client connected via socket.io","timestamp":"2017-02-25T22:08:24.211Z"}
{"level":"info","message":"Starting heartbeat","timestamp":"2017-02-25T22:08:24.213Z"}
{"level":"info","message":"Setting PWMs to: 1500","timestamp":"2017-02-25T22:08:24.391Z"}
{"level":"info","message":"Client disconnected from socket.io","timestamp":"2017-02-25T22:08:32.863Z"}
{"level":"verbose","message":"Set all controls to neutral / off","timestamp":"2017-02-25T22:08:32.865Z"}
{"level":"info","message":"Stopping heartbeat","timestamp":"2017-02-25T22:08:32.866Z"}
{"level":"info","message":"Client connected via socket.io","timestamp":"2017-02-25T22:08:32.974Z"}
{"level":"info","message":"Starting heartbeat","timestamp":"2017-02-25T22:08:32.976Z"}
{"level":"info","message":"Setting PWMs to: 1500","timestamp":"2017-02-25T22:08:33.211Z"}
{"level":"info","message":"Client disconnected from socket.io","timestamp":"2017-02-25T22:09:49.047Z"}
{"level":"verbose","message":"Set all controls to neutral / off","timestamp":"2017-02-25T22:09:49.048Z"}
{"level":"info","message":"Stopping heartbeat","timestamp":"2017-02-25T22:09:49.049Z"}
{"level":"info","message":"Client connected via socket.io","timestamp":"2017-02-25T22:09:49.158Z"}
{"level":"info","message":"Starting heartbeat","timestamp":"2017-02-25T22:09:49.161Z"}
{"level":"info","message":"Client connected via socket.io","timestamp":"2017-02-25T22:09:50.554Z"}
{"level":"info","message":"Initializing NodeROV","timestamp":"2017-02-25T22:10:04.439Z"}
{"level":"info","message":"PWM Initialized & Ready","timestamp":"2017-02-25T22:10:04.469Z"}
{"level":"info","message":"Starting webserver","timestamp":"2017-02-25T22:10:04.471Z"}
{"level":"info","message":"Listning for scokets","timestamp":"2017-02-25T22:10:04.559Z"}
{"level":"info","message":"Webserver started on port 3000","timestamp":"2017-02-25T22:10:04.567Z"}
{"level":"info","message":"Client connected via socket.io","timestamp":"2017-02-25T22:10:11.175Z"}
{"level":"info","message":"Starting heartbeat","timestamp":"2017-02-25T22:10:11.178Z"}
{"level":"info","message":"Setting PWMs to: 1500","timestamp":"2017-02-25T22:10:11.322Z"}
{"level":"warn","message":"HB: No response the last 5 sec, client timeout!","timestamp":"2017-02-25T22:10:16.198Z"}
{"level":"info","message":"Client connected via socket.io","timestamp":"2017-02-25T22:10:20.531Z"}
{"level":"info","message":"Initializing NodeROV","timestamp":"2017-02-25T22:10:26.857Z"}
{"level":"info","message":"PWM Initialized & Ready","timestamp":"2017-02-25T22:10:26.888Z"}
{"level":"info","message":"Starting webserver","timestamp":"2017-02-25T22:10:26.889Z"}
{"level":"info","message":"Listning for scokets","timestamp":"2017-02-25T22:10:26.977Z"}
{"level":"info","message":"Webserver started on port 3000","timestamp":"2017-02-25T22:10:26.985Z"}
{"level":"info","message":"Client connected via socket.io","timestamp":"2017-02-25T22:10:28.415Z"}
{"level":"info","message":"Starting heartbeat","timestamp":"2017-02-25T22:10:28.419Z"}
{"level":"info","message":"Setting PWMs to: 1500","timestamp":"2017-02-25T22:10:28.602Z"}
{"level":"info","message":"Client disconnected from socket.io","timestamp":"2017-02-25T22:10:46.399Z"}
{"level":"verbose","message":"Set all controls to neutral / off","timestamp":"2017-02-25T22:10:46.401Z"}
{"level":"info","message":"Stopping heartbeat","timestamp":"2017-02-25T22:10:46.404Z"}
{"level":"info","message":"Client connected via socket.io","timestamp":"2017-02-25T22:10:46.545Z"}
{"level":"info","message":"Starting heartbeat","timestamp":"2017-02-25T22:10:46.548Z"}
{"level":"info","message":"Setting PWMs to: 1500","timestamp":"2017-02-25T22:10:46.683Z"}
{"level":"info","message":"Setting PWMs to: 1295","timestamp":"2017-02-25T22:10:57.745Z"}
{"level":"info","message":"Setting PWMs to: 1000","timestamp":"2017-02-25T22:10:57.844Z"}
{"level":"info","message":"Setting PWMs to: 1445","timestamp":"2017-02-25T22:10:58.042Z"}
{"level":"info","message":"Setting PWMs to: 1500","timestamp":"2017-02-25T22:10:58.144Z"}
{"level":"info","message":"Client disconnected from socket.io","timestamp":"2017-02-25T22:11:21.250Z"}
{"level":"verbose","message":"Set all controls to neutral / off","timestamp":"2017-02-25T22:11:21.252Z"}
{"level":"info","message":"Stopping heartbeat","timestamp":"2017-02-25T22:11:21.255Z"}
{"level":"info","message":"Client connected via socket.io","timestamp":"2017-02-25T22:11:21.407Z"}
{"level":"info","message":"Starting heartbeat","timestamp":"2017-02-25T22:11:21.409Z"}
{"level":"info","message":"Setting PWMs to: 1500","timestamp":"2017-02-25T22:11:21.534Z"}
{"level":"info","message":"Setting PWMs to: 1405","timestamp":"2017-02-25T22:11:23.714Z"}
{"level":"info","message":"Setting PWMs to: 1175","timestamp":"2017-02-25T22:11:23.813Z"}
{"level":"info","message":"Setting PWMs to: 1500","timestamp":"2017-02-25T22:11:23.912Z"}
{"level":"info","message":"Client disconnected from socket.io","timestamp":"2017-02-25T22:11:40.589Z"}
{"level":"verbose","message":"Set all controls to neutral / off","timestamp":"2017-02-25T22:11:40.591Z"}
{"level":"info","message":"Stopping heartbeat","timestamp":"2017-02-25T22:11:40.592Z"}
{"level":"info","message":"Client connected via socket.io","timestamp":"2017-02-25T22:11:40.700Z"}
{"level":"info","message":"Starting heartbeat","timestamp":"2017-02-25T22:11:40.703Z"}
{"level":"info","message":"Setting PWMs to: 1500","timestamp":"2017-02-25T22:11:40.954Z"}
{"level":"info","message":"Setting PWMs to: 1450","timestamp":"2017-02-25T22:11:51.519Z"}
{"level":"info","message":"Setting PWMs to: 1360","timestamp":"2017-02-25T22:11:51.617Z"}
{"level":"info","message":"Setting PWMs to: 1350","timestamp":"2017-02-25T22:11:51.716Z"}
{"level":"info","message":"Setting PWMs to: 1240","timestamp":"2017-02-25T22:11:51.813Z"}
{"level":"info","message":"Setting PWMs to: 1155","timestamp":"2017-02-25T22:11:51.914Z"}
{"level":"info","message":"Setting PWMs to: 1015","timestamp":"2017-02-25T22:11:52.033Z"}
{"level":"info","message":"Setting PWMs to: 1000","timestamp":"2017-02-25T22:11:52.125Z"}
{"level":"info","message":"Setting PWMs to: 1345","timestamp":"2017-02-25T22:11:52.316Z"}
{"level":"info","message":"Setting PWMs to: 1500","timestamp":"2017-02-25T22:11:52.416Z"}
{"level":"info","message":"Setting PWMs to: 1500","timestamp":"2017-02-25T22:11:52.919Z"}
{"level":"info","message":"Setting PWMs to: 1735","timestamp":"2017-02-25T22:11:53.043Z"}
{"level":"info","message":"Setting PWMs to: 2000","timestamp":"2017-02-25T22:11:53.116Z"}
{"level":"info","message":"Setting PWMs to: 1620","timestamp":"2017-02-25T22:11:53.423Z"}
{"level":"info","message":"Setting PWMs to: 1500","timestamp":"2017-02-25T22:11:53.518Z"}
{"level":"info","message":"Setting PWMs to: 1545","timestamp":"2017-02-25T22:11:53.919Z"}
{"level":"info","message":"Setting PWMs to: 1905","timestamp":"2017-02-25T22:11:54.017Z"}
{"level":"info","message":"Setting PWMs to: 2000","timestamp":"2017-02-25T22:11:54.116Z"}
{"level":"info","message":"Setting PWMs to: 1865","timestamp":"2017-02-25T22:11:54.217Z"}
{"level":"info","message":"Setting PWMs to: 1500","timestamp":"2017-02-25T22:11:54.317Z"}
{"level":"info","message":"Setting PWMs to: 1500","timestamp":"2017-02-25T22:11:58.512Z"}
{"level":"info","message":"Setting PWMs to: 1000","timestamp":"2017-02-25T22:11:58.614Z"}
{"level":"info","message":"Setting PWMs to: 1500","timestamp":"2017-02-25T22:11:58.811Z"}
{"level":"info","message":"Setting PWMs to: 1450","timestamp":"2017-02-25T22:11:59.011Z"}
{"level":"info","message":"Setting PWMs to: 1000","timestamp":"2017-02-25T22:11:59.112Z"}
{"level":"info","message":"Setting PWMs to: 1335","timestamp":"2017-02-25T22:11:59.214Z"}
{"level":"info","message":"Setting PWMs to: 1500","timestamp":"2017-02-25T22:11:59.311Z"}
{"level":"info","message":"Setting PWMs to: 1715","timestamp":"2017-02-25T22:12:00.112Z"}
{"level":"info","message":"Setting PWMs to: 2000","timestamp":"2017-02-25T22:12:00.212Z"}
{"level":"info","message":"Setting PWMs to: 2000","timestamp":"2017-02-25T22:12:00.310Z"}
{"level":"info","message":"Setting PWMs to: 1500","timestamp":"2017-02-25T22:12:00.411Z"}
{"level":"info","message":"Setting PWMs to: 1500","timestamp":"2017-02-25T22:12:00.814Z"}
{"level":"info","message":"Setting PWMs to: 1120","timestamp":"2017-02-25T22:12:00.910Z"}
{"level":"info","message":"Setting PWMs to: 1000","timestamp":"2017-02-25T22:12:01.010Z"}
{"level":"info","message":"Setting PWMs to: 1455","timestamp":"2017-02-25T22:12:01.111Z"}
{"level":"info","message":"Setting PWMs to: 1575","timestamp":"2017-02-25T22:12:01.212Z"}
{"level":"info","message":"Setting PWMs to: 1920","timestamp":"2017-02-25T22:12:01.325Z"}
{"level":"info","message":"Setting PWMs to: 2000","timestamp":"2017-02-25T22:12:01.412Z"}
{"level":"info","message":"Setting PWMs to: 1500","timestamp":"2017-02-25T22:12:01.513Z"}
{"level":"info","message":"Setting PWMs to: 1420","timestamp":"2017-02-25T22:12:01.612Z"}
{"level":"info","message":"Setting PWMs to: 1020","timestamp":"2017-02-25T22:12:01.712Z"}
{"level":"info","message":"Setting PWMs to: 1070","timestamp":"2017-02-25T22:12:01.807Z"}
{"level":"info","message":"Setting PWMs to: 1500","timestamp":"2017-02-25T22:12:01.912Z"}
{"level":"info","message":"Setting PWMs to: 1950","timestamp":"2017-02-25T22:12:02.010Z"}
{"level":"info","message":"Setting PWMs to: 2000","timestamp":"2017-02-25T22:12:02.111Z"}
{"level":"info","message":"Setting PWMs to: 1965","timestamp":"2017-02-25T22:12:02.211Z"}
{"level":"info","message":"Setting PWMs to: 1500","timestamp":"2017-02-25T22:12:02.313Z"}
{"level":"info","message":"Setting PWMs to: 1370","timestamp":"2017-02-25T22:12:02.409Z"}
{"level":"info","message":"Setting PWMs to: 1000","timestamp":"2017-02-25T22:12:02.510Z"}
{"level":"info","message":"Setting PWMs to: 1425","timestamp":"2017-02-25T22:12:02.611Z"}
{"level":"info","message":"Setting PWMs to: 1775","timestamp":"2017-02-25T22:12:02.706Z"}
{"level":"info","message":"Setting PWMs to: 2000","timestamp":"2017-02-25T22:12:02.808Z"}
{"level":"info","message":"Setting PWMs to: 1730","timestamp":"2017-02-25T22:12:02.911Z"}
{"level":"info","message":"Setting PWMs to: 1500","timestamp":"2017-02-25T22:12:03.011Z"}
{"level":"info","message":"Setting PWMs to: 1000","timestamp":"2017-02-25T22:12:03.111Z"}
{"level":"info","message":"Setting PWMs to: 1280","timestamp":"2017-02-25T22:12:03.213Z"}
{"level":"info","message":"Setting PWMs to: 1980","timestamp":"2017-02-25T22:12:03.319Z"}
{"level":"info","message":"Setting PWMs to: 2000","timestamp":"2017-02-25T22:12:03.416Z"}
{"level":"info","message":"Setting PWMs to: 1590","timestamp":"2017-02-25T22:12:03.511Z"}
{"level":"info","message":"Setting PWMs to: 1500","timestamp":"2017-02-25T22:12:03.611Z"}
{"level":"info","message":"Setting PWMs to: 1500","timestamp":"2017-02-25T22:12:03.711Z"}
{"level":"info","message":"Setting PWMs to: 1390","timestamp":"2017-02-25T22:12:03.807Z"}
{"level":"info","message":"Setting PWMs to: 1715","timestamp":"2017-02-25T22:12:03.911Z"}
{"level":"info","message":"Setting PWMs to: 1995","timestamp":"2017-02-25T22:12:04.014Z"}
{"level":"info","message":"Setting PWMs to: 1675","timestamp":"2017-02-25T22:12:04.118Z"}
{"level":"info","message":"Setting PWMs to: 1365","timestamp":"2017-02-25T22:12:04.208Z"}
{"level":"info","message":"Setting PWMs to: 1010","timestamp":"2017-02-25T22:12:04.311Z"}
{"level":"info","message":"Setting PWMs to: 1000","timestamp":"2017-02-25T22:12:04.413Z"}
{"level":"info","message":"Setting PWMs to: 1775","timestamp":"2017-02-25T22:12:04.516Z"}
{"level":"info","message":"Setting PWMs to: 2000","timestamp":"2017-02-25T22:12:04.611Z"}
{"level":"info","message":"Setting PWMs to: 1535","timestamp":"2017-02-25T22:12:04.710Z"}
{"level":"info","message":"Setting PWMs to: 1135","timestamp":"2017-02-25T22:12:04.810Z"}
{"level":"info","message":"Setting PWMs to: 1000","timestamp":"2017-02-25T22:12:04.912Z"}
{"level":"info","message":"Setting PWMs to: 1370","timestamp":"2017-02-25T22:12:05.012Z"}
{"level":"info","message":"Setting PWMs to: 1875","timestamp":"2017-02-25T22:12:05.111Z"}
{"level":"info","message":"Setting PWMs to: 2000","timestamp":"2017-02-25T22:12:05.211Z"}
{"level":"info","message":"Setting PWMs to: 1640","timestamp":"2017-02-25T22:12:05.312Z"}
{"level":"info","message":"Setting PWMs to: 1085","timestamp":"2017-02-25T22:12:05.411Z"}
{"level":"info","message":"Setting PWMs to: 1000","timestamp":"2017-02-25T22:12:05.523Z"}
{"level":"info","message":"Setting PWMs to: 1135","timestamp":"2017-02-25T22:12:05.618Z"}
{"level":"info","message":"Setting PWMs to: 1900","timestamp":"2017-02-25T22:12:05.710Z"}
{"level":"info","message":"Setting PWMs to: 1995","timestamp":"2017-02-25T22:12:05.807Z"}
{"level":"info","message":"Setting PWMs to: 1970","timestamp":"2017-02-25T22:12:05.912Z"}
{"level":"info","message":"Setting PWMs to: 1555","timestamp":"2017-02-25T22:12:06.012Z"}
{"level":"info","message":"Setting PWMs to: 1500","timestamp":"2017-02-25T22:12:06.111Z"}
{"level":"info","message":"Initializing NodeROV","timestamp":"2017-02-25T23:32:25.131Z"}
{"level":"info","message":"PWM Initialized & Ready","timestamp":"2017-02-25T23:32:25.164Z"}
{"level":"info","message":"Starting webserver","timestamp":"2017-02-25T23:32:25.166Z"}
{"level":"info","message":"Webserver started on port 3000","timestamp":"2017-02-25T23:32:25.194Z"}
{"level":"info","message":"Initializing NodeROV","timestamp":"2017-02-25T23:33:19.473Z"}
{"level":"info","message":"PWM Initialized & Ready","timestamp":"2017-02-25T23:33:19.504Z"}
{"level":"info","message":"Starting webserver","timestamp":"2017-02-25T23:33:19.506Z"}
{"level":"info","message":"Webserver started on port 3000","timestamp":"2017-02-25T23:33:19.533Z"}
{"level":"info","message":"Initializing NodeROV","timestamp":"2017-02-25T23:34:47.337Z"}
{"level":"info","message":"PWM Initialized & Ready","timestamp":"2017-02-25T23:34:47.367Z"}
{"level":"info","message":"Starting webserver","timestamp":"2017-02-25T23:34:47.368Z"}
{"level":"info","message":"Listning for scokets","timestamp":"2017-02-25T23:34:47.480Z"}
{"level":"info","message":"Webserver started on port 3000","timestamp":"2017-02-25T23:34:47.488Z"}
{"level":"info","message":"Client connected via socket.io","timestamp":"2017-02-25T23:34:52.049Z"}
{"level":"info","message":"Starting heartbeat","timestamp":"2017-02-25T23:34:52.053Z"}
{"level":"info","message":"Client disconnected from socket.io","timestamp":"2017-02-25T23:35:06.463Z"}
{"level":"verbose","message":"Set all controls to neutral / off","timestamp":"2017-02-25T23:35:06.464Z"}
{"level":"info","message":"Stopping heartbeat","timestamp":"2017-02-25T23:35:06.466Z"}
{"level":"info","message":"Client connected via socket.io","timestamp":"2017-02-25T23:35:06.595Z"}
{"level":"info","message":"Starting heartbeat","timestamp":"2017-02-25T23:35:06.597Z"}
{"level":"info","message":"Initializing NodeROV","timestamp":"2017-02-25T23:53:05.250Z"}
{"level":"info","message":"PWM Initialized & Ready","timestamp":"2017-02-25T23:53:05.281Z"}
{"level":"info","message":"Starting webserver","timestamp":"2017-02-25T23:53:05.283Z"}
{"level":"info","message":"Listning for scokets","timestamp":"2017-02-25T23:53:05.395Z"}
{"level":"info","message":"Webserver started on port 3000","timestamp":"2017-02-25T23:53:05.578Z"}
{"level":"info","message":"Client connected via socket.io","timestamp":"2017-02-25T23:53:09.549Z"}
{"level":"info","message":"Starting heartbeat","timestamp":"2017-02-25T23:53:09.553Z"}
{"level":"info","message":"Initializing NodeROV","timestamp":"2017-02-25T23:54:12.685Z"}
{"level":"info","message":"PWM Initialized & Ready","timestamp":"2017-02-25T23:54:12.715Z"}
{"level":"info","message":"Starting webserver","timestamp":"2017-02-25T23:54:12.716Z"}
{"level":"info","message":"Listning for scokets","timestamp":"2017-02-25T23:54:12.803Z"}
{"level":"info","message":"Webserver started on port 3000","timestamp":"2017-02-25T23:54:12.986Z"}
{"level":"info","message":"Client connected via socket.io","timestamp":"2017-02-25T23:54:13.169Z"}
{"level":"info","message":"Starting heartbeat","timestamp":"2017-02-25T23:54:13.171Z"}
{"level":"info","message":"Initializing NodeROV","timestamp":"2017-02-25T23:56:04.471Z"}
{"level":"info","message":"PWM Initialized & Ready","timestamp":"2017-02-25T23:56:04.501Z"}
{"level":"info","message":"Starting webserver","timestamp":"2017-02-25T23:56:04.502Z"}
{"level":"info","message":"Listning for scokets","timestamp":"2017-02-25T23:56:04.590Z"}
{"level":"info","message":"Webserver started on port 3000","timestamp":"2017-02-25T23:56:04.598Z"}
{"level":"info","message":"Client connected via socket.io","timestamp":"2017-02-25T23:56:05.152Z"}
{"level":"info","message":"Starting heartbeat","timestamp":"2017-02-25T23:56:05.156Z"}
{"level":"info","message":"Client disconnected from socket.io","timestamp":"2017-02-25T23:56:14.004Z"}
{"level":"verbose","message":"Set all controls to neutral / off","timestamp":"2017-02-25T23:56:14.005Z"}
{"level":"info","message":"Stopping heartbeat","timestamp":"2017-02-25T23:56:14.006Z"}
{"level":"info","message":"Client connected via socket.io","timestamp":"2017-02-25T23:56:14.819Z"}
{"level":"info","message":"Starting heartbeat","timestamp":"2017-02-25T23:56:14.821Z"}
{"level":"info","message":"Client disconnected from socket.io","timestamp":"2017-02-25T23:56:35.026Z"}
{"level":"verbose","message":"Set all controls to neutral / off","timestamp":"2017-02-25T23:56:35.027Z"}
{"level":"info","message":"Stopping heartbeat","timestamp":"2017-02-25T23:56:35.028Z"}
{"level":"info","message":"Client connected via socket.io","timestamp":"2017-02-25T23:56:35.208Z"}
{"level":"info","message":"Starting heartbeat","timestamp":"2017-02-25T23:56:35.210Z"}
{"level":"info","message":"Client connected via socket.io","timestamp":"2017-02-25T23:56:36.232Z"}
{"level":"info","message":"Initializing NodeROV","timestamp":"2017-02-25T23:56:54.877Z"}
{"level":"info","message":"PWM Initialized & Ready","timestamp":"2017-02-25T23:56:54.908Z"}
{"level":"info","message":"Starting webserver","timestamp":"2017-02-25T23:56:54.910Z"}
{"level":"info","message":"Listning for scokets","timestamp":"2017-02-25T23:56:54.996Z"}
{"level":"info","message":"Webserver started on port 3000","timestamp":"2017-02-25T23:56:55.003Z"}
{"level":"info","message":"Client connected via socket.io","timestamp":"2017-02-25T23:56:58.719Z"}
{"level":"info","message":"Starting heartbeat","timestamp":"2017-02-25T23:56:58.723Z"}
{"level":"info","message":"Client disconnected from socket.io","timestamp":"2017-02-25T23:57:23.762Z"}
{"level":"verbose","message":"Set all controls to neutral / off","timestamp":"2017-02-25T23:57:23.764Z"}
{"level":"info","message":"Stopping heartbeat","timestamp":"2017-02-25T23:57:23.765Z"}
{"level":"info","message":"Client connected via socket.io","timestamp":"2017-02-25T23:57:23.960Z"}
{"level":"info","message":"Starting heartbeat","timestamp":"2017-02-25T23:57:23.963Z"}
{"level":"info","message":"Client disconnected from socket.io","timestamp":"2017-02-25T23:58:45.338Z"}
{"level":"verbose","message":"Set all controls to neutral / off","timestamp":"2017-02-25T23:58:45.341Z"}
{"level":"info","message":"Stopping heartbeat","timestamp":"2017-02-25T23:58:45.342Z"}
{"level":"info","message":"Client connected via socket.io","timestamp":"2017-02-25T23:58:45.546Z"}
{"level":"info","message":"Starting heartbeat","timestamp":"2017-02-25T23:58:45.548Z"}
{"level":"info","message":"Client disconnected from socket.io","timestamp":"2017-02-25T23:59:00.790Z"}
{"level":"verbose","message":"Set all controls to neutral / off","timestamp":"2017-02-25T23:59:00.791Z"}
{"level":"info","message":"Stopping heartbeat","timestamp":"2017-02-25T23:59:00.792Z"}
{"level":"info","message":"Client connected via socket.io","timestamp":"2017-02-25T23:59:00.877Z"}
{"level":"info","message":"Starting heartbeat","timestamp":"2017-02-25T23:59:00.879Z"}
{"level":"info","message":"Client disconnected from socket.io","timestamp":"2017-02-25T23:59:25.678Z"}
{"level":"verbose","message":"Set all controls to neutral / off","timestamp":"2017-02-25T23:59:25.680Z"}
{"level":"info","message":"Stopping heartbeat","timestamp":"2017-02-25T23:59:25.680Z"}
{"level":"info","message":"Client connected via socket.io","timestamp":"2017-02-25T23:59:25.835Z"}
{"level":"info","message":"Starting heartbeat","timestamp":"2017-02-25T23:59:25.837Z"}
{"level":"info","message":"Client disconnected from socket.io","timestamp":"2017-02-26T00:00:24.862Z"}
{"level":"verbose","message":"Set all controls to neutral / off","timestamp":"2017-02-26T00:00:24.864Z"}
{"level":"info","message":"Stopping heartbeat","timestamp":"2017-02-26T00:00:24.865Z"}
{"level":"info","message":"Client connected via socket.io","timestamp":"2017-02-26T00:00:25.036Z"}
{"level":"info","message":"Starting heartbeat","timestamp":"2017-02-26T00:00:25.037Z"}
{"level":"info","message":"Client disconnected from socket.io","timestamp":"2017-02-26T00:00:32.730Z"}
{"level":"verbose","message":"Set all controls to neutral / off","timestamp":"2017-02-26T00:00:32.732Z"}
{"level":"info","message":"Stopping heartbeat","timestamp":"2017-02-26T00:00:32.733Z"}
{"level":"info","message":"Client connected via socket.io","timestamp":"2017-02-26T00:00:32.781Z"}
{"level":"info","message":"Starting heartbeat","timestamp":"2017-02-26T00:00:32.783Z"}
{"level":"info","message":"Client disconnected from socket.io","timestamp":"2017-02-26T00:00:44.460Z"}
{"level":"verbose","message":"Set all controls to neutral / off","timestamp":"2017-02-26T00:00:44.462Z"}
{"level":"info","message":"Stopping heartbeat","timestamp":"2017-02-26T00:00:44.463Z"}
{"level":"info","message":"Client connected via socket.io","timestamp":"2017-02-26T00:00:44.681Z"}
{"level":"info","message":"Starting heartbeat","timestamp":"2017-02-26T00:00:44.682Z"}
