{"level":"info","message":"Initializing NodeROV","timestamp":"2017-03-02T20:38:09.206Z"}
{"level":"info","message":"PWM Initialized & Ready","timestamp":"2017-03-02T20:38:09.240Z"}
{"level":"info","message":"Starting webserver","timestamp":"2017-03-02T20:38:09.241Z"}
{"level":"info","message":"Websocket: Listning on 3001","timestamp":"2017-03-02T20:38:09.298Z"}
{"level":"info","message":"Webserver started on port 3000","timestamp":"2017-03-02T20:38:09.312Z"}
{"level":"info","message":"Websocket: Remote connection from: ::ffff:10.0.1.73:52191","timestamp":"2017-03-02T20:38:10.967Z"}
{"level":"info","message":"Websocket: Starting heartbeat","timestamp":"2017-03-02T20:38:10.972Z"}
{"level":"warn","message":"Websocket: Bad data received: cam","timestamp":"2017-03-02T20:38:15.202Z"}
{"level":"warn","message":"HB: No response the last 5 sec, client timeout!","timestamp":"2017-03-02T20:42:29.144Z"}
{"level":"warn","message":"HB: Last response was not expected. Disregarding it. (1488487344137)","timestamp":"2017-03-02T20:42:31.768Z"}
{"level":"warn","message":"HB: No response the last 5 sec, client timeout!","timestamp":"2017-03-02T20:42:38.160Z"}
{"level":"warn","message":"HB: Last response was not expected. Disregarding it. (1488487353156)","timestamp":"2017-03-02T20:42:39.389Z"}
{"level":"warn","message":"HB: No response the last 5 sec, client timeout!","timestamp":"2017-03-02T20:42:47.164Z"}
{"level":"warn","message":"HB: No response the last 5 sec, client timeout!","timestamp":"2017-03-02T20:42:53.168Z"}
{"level":"warn","message":"HB: Last response was not expected. Disregarding it. (1488487362161)","timestamp":"2017-03-02T20:42:57.733Z"}
{"level":"warn","message":"HB: Last response was not expected. Disregarding it. (1488487368164)","timestamp":"2017-03-02T20:42:57.808Z"}
{"level":"info","message":"Initializing NodeROV","timestamp":"2017-03-02T20:43:29.587Z"}
{"level":"info","message":"PWM Initialized & Ready","timestamp":"2017-03-02T20:43:29.622Z"}
{"level":"info","message":"Starting webserver","timestamp":"2017-03-02T20:43:29.624Z"}
{"level":"info","message":"Websocket: Listning on 3001","timestamp":"2017-03-02T20:43:29.680Z"}
{"level":"info","message":"Webserver started on port 3000","timestamp":"2017-03-02T20:43:29.688Z"}
{"level":"info","message":"Websocket: Remote connection from: ::ffff:10.0.1.73:52287","timestamp":"2017-03-02T20:45:13.957Z"}
{"level":"info","message":"Websocket: Starting heartbeat","timestamp":"2017-03-02T20:45:13.961Z"}
{"level":"info","message":"Websocket: Remote connection from: ::ffff:10.0.1.73:52289","timestamp":"2017-03-02T20:45:21.330Z"}
{"level":"info","message":"Websocket: Starting heartbeat","timestamp":"2017-03-02T20:45:21.333Z"}
{"level":"warn","message":"HB: No response the last 5 sec, client timeout!","timestamp":"2017-03-02T20:54:25.592Z"}
{"level":"info","message":"Websocket: Remote connection from: ::ffff:10.0.1.73:52407","timestamp":"2017-03-02T20:54:26.528Z"}
{"level":"info","message":"Websocket: Starting heartbeat","timestamp":"2017-03-02T20:54:26.530Z"}
{"level":"warn","message":"HB: No response the last 5 sec, client timeout!","timestamp":"2017-03-02T20:54:31.536Z"}
{"level":"info","message":"Websocket: Remote connection from: ::ffff:10.0.1.73:52411","timestamp":"2017-03-02T20:54:34.262Z"}
{"level":"info","message":"Websocket: Starting heartbeat","timestamp":"2017-03-02T20:54:34.264Z"}
{"level":"info","message":"Websocket: Remote connection from: ::ffff:10.0.1.73:52440","timestamp":"2017-03-02T20:55:40.259Z"}
{"level":"info","message":"Websocket: Starting heartbeat","timestamp":"2017-03-02T20:55:40.261Z"}
{"level":"info","message":"Websocket: Remote connection from: ::ffff:10.0.1.73:52444","timestamp":"2017-03-02T20:55:47.860Z"}
{"level":"info","message":"Websocket: Starting heartbeat","timestamp":"2017-03-02T20:55:47.861Z"}
{"level":"warn","message":"HB: No response the last 5 sec, client timeout!","timestamp":"2017-03-02T20:55:52.578Z"}
{"level":"info","message":"Websocket: Remote connection from: ::ffff:10.0.1.73:52452","timestamp":"2017-03-02T20:56:27.206Z"}
{"level":"info","message":"Websocket: Starting heartbeat","timestamp":"2017-03-02T20:56:27.213Z"}
{"level":"info","message":"Websocket: Remote connection from: ::ffff:10.0.1.73:52573","timestamp":"2017-03-02T21:01:19.512Z"}
{"level":"info","message":"Websocket: Starting heartbeat","timestamp":"2017-03-02T21:01:19.514Z"}
{"level":"warn","message":"HB: No response the last 5 sec, client timeout!","timestamp":"2017-03-02T21:01:24.386Z"}
{"level":"info","message":"Websocket: Remote connection from: ::ffff:10.0.1.73:52579","timestamp":"2017-03-02T21:01:38.163Z"}
{"level":"info","message":"Websocket: Starting heartbeat","timestamp":"2017-03-02T21:01:38.164Z"}
{"level":"warn","message":"HB: No response the last 5 sec, client timeout!","timestamp":"2017-03-02T21:01:43.170Z"}
{"level":"info","message":"Websocket: Remote connection from: ::ffff:10.0.1.73:52643","timestamp":"2017-03-02T21:04:22.478Z"}
{"level":"info","message":"Websocket: Starting heartbeat","timestamp":"2017-03-02T21:04:22.479Z"}
{"level":"info","message":"Websocket: Remote connection from: ::ffff:10.0.1.73:52654","timestamp":"2017-03-02T21:05:13.702Z"}
{"level":"info","message":"Websocket: Starting heartbeat","timestamp":"2017-03-02T21:05:13.704Z"}
{"level":"warn","message":"HB: No response the last 5 sec, client timeout!","timestamp":"2017-03-02T21:05:18.524Z"}
{"level":"info","message":"Websocket: Remote connection from: ::ffff:10.0.1.73:52663","timestamp":"2017-03-02T21:05:45.889Z"}
{"level":"info","message":"Websocket: Starting heartbeat","timestamp":"2017-03-02T21:05:45.890Z"}
{"level":"warn","message":"HB: No response the last 5 sec, client timeout!","timestamp":"2017-03-02T21:05:50.620Z"}
{"level":"info","message":"Websocket: Remote connection from: ::ffff:10.0.1.73:52666","timestamp":"2017-03-02T21:05:52.258Z"}
{"level":"info","message":"Websocket: Starting heartbeat","timestamp":"2017-03-02T21:05:52.263Z"}
{"level":"warn","message":"HB: No response the last 5 sec, client timeout!","timestamp":"2017-03-02T21:05:57.188Z"}
{"level":"info","message":"Websocket: Remote connection from: ::ffff:10.0.1.73:52690","timestamp":"2017-03-02T21:07:33.144Z"}
{"level":"info","message":"Websocket: Starting heartbeat","timestamp":"2017-03-02T21:07:33.148Z"}
{"level":"warn","message":"HB: No response the last 5 sec, client timeout!","timestamp":"2017-03-02T21:07:37.933Z"}
{"level":"info","message":"Websocket: Remote connection from: ::ffff:10.0.1.73:52692","timestamp":"2017-03-02T21:07:44.639Z"}
{"level":"info","message":"Websocket: Starting heartbeat","timestamp":"2017-03-02T21:07:44.640Z"}
{"level":"warn","message":"HB: No response the last 5 sec, client timeout!","timestamp":"2017-03-02T21:07:49.614Z"}
{"level":"info","message":"Websocket: Remote connection from: ::ffff:10.0.1.73:52697","timestamp":"2017-03-02T21:07:51.120Z"}
{"level":"info","message":"Websocket: Starting heartbeat","timestamp":"2017-03-02T21:07:51.121Z"}
{"level":"warn","message":"HB: No response the last 5 sec, client timeout!","timestamp":"2017-03-02T21:07:55.945Z"}
{"level":"info","message":"Websocket: Remote connection from: ::ffff:10.0.1.73:52780","timestamp":"2017-03-02T21:10:47.055Z"}
{"level":"info","message":"Websocket: Starting heartbeat","timestamp":"2017-03-02T21:10:47.056Z"}
{"level":"warn","message":"HB: No response the last 5 sec, client timeout!","timestamp":"2017-03-02T21:10:52.027Z"}
{"level":"info","message":"Websocket: Remote connection from: ::ffff:10.0.1.73:52825","timestamp":"2017-03-02T21:11:56.515Z"}
{"level":"info","message":"Websocket: Starting heartbeat","timestamp":"2017-03-02T21:11:56.517Z"}
{"level":"warn","message":"HB: No response the last 5 sec, client timeout!","timestamp":"2017-03-02T21:12:01.356Z"}
{"level":"info","message":"Websocket: Remote connection from: ::ffff:10.0.1.73:52834","timestamp":"2017-03-02T21:12:29.338Z"}
{"level":"info","message":"Websocket: Starting heartbeat","timestamp":"2017-03-02T21:12:29.340Z"}
{"level":"warn","message":"HB: No response the last 5 sec, client timeout!","timestamp":"2017-03-02T21:12:34.234Z"}
{"level":"info","message":"Websocket: Remote connection from: ::ffff:10.0.1.73:52836","timestamp":"2017-03-02T21:12:42.469Z"}
{"level":"info","message":"Websocket: Starting heartbeat","timestamp":"2017-03-02T21:12:42.470Z"}
{"level":"warn","message":"HB: No response the last 5 sec, client timeout!","timestamp":"2017-03-02T21:12:47.242Z"}
{"level":"info","message":"Websocket: Remote connection from: ::ffff:10.0.1.73:52843","timestamp":"2017-03-02T21:13:05.355Z"}
{"level":"info","message":"Websocket: Starting heartbeat","timestamp":"2017-03-02T21:13:05.357Z"}
{"level":"warn","message":"HB: No response the last 5 sec, client timeout!","timestamp":"2017-03-02T21:13:10.094Z"}
{"level":"info","message":"Websocket: Remote connection from: ::ffff:10.0.1.73:52847","timestamp":"2017-03-02T21:13:13.398Z"}
{"level":"info","message":"Websocket: Starting heartbeat","timestamp":"2017-03-02T21:13:13.400Z"}
{"level":"warn","message":"HB: No response the last 5 sec, client timeout!","timestamp":"2017-03-02T21:13:18.254Z"}
{"level":"info","message":"Websocket: Remote connection from: ::ffff:10.0.1.73:52853","timestamp":"2017-03-02T21:13:45.102Z"}
{"level":"info","message":"Websocket: Starting heartbeat","timestamp":"2017-03-02T21:13:45.104Z"}
{"level":"info","message":"Websocket: Remote connection from: ::ffff:10.0.1.73:52876","timestamp":"2017-03-02T21:15:28.364Z"}
{"level":"info","message":"Websocket: Starting heartbeat","timestamp":"2017-03-02T21:15:28.365Z"}
{"level":"warn","message":"HB: No response the last 5 sec, client timeout!","timestamp":"2017-03-02T21:15:33.156Z"}
{"level":"info","message":"Websocket: Remote connection from: ::ffff:10.0.1.73:53003","timestamp":"2017-03-02T21:24:06.924Z"}
{"level":"info","message":"Websocket: Starting heartbeat","timestamp":"2017-03-02T21:24:06.927Z"}
{"level":"warn","message":"HB: No response the last 5 sec, client timeout!","timestamp":"2017-03-02T21:24:11.767Z"}
{"level":"info","message":"Websocket: Remote connection from: ::ffff:10.0.1.73:53013","timestamp":"2017-03-02T21:24:35.307Z"}
{"level":"info","message":"Websocket: Starting heartbeat","timestamp":"2017-03-02T21:24:35.309Z"}
{"level":"info","message":"Websocket: Remote connection from: ::ffff:10.0.1.73:53023","timestamp":"2017-03-02T21:25:31.302Z"}
{"level":"info","message":"Websocket: Starting heartbeat","timestamp":"2017-03-02T21:25:31.303Z"}
{"level":"info","message":"Websocket: Remote connection from: ::ffff:10.0.1.73:53025","timestamp":"2017-03-02T21:25:33.431Z"}
{"level":"info","message":"Websocket: Starting heartbeat","timestamp":"2017-03-02T21:25:33.432Z"}
{"level":"warn","message":"HB: No response the last 5 sec, client timeout!","timestamp":"2017-03-02T21:25:38.284Z"}
{"level":"info","message":"Websocket: Remote connection from: ::ffff:10.0.1.73:53032","timestamp":"2017-03-02T21:25:51.167Z"}
{"level":"info","message":"Websocket: Starting heartbeat","timestamp":"2017-03-02T21:25:51.168Z"}
{"level":"info","message":"Websocket: Remote connection from: ::ffff:10.0.1.73:53034","timestamp":"2017-03-02T21:25:53.100Z"}
{"level":"info","message":"Websocket: Starting heartbeat","timestamp":"2017-03-02T21:25:53.102Z"}
{"level":"info","message":"Websocket: Remote connection from: ::ffff:10.0.1.73:53036","timestamp":"2017-03-02T21:25:53.878Z"}
{"level":"info","message":"Websocket: Starting heartbeat","timestamp":"2017-03-02T21:25:53.880Z"}
{"level":"info","message":"Websocket: Remote connection from: ::ffff:10.0.1.73:53038","timestamp":"2017-03-02T21:25:54.245Z"}
{"level":"info","message":"Websocket: Starting heartbeat","timestamp":"2017-03-02T21:25:54.247Z"}
{"level":"info","message":"Websocket: Remote connection from: ::ffff:10.0.1.73:53040","timestamp":"2017-03-02T21:25:54.822Z"}
{"level":"info","message":"Websocket: Starting heartbeat","timestamp":"2017-03-02T21:25:54.824Z"}
{"level":"info","message":"Websocket: Remote connection from: ::ffff:10.0.1.73:53042","timestamp":"2017-03-02T21:25:55.202Z"}
{"level":"info","message":"Websocket: Starting heartbeat","timestamp":"2017-03-02T21:25:55.203Z"}
{"level":"warn","message":"HB: No response the last 5 sec, client timeout!","timestamp":"2017-03-02T21:25:56.105Z"}
{"level":"info","message":"Websocket: Remote connection from: ::ffff:10.0.1.73:53050","timestamp":"2017-03-02T21:26:35.626Z"}
{"level":"info","message":"Websocket: Starting heartbeat","timestamp":"2017-03-02T21:26:35.628Z"}
{"level":"info","message":"Websocket: Remote connection from: ::ffff:10.0.1.73:53052","timestamp":"2017-03-02T21:26:40.136Z"}
{"level":"info","message":"Websocket: Starting heartbeat","timestamp":"2017-03-02T21:26:40.137Z"}
{"level":"warn","message":"HB: No response the last 5 sec, client timeout!","timestamp":"2017-03-02T21:26:40.370Z"}
{"level":"warn","message":"HB: No response the last 5 sec, client timeout!","timestamp":"2017-03-02T21:32:12.943Z"}
{"level":"warn","message":"HB: No response the last 5 sec, client timeout!","timestamp":"2017-03-02T21:32:17.999Z"}
{"level":"warn","message":"HB: No response the last 5 sec, client timeout!","timestamp":"2017-03-02T21:32:23.140Z"}
{"level":"warn","message":"HB: No response the last 5 sec, client timeout!","timestamp":"2017-03-02T21:32:28.287Z"}
{"level":"warn","message":"HB: No response the last 5 sec, client timeout!","timestamp":"2017-03-02T21:32:33.291Z"}
{"level":"warn","message":"HB: No response the last 5 sec, client timeout!","timestamp":"2017-03-02T21:32:38.316Z"}
{"level":"warn","message":"HB: No response the last 5 sec, client timeout!","timestamp":"2017-03-02T21:32:43.329Z"}
{"level":"warn","message":"HB: No response the last 5 sec, client timeout!","timestamp":"2017-03-02T21:32:48.388Z"}
{"level":"warn","message":"HB: No response the last 5 sec, client timeout!","timestamp":"2017-03-02T21:32:53.440Z"}
{"level":"warn","message":"HB: No response the last 5 sec, client timeout!","timestamp":"2017-03-02T21:32:58.443Z"}
{"level":"warn","message":"HB: No response the last 5 sec, client timeout!","timestamp":"2017-03-02T21:33:03.446Z"}
{"level":"warn","message":"HB: No response the last 5 sec, client timeout!","timestamp":"2017-03-02T21:33:08.476Z"}
{"level":"warn","message":"HB: No response the last 5 sec, client timeout!","timestamp":"2017-03-02T21:33:13.479Z"}
{"level":"warn","message":"HB: No response the last 5 sec, client timeout!","timestamp":"2017-03-02T21:33:18.582Z"}
{"level":"warn","message":"HB: No response the last 5 sec, client timeout!","timestamp":"2017-03-02T21:33:23.800Z"}
{"level":"warn","message":"HB: No response the last 5 sec, client timeout!","timestamp":"2017-03-02T21:33:28.803Z"}
{"level":"warn","message":"HB: No response the last 5 sec, client timeout!","timestamp":"2017-03-02T21:33:33.807Z"}
{"level":"warn","message":"HB: No response the last 5 sec, client timeout!","timestamp":"2017-03-02T21:33:38.811Z"}
{"level":"warn","message":"HB: No response the last 5 sec, client timeout!","timestamp":"2017-03-02T21:33:43.815Z"}
{"level":"warn","message":"HB: No response the last 5 sec, client timeout!","timestamp":"2017-03-02T21:33:48.819Z"}
{"level":"warn","message":"HB: No response the last 5 sec, client timeout!","timestamp":"2017-03-02T21:33:53.937Z"}
{"level":"warn","message":"HB: No response the last 5 sec, client timeout!","timestamp":"2017-03-02T21:33:58.954Z"}
{"level":"warn","message":"HB: No response the last 5 sec, client timeout!","timestamp":"2017-03-02T21:34:03.956Z"}
{"level":"warn","message":"HB: No response the last 5 sec, client timeout!","timestamp":"2017-03-02T21:34:09.017Z"}
{"level":"warn","message":"HB: No response the last 5 sec, client timeout!","timestamp":"2017-03-02T21:34:14.188Z"}
{"level":"warn","message":"HB: No response the last 5 sec, client timeout!","timestamp":"2017-03-02T21:34:19.306Z"}
{"level":"warn","message":"HB: No response the last 5 sec, client timeout!","timestamp":"2017-03-02T21:34:24.330Z"}
{"level":"warn","message":"HB: No response the last 5 sec, client timeout!","timestamp":"2017-03-02T21:34:29.406Z"}
{"level":"warn","message":"HB: No response the last 5 sec, client timeout!","timestamp":"2017-03-02T21:34:34.477Z"}
{"level":"warn","message":"HB: No response the last 5 sec, client timeout!","timestamp":"2017-03-02T21:34:39.482Z"}
{"level":"warn","message":"HB: No response the last 5 sec, client timeout!","timestamp":"2017-03-02T21:34:44.484Z"}
{"level":"warn","message":"HB: No response the last 5 sec, client timeout!","timestamp":"2017-03-02T21:34:49.489Z"}
{"level":"warn","message":"HB: No response the last 5 sec, client timeout!","timestamp":"2017-03-02T21:34:54.607Z"}
{"level":"warn","message":"HB: No response the last 5 sec, client timeout!","timestamp":"2017-03-02T21:34:59.842Z"}
{"level":"warn","message":"HB: No response the last 5 sec, client timeout!","timestamp":"2017-03-02T21:35:04.845Z"}
{"level":"warn","message":"HB: No response the last 5 sec, client timeout!","timestamp":"2017-03-02T21:35:09.848Z"}
{"level":"warn","message":"HB: No response the last 5 sec, client timeout!","timestamp":"2017-03-02T21:35:14.852Z"}
{"level":"warn","message":"HB: No response the last 5 sec, client timeout!","timestamp":"2017-03-02T21:35:19.854Z"}
{"level":"warn","message":"HB: No response the last 5 sec, client timeout!","timestamp":"2017-03-02T21:35:24.858Z"}
{"level":"warn","message":"HB: No response the last 5 sec, client timeout!","timestamp":"2017-03-02T21:35:29.861Z"}
{"level":"warn","message":"HB: No response the last 5 sec, client timeout!","timestamp":"2017-03-02T21:35:34.965Z"}
{"level":"warn","message":"HB: No response the last 5 sec, client timeout!","timestamp":"2017-03-02T21:35:39.975Z"}
{"level":"warn","message":"HB: No response the last 5 sec, client timeout!","timestamp":"2017-03-02T21:35:45.037Z"}
{"level":"warn","message":"HB: No response the last 5 sec, client timeout!","timestamp":"2017-03-02T21:35:50.215Z"}
{"level":"warn","message":"HB: No response the last 5 sec, client timeout!","timestamp":"2017-03-02T21:35:55.325Z"}
{"level":"warn","message":"HB: No response the last 5 sec, client timeout!","timestamp":"2017-03-02T21:36:00.345Z"}
{"level":"warn","message":"HB: No response the last 5 sec, client timeout!","timestamp":"2017-03-02T21:36:05.348Z"}
{"level":"warn","message":"HB: No response the last 5 sec, client timeout!","timestamp":"2017-03-02T21:36:10.493Z"}
{"level":"warn","message":"HB: No response the last 5 sec, client timeout!","timestamp":"2017-03-02T21:36:15.501Z"}
{"level":"warn","message":"HB: No response the last 5 sec, client timeout!","timestamp":"2017-03-02T21:36:20.503Z"}
{"level":"warn","message":"HB: No response the last 5 sec, client timeout!","timestamp":"2017-03-02T21:36:25.507Z"}
{"level":"warn","message":"HB: No response the last 5 sec, client timeout!","timestamp":"2017-03-02T21:36:30.628Z"}
{"level":"warn","message":"HB: No response the last 5 sec, client timeout!","timestamp":"2017-03-02T21:36:35.880Z"}
{"level":"warn","message":"HB: No response the last 5 sec, client timeout!","timestamp":"2017-03-02T21:36:40.883Z"}
{"level":"warn","message":"HB: No response the last 5 sec, client timeout!","timestamp":"2017-03-02T21:36:45.887Z"}
{"level":"warn","message":"HB: No response the last 5 sec, client timeout!","timestamp":"2017-03-02T21:36:50.891Z"}
{"level":"warn","message":"HB: No response the last 5 sec, client timeout!","timestamp":"2017-03-02T21:36:55.894Z"}
{"level":"warn","message":"HB: No response the last 5 sec, client timeout!","timestamp":"2017-03-02T21:37:00.897Z"}
{"level":"warn","message":"HB: No response the last 5 sec, client timeout!","timestamp":"2017-03-02T21:37:05.901Z"}
{"level":"warn","message":"HB: No response the last 5 sec, client timeout!","timestamp":"2017-03-02T21:37:10.903Z"}
{"level":"warn","message":"HB: No response the last 5 sec, client timeout!","timestamp":"2017-03-02T21:37:15.906Z"}
{"level":"warn","message":"HB: No response the last 5 sec, client timeout!","timestamp":"2017-03-02T21:37:20.909Z"}
{"level":"warn","message":"HB: No response the last 5 sec, client timeout!","timestamp":"2017-03-02T21:37:25.912Z"}
{"level":"warn","message":"HB: No response the last 5 sec, client timeout!","timestamp":"2017-03-02T21:37:30.915Z"}
{"level":"warn","message":"HB: No response the last 5 sec, client timeout!","timestamp":"2017-03-02T21:37:35.917Z"}
{"level":"warn","message":"HB: No response the last 5 sec, client timeout!","timestamp":"2017-03-02T21:37:40.923Z"}
{"level":"warn","message":"HB: No response the last 5 sec, client timeout!","timestamp":"2017-03-02T21:37:45.929Z"}
{"level":"warn","message":"HB: No response the last 5 sec, client timeout!","timestamp":"2017-03-02T21:37:50.934Z"}
{"level":"warn","message":"HB: No response the last 5 sec, client timeout!","timestamp":"2017-03-02T21:37:55.936Z"}
{"level":"warn","message":"HB: No response the last 5 sec, client timeout!","timestamp":"2017-03-02T21:38:00.985Z"}
{"level":"warn","message":"HB: No response the last 5 sec, client timeout!","timestamp":"2017-03-02T21:38:06.001Z"}
{"level":"warn","message":"HB: No response the last 5 sec, client timeout!","timestamp":"2017-03-02T21:38:11.057Z"}
{"level":"warn","message":"HB: No response the last 5 sec, client timeout!","timestamp":"2017-03-02T21:38:16.257Z"}
{"level":"warn","message":"HB: No response the last 5 sec, client timeout!","timestamp":"2017-03-02T21:38:21.351Z"}
{"level":"warn","message":"HB: No response the last 5 sec, client timeout!","timestamp":"2017-03-02T21:38:26.362Z"}
{"level":"warn","message":"HB: No response the last 5 sec, client timeout!","timestamp":"2017-03-02T21:38:31.443Z"}
{"level":"warn","message":"HB: No response the last 5 sec, client timeout!","timestamp":"2017-03-02T21:38:36.522Z"}
{"level":"warn","message":"HB: No response the last 5 sec, client timeout!","timestamp":"2017-03-02T21:38:41.525Z"}
{"level":"warn","message":"HB: No response the last 5 sec, client timeout!","timestamp":"2017-03-02T21:38:46.530Z"}
{"level":"warn","message":"HB: No response the last 5 sec, client timeout!","timestamp":"2017-03-02T21:38:51.954Z"}
{"level":"warn","message":"HB: No response the last 5 sec, client timeout!","timestamp":"2017-03-02T21:38:56.958Z"}
{"level":"warn","message":"HB: No response the last 5 sec, client timeout!","timestamp":"2017-03-02T21:39:01.962Z"}
{"level":"warn","message":"HB: No response the last 5 sec, client timeout!","timestamp":"2017-03-02T21:39:06.965Z"}
{"level":"warn","message":"HB: No response the last 5 sec, client timeout!","timestamp":"2017-03-02T21:39:11.967Z"}
{"level":"warn","message":"HB: No response the last 5 sec, client timeout!","timestamp":"2017-03-02T21:39:16.969Z"}
{"level":"warn","message":"HB: No response the last 5 sec, client timeout!","timestamp":"2017-03-02T21:39:21.998Z"}
{"level":"warn","message":"HB: No response the last 5 sec, client timeout!","timestamp":"2017-03-02T21:39:27.013Z"}
{"level":"warn","message":"HB: No response the last 5 sec, client timeout!","timestamp":"2017-03-02T21:39:32.072Z"}
{"level":"warn","message":"HB: No response the last 5 sec, client timeout!","timestamp":"2017-03-02T21:39:37.286Z"}
{"level":"warn","message":"HB: No response the last 5 sec, client timeout!","timestamp":"2017-03-02T21:39:42.372Z"}
{"level":"warn","message":"HB: No response the last 5 sec, client timeout!","timestamp":"2017-03-02T21:39:47.374Z"}
{"level":"warn","message":"HB: No response the last 5 sec, client timeout!","timestamp":"2017-03-02T21:39:52.469Z"}
{"level":"warn","message":"HB: No response the last 5 sec, client timeout!","timestamp":"2017-03-02T21:39:57.538Z"}
{"level":"warn","message":"HB: No response the last 5 sec, client timeout!","timestamp":"2017-03-02T21:40:02.541Z"}
{"level":"warn","message":"HB: No response the last 5 sec, client timeout!","timestamp":"2017-03-02T21:40:07.544Z"}
{"level":"warn","message":"HB: No response the last 5 sec, client timeout!","timestamp":"2017-03-02T21:40:12.552Z"}
{"level":"warn","message":"HB: No response the last 5 sec, client timeout!","timestamp":"2017-03-02T21:40:17.667Z"}
{"level":"warn","message":"HB: No response the last 5 sec, client timeout!","timestamp":"2017-03-02T21:40:23.002Z"}
{"level":"warn","message":"HB: No response the last 5 sec, client timeout!","timestamp":"2017-03-02T21:40:28.007Z"}
{"level":"warn","message":"HB: No response the last 5 sec, client timeout!","timestamp":"2017-03-02T21:40:33.009Z"}
{"level":"warn","message":"HB: No response the last 5 sec, client timeout!","timestamp":"2017-03-02T21:40:38.012Z"}
{"level":"warn","message":"HB: No response the last 5 sec, client timeout!","timestamp":"2017-03-02T21:40:43.085Z"}
{"level":"warn","message":"HB: No response the last 5 sec, client timeout!","timestamp":"2017-03-02T21:40:48.319Z"}
{"level":"warn","message":"HB: No response the last 5 sec, client timeout!","timestamp":"2017-03-02T21:40:53.378Z"}
{"level":"warn","message":"HB: No response the last 5 sec, client timeout!","timestamp":"2017-03-02T21:40:58.488Z"}
{"level":"warn","message":"HB: No response the last 5 sec, client timeout!","timestamp":"2017-03-02T21:41:03.548Z"}
{"level":"warn","message":"HB: No response the last 5 sec, client timeout!","timestamp":"2017-03-02T21:41:08.686Z"}
{"level":"warn","message":"HB: No response the last 5 sec, client timeout!","timestamp":"2017-03-02T21:41:14.026Z"}
{"level":"warn","message":"HB: No response the last 5 sec, client timeout!","timestamp":"2017-03-02T21:41:19.032Z"}
{"level":"warn","message":"HB: No response the last 5 sec, client timeout!","timestamp":"2017-03-02T21:41:24.036Z"}
{"level":"warn","message":"HB: No response the last 5 sec, client timeout!","timestamp":"2017-03-02T21:41:29.039Z"}
{"level":"warn","message":"HB: No response the last 5 sec, client timeout!","timestamp":"2017-03-02T21:41:34.042Z"}
{"level":"warn","message":"HB: No response the last 5 sec, client timeout!","timestamp":"2017-03-02T21:41:39.046Z"}
{"level":"warn","message":"HB: No response the last 5 sec, client timeout!","timestamp":"2017-03-02T21:41:44.049Z"}
{"level":"warn","message":"HB: No response the last 5 sec, client timeout!","timestamp":"2017-03-02T21:41:49.053Z"}
{"level":"warn","message":"HB: No response the last 5 sec, client timeout!","timestamp":"2017-03-02T21:41:54.094Z"}
{"level":"warn","message":"HB: No response the last 5 sec, client timeout!","timestamp":"2017-03-02T21:41:59.394Z"}
{"level":"warn","message":"HB: No response the last 5 sec, client timeout!","timestamp":"2017-03-02T21:42:04.504Z"}
{"level":"warn","message":"HB: No response the last 5 sec, client timeout!","timestamp":"2017-03-02T21:42:09.559Z"}
{"level":"warn","message":"HB: No response the last 5 sec, client timeout!","timestamp":"2017-03-02T21:42:14.568Z"}
{"level":"warn","message":"HB: No response the last 5 sec, client timeout!","timestamp":"2017-03-02T21:42:19.572Z"}
{"level":"warn","message":"HB: No response the last 5 sec, client timeout!","timestamp":"2017-03-02T21:42:24.575Z"}
{"level":"warn","message":"HB: No response the last 5 sec, client timeout!","timestamp":"2017-03-02T21:42:29.578Z"}
{"level":"warn","message":"HB: No response the last 5 sec, client timeout!","timestamp":"2017-03-02T21:42:34.712Z"}
{"level":"warn","message":"HB: No response the last 5 sec, client timeout!","timestamp":"2017-03-02T21:42:40.073Z"}
{"level":"warn","message":"HB: No response the last 5 sec, client timeout!","timestamp":"2017-03-02T21:42:45.079Z"}
{"level":"warn","message":"HB: No response the last 5 sec, client timeout!","timestamp":"2017-03-02T21:42:50.083Z"}
{"level":"warn","message":"HB: No response the last 5 sec, client timeout!","timestamp":"2017-03-02T21:42:55.087Z"}
{"level":"warn","message":"HB: No response the last 5 sec, client timeout!","timestamp":"2017-03-02T21:43:00.091Z"}
{"level":"warn","message":"HB: No response the last 5 sec, client timeout!","timestamp":"2017-03-02T21:43:05.094Z"}
{"level":"warn","message":"HB: No response the last 5 sec, client timeout!","timestamp":"2017-03-02T21:43:10.098Z"}
{"level":"warn","message":"HB: No response the last 5 sec, client timeout!","timestamp":"2017-03-02T21:43:15.102Z"}
{"level":"warn","message":"HB: No response the last 5 sec, client timeout!","timestamp":"2017-03-02T21:43:20.106Z"}
{"level":"warn","message":"HB: No response the last 5 sec, client timeout!","timestamp":"2017-03-02T21:43:25.113Z"}
{"level":"warn","message":"HB: No response the last 5 sec, client timeout!","timestamp":"2017-03-02T21:43:30.118Z"}
{"level":"warn","message":"HB: No response the last 5 sec, client timeout!","timestamp":"2017-03-02T21:43:35.123Z"}
{"level":"warn","message":"HB: No response the last 5 sec, client timeout!","timestamp":"2017-03-02T21:43:40.127Z"}
{"level":"warn","message":"HB: No response the last 5 sec, client timeout!","timestamp":"2017-03-02T21:43:45.390Z"}
{"level":"warn","message":"HB: No response the last 5 sec, client timeout!","timestamp":"2017-03-02T21:43:50.534Z"}
{"level":"warn","message":"HB: No response the last 5 sec, client timeout!","timestamp":"2017-03-02T21:43:55.576Z"}
{"level":"warn","message":"HB: No response the last 5 sec, client timeout!","timestamp":"2017-03-02T21:44:00.580Z"}
{"level":"warn","message":"HB: No response the last 5 sec, client timeout!","timestamp":"2017-03-02T21:44:05.588Z"}
{"level":"warn","message":"HB: No response the last 5 sec, client timeout!","timestamp":"2017-03-02T21:44:10.740Z"}
{"level":"warn","message":"HB: No response the last 5 sec, client timeout!","timestamp":"2017-03-02T21:44:16.141Z"}
{"level":"warn","message":"HB: No response the last 5 sec, client timeout!","timestamp":"2017-03-02T21:44:21.147Z"}
{"level":"warn","message":"HB: No response the last 5 sec, client timeout!","timestamp":"2017-03-02T21:44:26.149Z"}
{"level":"warn","message":"HB: No response the last 5 sec, client timeout!","timestamp":"2017-03-02T21:44:31.155Z"}
{"level":"warn","message":"HB: No response the last 5 sec, client timeout!","timestamp":"2017-03-02T21:44:36.158Z"}
{"level":"warn","message":"HB: No response the last 5 sec, client timeout!","timestamp":"2017-03-02T21:44:41.164Z"}
{"level":"warn","message":"HB: No response the last 5 sec, client timeout!","timestamp":"2017-03-02T21:44:46.169Z"}
{"level":"warn","message":"HB: No response the last 5 sec, client timeout!","timestamp":"2017-03-02T21:44:51.175Z"}
{"level":"warn","message":"HB: No response the last 5 sec, client timeout!","timestamp":"2017-03-02T21:44:56.179Z"}
{"level":"warn","message":"HB: No response the last 5 sec, client timeout!","timestamp":"2017-03-02T21:45:01.184Z"}
{"level":"warn","message":"HB: No response the last 5 sec, client timeout!","timestamp":"2017-03-02T21:45:06.190Z"}
{"level":"warn","message":"HB: No response the last 5 sec, client timeout!","timestamp":"2017-03-02T21:45:11.200Z"}
{"level":"warn","message":"HB: No response the last 5 sec, client timeout!","timestamp":"2017-03-02T21:45:16.203Z"}
{"level":"warn","message":"HB: No response the last 5 sec, client timeout!","timestamp":"2017-03-02T21:45:21.208Z"}
{"level":"warn","message":"HB: No response the last 5 sec, client timeout!","timestamp":"2017-03-02T21:45:26.212Z"}
{"level":"warn","message":"HB: No response the last 5 sec, client timeout!","timestamp":"2017-03-02T21:45:31.215Z"}
{"level":"warn","message":"HB: No response the last 5 sec, client timeout!","timestamp":"2017-03-02T21:45:36.217Z"}
{"level":"warn","message":"HB: No response the last 5 sec, client timeout!","timestamp":"2017-03-02T21:45:41.418Z"}
{"level":"warn","message":"HB: No response the last 5 sec, client timeout!","timestamp":"2017-03-02T21:45:46.429Z"}
{"level":"warn","message":"HB: No response the last 5 sec, client timeout!","timestamp":"2017-03-02T21:45:51.432Z"}
{"level":"warn","message":"HB: No response the last 5 sec, client timeout!","timestamp":"2017-03-02T21:45:56.434Z"}
{"level":"warn","message":"HB: No response the last 5 sec, client timeout!","timestamp":"2017-03-02T21:46:01.572Z"}
{"level":"warn","message":"HB: No response the last 5 sec, client timeout!","timestamp":"2017-03-02T21:46:06.599Z"}
{"level":"warn","message":"HB: No response the last 5 sec, client timeout!","timestamp":"2017-03-02T21:46:11.605Z"}
{"level":"warn","message":"HB: No response the last 5 sec, client timeout!","timestamp":"2017-03-02T21:46:16.608Z"}
{"level":"warn","message":"HB: No response the last 5 sec, client timeout!","timestamp":"2017-03-02T21:46:21.775Z"}
{"level":"warn","message":"HB: No response the last 5 sec, client timeout!","timestamp":"2017-03-02T21:46:27.244Z"}
{"level":"warn","message":"HB: No response the last 5 sec, client timeout!","timestamp":"2017-03-02T21:46:32.250Z"}
{"level":"warn","message":"HB: No response the last 5 sec, client timeout!","timestamp":"2017-03-02T21:46:37.253Z"}
{"level":"warn","message":"HB: No response the last 5 sec, client timeout!","timestamp":"2017-03-02T21:46:42.257Z"}
{"level":"warn","message":"HB: No response the last 5 sec, client timeout!","timestamp":"2017-03-02T21:46:47.263Z"}
{"level":"warn","message":"HB: No response the last 5 sec, client timeout!","timestamp":"2017-03-02T21:46:52.268Z"}
{"level":"warn","message":"HB: No response the last 5 sec, client timeout!","timestamp":"2017-03-02T21:46:57.273Z"}
{"level":"warn","message":"HB: No response the last 5 sec, client timeout!","timestamp":"2017-03-02T21:47:02.277Z"}
{"level":"warn","message":"HB: No response the last 5 sec, client timeout!","timestamp":"2017-03-02T21:47:07.282Z"}
{"level":"warn","message":"HB: No response the last 5 sec, client timeout!","timestamp":"2017-03-02T21:47:12.286Z"}
{"level":"warn","message":"HB: No response the last 5 sec, client timeout!","timestamp":"2017-03-02T21:47:17.292Z"}
{"level":"warn","message":"HB: No response the last 5 sec, client timeout!","timestamp":"2017-03-02T21:47:22.296Z"}
{"level":"warn","message":"HB: No response the last 5 sec, client timeout!","timestamp":"2017-03-02T21:47:27.301Z"}
{"level":"warn","message":"HB: No response the last 5 sec, client timeout!","timestamp":"2017-03-02T21:47:32.304Z"}
{"level":"warn","message":"HB: No response the last 5 sec, client timeout!","timestamp":"2017-03-02T21:47:37.452Z"}
{"level":"warn","message":"HB: No response the last 5 sec, client timeout!","timestamp":"2017-03-02T21:47:42.607Z"}
{"level":"warn","message":"HB: No response the last 5 sec, client timeout!","timestamp":"2017-03-02T21:47:47.612Z"}
{"level":"warn","message":"HB: No response the last 5 sec, client timeout!","timestamp":"2017-03-02T21:47:52.614Z"}
{"level":"warn","message":"HB: No response the last 5 sec, client timeout!","timestamp":"2017-03-02T21:47:57.618Z"}
{"level":"warn","message":"HB: No response the last 5 sec, client timeout!","timestamp":"2017-03-02T21:48:02.621Z"}
{"level":"warn","message":"HB: No response the last 5 sec, client timeout!","timestamp":"2017-03-02T21:48:07.625Z"}
{"level":"warn","message":"HB: No response the last 5 sec, client timeout!","timestamp":"2017-03-02T21:48:12.626Z"}
{"level":"warn","message":"HB: No response the last 5 sec, client timeout!","timestamp":"2017-03-02T21:48:17.815Z"}
{"level":"warn","message":"HB: No response the last 5 sec, client timeout!","timestamp":"2017-03-02T21:48:23.333Z"}
{"level":"warn","message":"HB: No response the last 5 sec, client timeout!","timestamp":"2017-03-02T21:48:28.338Z"}
{"level":"warn","message":"HB: No response the last 5 sec, client timeout!","timestamp":"2017-03-02T21:48:33.344Z"}
{"level":"warn","message":"HB: No response the last 5 sec, client timeout!","timestamp":"2017-03-02T21:48:38.350Z"}
{"level":"warn","message":"HB: No response the last 5 sec, client timeout!","timestamp":"2017-03-02T21:48:43.356Z"}
{"level":"warn","message":"HB: No response the last 5 sec, client timeout!","timestamp":"2017-03-02T21:48:48.364Z"}
{"level":"warn","message":"HB: No response the last 5 sec, client timeout!","timestamp":"2017-03-02T21:48:53.369Z"}
{"level":"warn","message":"HB: No response the last 5 sec, client timeout!","timestamp":"2017-03-02T21:48:58.375Z"}
{"level":"warn","message":"HB: No response the last 5 sec, client timeout!","timestamp":"2017-03-02T21:49:03.381Z"}
{"level":"warn","message":"HB: No response the last 5 sec, client timeout!","timestamp":"2017-03-02T21:49:08.387Z"}
{"level":"warn","message":"HB: No response the last 5 sec, client timeout!","timestamp":"2017-03-02T21:49:13.394Z"}
{"level":"warn","message":"HB: No response the last 5 sec, client timeout!","timestamp":"2017-03-02T21:49:18.399Z"}
{"level":"warn","message":"HB: No response the last 5 sec, client timeout!","timestamp":"2017-03-02T21:49:23.404Z"}
{"level":"warn","message":"HB: No response the last 5 sec, client timeout!","timestamp":"2017-03-02T21:49:28.408Z"}
{"level":"warn","message":"HB: No response the last 5 sec, client timeout!","timestamp":"2017-03-02T21:49:33.412Z"}
{"level":"warn","message":"HB: No response the last 5 sec, client timeout!","timestamp":"2017-03-02T21:49:38.416Z"}
{"level":"warn","message":"HB: No response the last 5 sec, client timeout!","timestamp":"2017-03-02T21:49:43.421Z"}
{"level":"warn","message":"HB: No response the last 5 sec, client timeout!","timestamp":"2017-03-02T21:49:48.427Z"}
{"level":"warn","message":"HB: No response the last 5 sec, client timeout!","timestamp":"2017-03-02T21:49:53.433Z"}
{"level":"warn","message":"HB: No response the last 5 sec, client timeout!","timestamp":"2017-03-02T21:49:58.438Z"}
{"level":"warn","message":"HB: No response the last 5 sec, client timeout!","timestamp":"2017-03-02T21:50:03.444Z"}
{"level":"warn","message":"HB: No response the last 5 sec, client timeout!","timestamp":"2017-03-02T21:50:08.449Z"}
{"level":"warn","message":"HB: No response the last 5 sec, client timeout!","timestamp":"2017-03-02T21:50:13.455Z"}
{"level":"warn","message":"HB: No response the last 5 sec, client timeout!","timestamp":"2017-03-02T21:50:18.461Z"}
{"level":"warn","message":"HB: No response the last 5 sec, client timeout!","timestamp":"2017-03-02T21:50:23.467Z"}
{"level":"warn","message":"HB: No response the last 5 sec, client timeout!","timestamp":"2017-03-02T21:50:28.473Z"}
{"level":"warn","message":"HB: No response the last 5 sec, client timeout!","timestamp":"2017-03-02T21:50:33.477Z"}
{"level":"warn","message":"HB: No response the last 5 sec, client timeout!","timestamp":"2017-03-02T21:50:38.484Z"}
{"level":"warn","message":"HB: No response the last 5 sec, client timeout!","timestamp":"2017-03-02T21:50:43.488Z"}
{"level":"warn","message":"HB: No response the last 5 sec, client timeout!","timestamp":"2017-03-02T21:50:48.493Z"}
{"level":"warn","message":"HB: No response the last 5 sec, client timeout!","timestamp":"2017-03-02T21:50:53.498Z"}
{"level":"warn","message":"HB: No response the last 5 sec, client timeout!","timestamp":"2017-03-02T21:50:58.504Z"}
{"level":"warn","message":"HB: No response the last 5 sec, client timeout!","timestamp":"2017-03-02T21:51:03.508Z"}
{"level":"warn","message":"HB: No response the last 5 sec, client timeout!","timestamp":"2017-03-02T21:51:08.512Z"}
{"level":"warn","message":"HB: No response the last 5 sec, client timeout!","timestamp":"2017-03-02T21:51:13.514Z"}
{"level":"warn","message":"HB: No response the last 5 sec, client timeout!","timestamp":"2017-03-02T21:51:18.520Z"}
{"level":"warn","message":"HB: No response the last 5 sec, client timeout!","timestamp":"2017-03-02T21:51:23.525Z"}
{"level":"warn","message":"HB: No response the last 5 sec, client timeout!","timestamp":"2017-03-02T21:51:28.531Z"}
{"level":"warn","message":"HB: No response the last 5 sec, client timeout!","timestamp":"2017-03-02T21:51:33.538Z"}
{"level":"warn","message":"HB: No response the last 5 sec, client timeout!","timestamp":"2017-03-02T21:51:38.543Z"}
{"level":"warn","message":"HB: No response the last 5 sec, client timeout!","timestamp":"2017-03-02T21:51:43.548Z"}
{"level":"warn","message":"HB: No response the last 5 sec, client timeout!","timestamp":"2017-03-02T21:51:48.553Z"}
{"level":"warn","message":"HB: No response the last 5 sec, client timeout!","timestamp":"2017-03-02T21:51:53.560Z"}
{"level":"warn","message":"HB: No response the last 5 sec, client timeout!","timestamp":"2017-03-02T21:51:58.565Z"}
{"level":"warn","message":"HB: No response the last 5 sec, client timeout!","timestamp":"2017-03-02T21:52:03.570Z"}
{"level":"warn","message":"HB: No response the last 5 sec, client timeout!","timestamp":"2017-03-02T21:52:08.576Z"}
{"level":"warn","message":"HB: No response the last 5 sec, client timeout!","timestamp":"2017-03-02T21:52:13.582Z"}
{"level":"warn","message":"HB: No response the last 5 sec, client timeout!","timestamp":"2017-03-02T21:52:18.588Z"}
{"level":"warn","message":"HB: No response the last 5 sec, client timeout!","timestamp":"2017-03-02T21:52:23.594Z"}
{"level":"warn","message":"HB: No response the last 5 sec, client timeout!","timestamp":"2017-03-02T21:52:28.599Z"}
{"level":"warn","message":"HB: No response the last 5 sec, client timeout!","timestamp":"2017-03-02T21:52:33.604Z"}
{"level":"warn","message":"HB: No response the last 5 sec, client timeout!","timestamp":"2017-03-02T21:52:38.609Z"}
{"level":"warn","message":"HB: No response the last 5 sec, client timeout!","timestamp":"2017-03-02T21:52:43.613Z"}
{"level":"warn","message":"HB: No response the last 5 sec, client timeout!","timestamp":"2017-03-02T21:52:48.619Z"}
{"level":"warn","message":"HB: No response the last 5 sec, client timeout!","timestamp":"2017-03-02T21:52:53.626Z"}
{"level":"warn","message":"HB: No response the last 5 sec, client timeout!","timestamp":"2017-03-02T21:52:58.633Z"}
{"level":"warn","message":"HB: No response the last 5 sec, client timeout!","timestamp":"2017-03-02T21:53:03.640Z"}
{"level":"warn","message":"HB: No response the last 5 sec, client timeout!","timestamp":"2017-03-02T21:53:08.647Z"}
{"level":"warn","message":"HB: No response the last 5 sec, client timeout!","timestamp":"2017-03-02T21:53:13.653Z"}
{"level":"warn","message":"HB: No response the last 5 sec, client timeout!","timestamp":"2017-03-02T21:53:18.659Z"}
{"level":"warn","message":"HB: No response the last 5 sec, client timeout!","timestamp":"2017-03-02T21:53:23.665Z"}
{"level":"warn","message":"HB: No response the last 5 sec, client timeout!","timestamp":"2017-03-02T21:53:28.671Z"}
{"level":"warn","message":"HB: No response the last 5 sec, client timeout!","timestamp":"2017-03-02T21:53:33.676Z"}
{"level":"warn","message":"HB: No response the last 5 sec, client timeout!","timestamp":"2017-03-02T21:53:38.681Z"}
{"level":"warn","message":"HB: No response the last 5 sec, client timeout!","timestamp":"2017-03-02T21:53:43.687Z"}
{"level":"warn","message":"HB: No response the last 5 sec, client timeout!","timestamp":"2017-03-02T21:53:48.693Z"}
{"level":"warn","message":"HB: No response the last 5 sec, client timeout!","timestamp":"2017-03-02T21:53:53.698Z"}
{"level":"warn","message":"HB: No response the last 5 sec, client timeout!","timestamp":"2017-03-02T21:53:58.704Z"}
{"level":"warn","message":"HB: No response the last 5 sec, client timeout!","timestamp":"2017-03-02T21:54:03.711Z"}
{"level":"warn","message":"HB: No response the last 5 sec, client timeout!","timestamp":"2017-03-02T21:54:08.717Z"}
{"level":"warn","message":"HB: No response the last 5 sec, client timeout!","timestamp":"2017-03-02T21:54:13.723Z"}
{"level":"warn","message":"HB: No response the last 5 sec, client timeout!","timestamp":"2017-03-02T21:54:18.729Z"}
{"level":"warn","message":"HB: No response the last 5 sec, client timeout!","timestamp":"2017-03-02T21:54:23.734Z"}
{"level":"warn","message":"HB: No response the last 5 sec, client timeout!","timestamp":"2017-03-02T21:54:28.740Z"}
{"level":"warn","message":"HB: No response the last 5 sec, client timeout!","timestamp":"2017-03-02T21:54:33.745Z"}
{"level":"warn","message":"HB: No response the last 5 sec, client timeout!","timestamp":"2017-03-02T21:54:38.751Z"}
{"level":"warn","message":"HB: No response the last 5 sec, client timeout!","timestamp":"2017-03-02T21:54:43.758Z"}
{"level":"warn","message":"HB: No response the last 5 sec, client timeout!","timestamp":"2017-03-02T21:54:48.764Z"}
{"level":"warn","message":"HB: No response the last 5 sec, client timeout!","timestamp":"2017-03-02T21:54:53.770Z"}
{"level":"warn","message":"HB: No response the last 5 sec, client timeout!","timestamp":"2017-03-02T21:54:58.777Z"}
{"level":"warn","message":"HB: No response the last 5 sec, client timeout!","timestamp":"2017-03-02T21:55:03.783Z"}
{"level":"warn","message":"HB: No response the last 5 sec, client timeout!","timestamp":"2017-03-02T21:55:08.789Z"}
{"level":"warn","message":"HB: No response the last 5 sec, client timeout!","timestamp":"2017-03-02T21:55:13.796Z"}
{"level":"warn","message":"HB: No response the last 5 sec, client timeout!","timestamp":"2017-03-02T21:55:18.803Z"}
{"level":"warn","message":"HB: No response the last 5 sec, client timeout!","timestamp":"2017-03-02T21:55:23.810Z"}
{"level":"warn","message":"HB: No response the last 5 sec, client timeout!","timestamp":"2017-03-02T21:55:28.816Z"}
{"level":"warn","message":"HB: No response the last 5 sec, client timeout!","timestamp":"2017-03-02T21:55:33.822Z"}
{"level":"warn","message":"HB: No response the last 5 sec, client timeout!","timestamp":"2017-03-02T21:55:38.829Z"}
{"level":"warn","message":"HB: No response the last 5 sec, client timeout!","timestamp":"2017-03-02T21:55:43.835Z"}
{"level":"warn","message":"HB: No response the last 5 sec, client timeout!","timestamp":"2017-03-02T21:55:48.842Z"}
{"level":"warn","message":"HB: No response the last 5 sec, client timeout!","timestamp":"2017-03-02T21:55:53.849Z"}
{"level":"warn","message":"HB: No response the last 5 sec, client timeout!","timestamp":"2017-03-02T21:55:58.855Z"}
{"level":"warn","message":"HB: No response the last 5 sec, client timeout!","timestamp":"2017-03-02T21:56:03.861Z"}
{"level":"warn","message":"HB: No response the last 5 sec, client timeout!","timestamp":"2017-03-02T21:56:08.869Z"}
{"level":"warn","message":"HB: No response the last 5 sec, client timeout!","timestamp":"2017-03-02T21:56:13.876Z"}
{"level":"warn","message":"HB: No response the last 5 sec, client timeout!","timestamp":"2017-03-02T21:56:18.883Z"}
{"level":"warn","message":"HB: No response the last 5 sec, client timeout!","timestamp":"2017-03-02T21:56:23.890Z"}
{"level":"warn","message":"HB: No response the last 5 sec, client timeout!","timestamp":"2017-03-02T21:56:28.896Z"}
{"level":"warn","message":"HB: No response the last 5 sec, client timeout!","timestamp":"2017-03-02T21:56:33.903Z"}
{"level":"warn","message":"HB: No response the last 5 sec, client timeout!","timestamp":"2017-03-02T21:56:38.910Z"}
{"level":"warn","message":"HB: No response the last 5 sec, client timeout!","timestamp":"2017-03-02T21:56:43.916Z"}
{"level":"warn","message":"HB: No response the last 5 sec, client timeout!","timestamp":"2017-03-02T21:56:48.923Z"}
{"level":"warn","message":"HB: No response the last 5 sec, client timeout!","timestamp":"2017-03-02T21:56:53.939Z"}
{"level":"warn","message":"HB: No response the last 5 sec, client timeout!","timestamp":"2017-03-02T21:56:58.950Z"}
{"level":"warn","message":"HB: No response the last 5 sec, client timeout!","timestamp":"2017-03-02T21:57:03.956Z"}
{"level":"warn","message":"HB: No response the last 5 sec, client timeout!","timestamp":"2017-03-02T21:57:08.964Z"}
{"level":"warn","message":"HB: No response the last 5 sec, client timeout!","timestamp":"2017-03-02T21:57:13.974Z"}
{"level":"warn","message":"HB: No response the last 5 sec, client timeout!","timestamp":"2017-03-02T21:57:18.987Z"}
{"level":"warn","message":"HB: No response the last 5 sec, client timeout!","timestamp":"2017-03-02T21:57:23.994Z"}
{"level":"warn","message":"HB: No response the last 5 sec, client timeout!","timestamp":"2017-03-02T21:57:28.999Z"}
{"level":"warn","message":"HB: No response the last 5 sec, client timeout!","timestamp":"2017-03-02T21:57:34.009Z"}
{"level":"warn","message":"HB: No response the last 5 sec, client timeout!","timestamp":"2017-03-02T21:57:39.017Z"}
{"level":"warn","message":"HB: No response the last 5 sec, client timeout!","timestamp":"2017-03-02T21:57:44.024Z"}
{"level":"warn","message":"HB: No response the last 5 sec, client timeout!","timestamp":"2017-03-02T21:57:49.030Z"}
{"level":"warn","message":"HB: No response the last 5 sec, client timeout!","timestamp":"2017-03-02T21:57:54.037Z"}
{"level":"warn","message":"HB: No response the last 5 sec, client timeout!","timestamp":"2017-03-02T21:57:59.044Z"}
{"level":"warn","message":"HB: No response the last 5 sec, client timeout!","timestamp":"2017-03-02T21:58:04.050Z"}
{"level":"warn","message":"HB: No response the last 5 sec, client timeout!","timestamp":"2017-03-02T21:58:09.058Z"}
{"level":"warn","message":"HB: No response the last 5 sec, client timeout!","timestamp":"2017-03-02T21:58:14.065Z"}
{"level":"warn","message":"HB: No response the last 5 sec, client timeout!","timestamp":"2017-03-02T21:58:19.072Z"}
{"level":"warn","message":"HB: No response the last 5 sec, client timeout!","timestamp":"2017-03-02T21:58:24.079Z"}
{"level":"warn","message":"HB: No response the last 5 sec, client timeout!","timestamp":"2017-03-02T21:58:29.086Z"}
{"level":"warn","message":"HB: No response the last 5 sec, client timeout!","timestamp":"2017-03-02T21:58:34.093Z"}
{"level":"warn","message":"HB: No response the last 5 sec, client timeout!","timestamp":"2017-03-02T21:58:39.101Z"}
{"level":"warn","message":"HB: No response the last 5 sec, client timeout!","timestamp":"2017-03-02T21:58:44.109Z"}
{"level":"warn","message":"HB: No response the last 5 sec, client timeout!","timestamp":"2017-03-02T21:58:49.117Z"}
{"level":"warn","message":"HB: No response the last 5 sec, client timeout!","timestamp":"2017-03-02T21:58:54.123Z"}
{"level":"warn","message":"HB: No response the last 5 sec, client timeout!","timestamp":"2017-03-02T21:58:59.131Z"}
{"level":"warn","message":"HB: No response the last 5 sec, client timeout!","timestamp":"2017-03-02T21:59:04.138Z"}
{"level":"warn","message":"HB: No response the last 5 sec, client timeout!","timestamp":"2017-03-02T21:59:09.145Z"}
{"level":"warn","message":"HB: No response the last 5 sec, client timeout!","timestamp":"2017-03-02T21:59:14.153Z"}
{"level":"warn","message":"HB: No response the last 5 sec, client timeout!","timestamp":"2017-03-02T21:59:19.160Z"}
{"level":"warn","message":"HB: No response the last 5 sec, client timeout!","timestamp":"2017-03-02T21:59:24.167Z"}
{"level":"warn","message":"HB: No response the last 5 sec, client timeout!","timestamp":"2017-03-02T21:59:29.174Z"}
{"level":"warn","message":"HB: No response the last 5 sec, client timeout!","timestamp":"2017-03-02T21:59:34.182Z"}
{"level":"warn","message":"HB: No response the last 5 sec, client timeout!","timestamp":"2017-03-02T21:59:39.191Z"}
{"level":"warn","message":"HB: No response the last 5 sec, client timeout!","timestamp":"2017-03-02T21:59:44.198Z"}
{"level":"warn","message":"HB: No response the last 5 sec, client timeout!","timestamp":"2017-03-02T21:59:49.205Z"}
{"level":"warn","message":"HB: No response the last 5 sec, client timeout!","timestamp":"2017-03-02T21:59:54.211Z"}
{"level":"warn","message":"HB: No response the last 5 sec, client timeout!","timestamp":"2017-03-02T21:59:59.218Z"}
{"level":"warn","message":"HB: No response the last 5 sec, client timeout!","timestamp":"2017-03-02T22:00:04.226Z"}
{"level":"warn","message":"HB: No response the last 5 sec, client timeout!","timestamp":"2017-03-02T22:00:09.233Z"}
{"level":"warn","message":"HB: No response the last 5 sec, client timeout!","timestamp":"2017-03-02T22:00:14.242Z"}
{"level":"warn","message":"HB: No response the last 5 sec, client timeout!","timestamp":"2017-03-02T22:00:19.248Z"}
{"level":"warn","message":"HB: No response the last 5 sec, client timeout!","timestamp":"2017-03-02T22:00:24.255Z"}
{"level":"warn","message":"HB: No response the last 5 sec, client timeout!","timestamp":"2017-03-02T22:00:29.263Z"}
{"level":"warn","message":"HB: No response the last 5 sec, client timeout!","timestamp":"2017-03-02T22:00:34.270Z"}
{"level":"warn","message":"HB: No response the last 5 sec, client timeout!","timestamp":"2017-03-02T22:00:39.279Z"}
{"level":"warn","message":"HB: No response the last 5 sec, client timeout!","timestamp":"2017-03-02T22:00:44.287Z"}
{"level":"warn","message":"HB: No response the last 5 sec, client timeout!","timestamp":"2017-03-02T22:00:49.294Z"}
{"level":"warn","message":"HB: No response the last 5 sec, client timeout!","timestamp":"2017-03-02T22:00:54.301Z"}
{"level":"warn","message":"HB: No response the last 5 sec, client timeout!","timestamp":"2017-03-02T22:00:59.307Z"}
{"level":"warn","message":"HB: No response the last 5 sec, client timeout!","timestamp":"2017-03-02T22:01:04.315Z"}
{"level":"warn","message":"HB: No response the last 5 sec, client timeout!","timestamp":"2017-03-02T22:01:09.321Z"}
{"level":"warn","message":"HB: No response the last 5 sec, client timeout!","timestamp":"2017-03-02T22:01:14.330Z"}
{"level":"warn","message":"HB: No response the last 5 sec, client timeout!","timestamp":"2017-03-02T22:01:19.338Z"}
{"level":"warn","message":"HB: No response the last 5 sec, client timeout!","timestamp":"2017-03-02T22:01:24.345Z"}
{"level":"warn","message":"HB: No response the last 5 sec, client timeout!","timestamp":"2017-03-02T22:01:29.353Z"}
{"level":"warn","message":"HB: No response the last 5 sec, client timeout!","timestamp":"2017-03-02T22:01:34.360Z"}
{"level":"warn","message":"HB: No response the last 5 sec, client timeout!","timestamp":"2017-03-02T22:01:39.368Z"}
{"level":"warn","message":"HB: No response the last 5 sec, client timeout!","timestamp":"2017-03-02T22:01:44.374Z"}
{"level":"warn","message":"HB: No response the last 5 sec, client timeout!","timestamp":"2017-03-02T22:01:49.381Z"}
{"level":"warn","message":"HB: No response the last 5 sec, client timeout!","timestamp":"2017-03-02T22:01:54.388Z"}
{"level":"warn","message":"HB: No response the last 5 sec, client timeout!","timestamp":"2017-03-02T22:01:59.395Z"}
{"level":"warn","message":"HB: No response the last 5 sec, client timeout!","timestamp":"2017-03-02T22:02:04.402Z"}
{"level":"warn","message":"HB: No response the last 5 sec, client timeout!","timestamp":"2017-03-02T22:02:09.408Z"}
{"level":"warn","message":"HB: No response the last 5 sec, client timeout!","timestamp":"2017-03-02T22:02:14.415Z"}
{"level":"warn","message":"HB: No response the last 5 sec, client timeout!","timestamp":"2017-03-02T22:02:19.422Z"}
{"level":"warn","message":"HB: No response the last 5 sec, client timeout!","timestamp":"2017-03-02T22:02:24.431Z"}
{"level":"warn","message":"HB: No response the last 5 sec, client timeout!","timestamp":"2017-03-02T22:02:29.438Z"}
{"level":"warn","message":"HB: No response the last 5 sec, client timeout!","timestamp":"2017-03-02T22:02:34.447Z"}
{"level":"warn","message":"HB: No response the last 5 sec, client timeout!","timestamp":"2017-03-02T22:02:39.454Z"}
{"level":"warn","message":"HB: No response the last 5 sec, client timeout!","timestamp":"2017-03-02T22:02:44.460Z"}
{"level":"warn","message":"HB: No response the last 5 sec, client timeout!","timestamp":"2017-03-02T22:02:49.466Z"}
{"level":"warn","message":"HB: No response the last 5 sec, client timeout!","timestamp":"2017-03-02T22:02:54.473Z"}
{"level":"warn","message":"HB: No response the last 5 sec, client timeout!","timestamp":"2017-03-02T22:02:59.481Z"}
{"level":"warn","message":"HB: No response the last 5 sec, client timeout!","timestamp":"2017-03-02T22:03:04.486Z"}
{"level":"warn","message":"HB: No response the last 5 sec, client timeout!","timestamp":"2017-03-02T22:03:09.493Z"}
{"level":"warn","message":"HB: No response the last 5 sec, client timeout!","timestamp":"2017-03-02T22:03:14.501Z"}
{"level":"warn","message":"HB: No response the last 5 sec, client timeout!","timestamp":"2017-03-02T22:03:19.509Z"}
{"level":"warn","message":"HB: No response the last 5 sec, client timeout!","timestamp":"2017-03-02T22:03:24.516Z"}
{"level":"warn","message":"HB: No response the last 5 sec, client timeout!","timestamp":"2017-03-02T22:03:29.524Z"}
{"level":"warn","message":"HB: No response the last 5 sec, client timeout!","timestamp":"2017-03-02T22:03:34.527Z"}
{"level":"warn","message":"HB: No response the last 5 sec, client timeout!","timestamp":"2017-03-02T22:03:39.532Z"}
{"level":"warn","message":"HB: No response the last 5 sec, client timeout!","timestamp":"2017-03-02T22:03:44.541Z"}
{"level":"warn","message":"HB: No response the last 5 sec, client timeout!","timestamp":"2017-03-02T22:03:49.547Z"}
{"level":"warn","message":"HB: No response the last 5 sec, client timeout!","timestamp":"2017-03-02T22:03:54.553Z"}
{"level":"warn","message":"HB: No response the last 5 sec, client timeout!","timestamp":"2017-03-02T22:03:59.561Z"}
{"level":"warn","message":"HB: No response the last 5 sec, client timeout!","timestamp":"2017-03-02T22:04:04.569Z"}
{"level":"warn","message":"HB: No response the last 5 sec, client timeout!","timestamp":"2017-03-02T22:04:09.572Z"}
{"level":"warn","message":"HB: No response the last 5 sec, client timeout!","timestamp":"2017-03-02T22:04:14.580Z"}
{"level":"warn","message":"HB: No response the last 5 sec, client timeout!","timestamp":"2017-03-02T22:04:19.588Z"}
{"level":"warn","message":"HB: No response the last 5 sec, client timeout!","timestamp":"2017-03-02T22:04:24.595Z"}
{"level":"warn","message":"HB: No response the last 5 sec, client timeout!","timestamp":"2017-03-02T22:04:29.601Z"}
{"level":"warn","message":"HB: No response the last 5 sec, client timeout!","timestamp":"2017-03-02T22:04:34.608Z"}
{"level":"warn","message":"HB: No response the last 5 sec, client timeout!","timestamp":"2017-03-02T22:04:39.614Z"}
{"level":"warn","message":"HB: No response the last 5 sec, client timeout!","timestamp":"2017-03-02T22:04:44.622Z"}
{"level":"warn","message":"HB: No response the last 5 sec, client timeout!","timestamp":"2017-03-02T22:04:49.628Z"}
{"level":"warn","message":"HB: No response the last 5 sec, client timeout!","timestamp":"2017-03-02T22:04:54.635Z"}
{"level":"warn","message":"HB: No response the last 5 sec, client timeout!","timestamp":"2017-03-02T22:04:59.641Z"}
{"level":"warn","message":"HB: No response the last 5 sec, client timeout!","timestamp":"2017-03-02T22:05:04.648Z"}
{"level":"warn","message":"HB: No response the last 5 sec, client timeout!","timestamp":"2017-03-02T22:05:09.655Z"}
{"level":"warn","message":"HB: No response the last 5 sec, client timeout!","timestamp":"2017-03-02T22:05:14.663Z"}
{"level":"warn","message":"HB: No response the last 5 sec, client timeout!","timestamp":"2017-03-02T22:05:19.668Z"}
{"level":"warn","message":"HB: No response the last 5 sec, client timeout!","timestamp":"2017-03-02T22:05:24.676Z"}
{"level":"warn","message":"HB: No response the last 5 sec, client timeout!","timestamp":"2017-03-02T22:05:29.682Z"}
{"level":"warn","message":"HB: No response the last 5 sec, client timeout!","timestamp":"2017-03-02T22:05:34.690Z"}
{"level":"warn","message":"HB: No response the last 5 sec, client timeout!","timestamp":"2017-03-02T22:05:39.695Z"}
{"level":"warn","message":"HB: No response the last 5 sec, client timeout!","timestamp":"2017-03-02T22:05:44.702Z"}
{"level":"warn","message":"HB: No response the last 5 sec, client timeout!","timestamp":"2017-03-02T22:05:49.709Z"}
{"level":"warn","message":"HB: No response the last 5 sec, client timeout!","timestamp":"2017-03-02T22:05:54.717Z"}
{"level":"warn","message":"HB: No response the last 5 sec, client timeout!","timestamp":"2017-03-02T22:05:59.725Z"}
{"level":"warn","message":"HB: No response the last 5 sec, client timeout!","timestamp":"2017-03-02T22:06:04.731Z"}
{"level":"warn","message":"HB: No response the last 5 sec, client timeout!","timestamp":"2017-03-02T22:06:09.736Z"}
{"level":"warn","message":"HB: No response the last 5 sec, client timeout!","timestamp":"2017-03-02T22:06:14.742Z"}
{"level":"warn","message":"HB: No response the last 5 sec, client timeout!","timestamp":"2017-03-02T22:06:19.749Z"}
{"level":"warn","message":"HB: No response the last 5 sec, client timeout!","timestamp":"2017-03-02T22:06:24.757Z"}
{"level":"warn","message":"HB: No response the last 5 sec, client timeout!","timestamp":"2017-03-02T22:06:29.763Z"}
{"level":"warn","message":"HB: No response the last 5 sec, client timeout!","timestamp":"2017-03-02T22:06:34.770Z"}
{"level":"warn","message":"HB: No response the last 5 sec, client timeout!","timestamp":"2017-03-02T22:06:39.775Z"}
{"level":"warn","message":"HB: No response the last 5 sec, client timeout!","timestamp":"2017-03-02T22:06:44.781Z"}
{"level":"warn","message":"HB: No response the last 5 sec, client timeout!","timestamp":"2017-03-02T22:06:49.787Z"}
{"level":"warn","message":"HB: No response the last 5 sec, client timeout!","timestamp":"2017-03-02T22:06:54.794Z"}
{"level":"warn","message":"HB: No response the last 5 sec, client timeout!","timestamp":"2017-03-02T22:06:59.803Z"}
{"level":"warn","message":"HB: No response the last 5 sec, client timeout!","timestamp":"2017-03-02T22:07:04.807Z"}
{"level":"warn","message":"HB: No response the last 5 sec, client timeout!","timestamp":"2017-03-02T22:07:09.813Z"}
{"level":"warn","message":"HB: No response the last 5 sec, client timeout!","timestamp":"2017-03-02T22:07:14.820Z"}
{"level":"warn","message":"HB: No response the last 5 sec, client timeout!","timestamp":"2017-03-02T22:07:19.826Z"}
{"level":"warn","message":"HB: No response the last 5 sec, client timeout!","timestamp":"2017-03-02T22:07:24.833Z"}
{"level":"warn","message":"HB: No response the last 5 sec, client timeout!","timestamp":"2017-03-02T22:07:29.842Z"}
{"level":"warn","message":"HB: No response the last 5 sec, client timeout!","timestamp":"2017-03-02T22:07:34.850Z"}
{"level":"warn","message":"HB: No response the last 5 sec, client timeout!","timestamp":"2017-03-02T22:07:39.857Z"}
{"level":"warn","message":"HB: No response the last 5 sec, client timeout!","timestamp":"2017-03-02T22:07:44.864Z"}
{"level":"warn","message":"HB: No response the last 5 sec, client timeout!","timestamp":"2017-03-02T22:07:49.872Z"}
{"level":"warn","message":"HB: No response the last 5 sec, client timeout!","timestamp":"2017-03-02T22:07:54.881Z"}
{"level":"warn","message":"HB: No response the last 5 sec, client timeout!","timestamp":"2017-03-02T22:07:59.888Z"}
{"level":"warn","message":"HB: No response the last 5 sec, client timeout!","timestamp":"2017-03-02T22:08:04.895Z"}
{"level":"warn","message":"HB: No response the last 5 sec, client timeout!","timestamp":"2017-03-02T22:08:09.903Z"}
{"level":"warn","message":"HB: No response the last 5 sec, client timeout!","timestamp":"2017-03-02T22:08:14.910Z"}
{"level":"warn","message":"HB: No response the last 5 sec, client timeout!","timestamp":"2017-03-02T22:08:19.917Z"}
{"level":"warn","message":"HB: No response the last 5 sec, client timeout!","timestamp":"2017-03-02T22:08:24.924Z"}
{"level":"warn","message":"HB: No response the last 5 sec, client timeout!","timestamp":"2017-03-02T22:08:29.933Z"}
{"level":"warn","message":"HB: No response the last 5 sec, client timeout!","timestamp":"2017-03-02T22:08:34.940Z"}
{"level":"warn","message":"HB: No response the last 5 sec, client timeout!","timestamp":"2017-03-02T22:08:39.947Z"}
{"level":"warn","message":"HB: No response the last 5 sec, client timeout!","timestamp":"2017-03-02T22:08:44.955Z"}
{"level":"warn","message":"HB: No response the last 5 sec, client timeout!","timestamp":"2017-03-02T22:08:49.962Z"}
{"level":"warn","message":"HB: No response the last 5 sec, client timeout!","timestamp":"2017-03-02T22:08:54.969Z"}
{"level":"warn","message":"HB: No response the last 5 sec, client timeout!","timestamp":"2017-03-02T22:08:59.981Z"}
{"level":"warn","message":"HB: No response the last 5 sec, client timeout!","timestamp":"2017-03-02T22:09:04.989Z"}
{"level":"warn","message":"HB: No response the last 5 sec, client timeout!","timestamp":"2017-03-02T22:09:09.994Z"}
{"level":"warn","message":"HB: No response the last 5 sec, client timeout!","timestamp":"2017-03-02T22:09:15.003Z"}
{"level":"warn","message":"HB: No response the last 5 sec, client timeout!","timestamp":"2017-03-02T22:09:20.011Z"}
{"level":"warn","message":"HB: No response the last 5 sec, client timeout!","timestamp":"2017-03-02T22:09:25.019Z"}
{"level":"warn","message":"HB: No response the last 5 sec, client timeout!","timestamp":"2017-03-02T22:09:30.027Z"}
{"level":"warn","message":"HB: No response the last 5 sec, client timeout!","timestamp":"2017-03-02T22:09:35.035Z"}
{"level":"warn","message":"HB: No response the last 5 sec, client timeout!","timestamp":"2017-03-02T22:09:40.042Z"}
{"level":"warn","message":"HB: No response the last 5 sec, client timeout!","timestamp":"2017-03-02T22:09:45.050Z"}
{"level":"warn","message":"HB: No response the last 5 sec, client timeout!","timestamp":"2017-03-02T22:09:50.057Z"}
{"level":"warn","message":"HB: No response the last 5 sec, client timeout!","timestamp":"2017-03-02T22:09:55.063Z"}
{"level":"warn","message":"HB: No response the last 5 sec, client timeout!","timestamp":"2017-03-02T22:10:00.070Z"}
{"level":"warn","message":"HB: No response the last 5 sec, client timeout!","timestamp":"2017-03-02T22:10:05.078Z"}
{"level":"warn","message":"HB: No response the last 5 sec, client timeout!","timestamp":"2017-03-02T22:10:10.087Z"}
{"level":"warn","message":"HB: No response the last 5 sec, client timeout!","timestamp":"2017-03-02T22:10:15.095Z"}
{"level":"warn","message":"HB: No response the last 5 sec, client timeout!","timestamp":"2017-03-02T22:10:20.102Z"}
{"level":"warn","message":"HB: No response the last 5 sec, client timeout!","timestamp":"2017-03-02T22:10:25.111Z"}
{"level":"info","message":"Websocket: Remote connection from: ::ffff:10.0.1.73:53958","timestamp":"2017-03-02T22:10:29.325Z"}
{"level":"info","message":"Websocket: Starting heartbeat","timestamp":"2017-03-02T22:10:29.326Z"}
{"level":"warn","message":"HB: No response the last 5 sec, client timeout!","timestamp":"2017-03-02T22:10:30.116Z"}
{"level":"info","message":"Websocket: Remote connection from: ::ffff:10.0.1.73:53970","timestamp":"2017-03-02T22:11:09.352Z"}
{"level":"info","message":"Websocket: Starting heartbeat","timestamp":"2017-03-02T22:11:09.353Z"}
{"level":"warn","message":"HB: No response the last 5 sec, client timeout!","timestamp":"2017-03-02T22:11:14.168Z"}
{"level":"info","message":"Websocket: Remote connection from: ::ffff:10.0.1.73:53974","timestamp":"2017-03-02T22:11:16.976Z"}
{"level":"info","message":"Websocket: Starting heartbeat","timestamp":"2017-03-02T22:11:16.977Z"}
{"level":"info","message":"Websocket: Remote connection from: ::ffff:10.0.1.73:53980","timestamp":"2017-03-02T22:11:38.753Z"}
{"level":"info","message":"Websocket: Starting heartbeat","timestamp":"2017-03-02T22:11:38.754Z"}
{"level":"info","message":"Websocket: Remote connection from: ::ffff:10.0.1.73:53983","timestamp":"2017-03-02T22:11:54.571Z"}
{"level":"info","message":"Websocket: Starting heartbeat","timestamp":"2017-03-02T22:11:54.573Z"}
{"level":"warn","message":"HB: No response the last 5 sec, client timeout!","timestamp":"2017-03-02T22:11:59.362Z"}
{"level":"info","message":"Websocket: Remote connection from: ::ffff:10.0.1.73:53998","timestamp":"2017-03-02T22:12:58.991Z"}
{"level":"info","message":"Websocket: Starting heartbeat","timestamp":"2017-03-02T22:12:58.992Z"}
{"level":"warn","message":"HB: No response the last 5 sec, client timeout!","timestamp":"2017-03-02T22:13:03.802Z"}
{"level":"info","message":"Websocket: Remote connection from: ::ffff:10.0.1.73:54006","timestamp":"2017-03-02T22:13:37.003Z"}
{"level":"info","message":"Websocket: Starting heartbeat","timestamp":"2017-03-02T22:13:37.005Z"}
{"level":"warn","message":"HB: No response the last 5 sec, client timeout!","timestamp":"2017-03-02T22:13:41.825Z"}
{"level":"info","message":"Websocket: Remote connection from: ::ffff:10.0.1.73:54060","timestamp":"2017-03-02T22:18:11.867Z"}
{"level":"info","message":"Websocket: Starting heartbeat","timestamp":"2017-03-02T22:18:11.868Z"}
{"level":"warn","message":"HB: No response the last 5 sec, client timeout!","timestamp":"2017-03-02T22:18:16.777Z"}
{"level":"info","message":"Websocket: Remote connection from: ::ffff:10.0.1.73:54067","timestamp":"2017-03-02T22:18:40.554Z"}
{"level":"info","message":"Websocket: Starting heartbeat","timestamp":"2017-03-02T22:18:40.556Z"}
{"level":"warn","message":"HB: No response the last 5 sec, client timeout!","timestamp":"2017-03-02T22:18:45.397Z"}
{"level":"info","message":"Websocket: Remote connection from: ::ffff:10.0.1.73:54077","timestamp":"2017-03-02T22:19:26.002Z"}
{"level":"info","message":"Websocket: Starting heartbeat","timestamp":"2017-03-02T22:19:26.003Z"}
{"level":"warn","message":"HB: No response the last 5 sec, client timeout!","timestamp":"2017-03-02T22:19:30.809Z"}
{"level":"info","message":"Websocket: Remote connection from: ::ffff:10.0.1.73:54091","timestamp":"2017-03-02T22:20:29.300Z"}
{"level":"info","message":"Websocket: Starting heartbeat","timestamp":"2017-03-02T22:20:29.302Z"}
{"level":"warn","message":"HB: No response the last 5 sec, client timeout!","timestamp":"2017-03-02T22:20:34.194Z"}
{"level":"info","message":"Websocket: Remote connection from: ::ffff:10.0.1.73:54097","timestamp":"2017-03-02T22:20:47.034Z"}
{"level":"info","message":"Websocket: Starting heartbeat","timestamp":"2017-03-02T22:20:47.036Z"}
{"level":"warn","message":"HB: No response the last 5 sec, client timeout!","timestamp":"2017-03-02T22:20:52.022Z"}
{"level":"info","message":"Websocket: Remote connection from: ::ffff:10.0.1.73:54106","timestamp":"2017-03-02T22:21:24.519Z"}
{"level":"info","message":"Websocket: Starting heartbeat","timestamp":"2017-03-02T22:21:24.521Z"}
{"level":"warn","message":"HB: No response the last 5 sec, client timeout!","timestamp":"2017-03-02T22:21:29.487Z"}
{"level":"info","message":"Websocket: Remote connection from: ::ffff:10.0.1.73:54210","timestamp":"2017-03-02T22:24:50.550Z"}
{"level":"info","message":"Websocket: Starting heartbeat","timestamp":"2017-03-02T22:24:50.552Z"}
{"level":"warn","message":"HB: No response the last 5 sec, client timeout!","timestamp":"2017-03-02T22:24:50.641Z"}
{"level":"info","message":"Initializing NodeROV","timestamp":"2017-03-02T22:26:57.948Z"}
{"level":"info","message":"PWM Initialized & Ready","timestamp":"2017-03-02T22:26:57.981Z"}
{"level":"info","message":"Starting webserver","timestamp":"2017-03-02T22:26:57.983Z"}
{"level":"info","message":"Websocket: Listning on 3001","timestamp":"2017-03-02T22:26:58.040Z"}
{"level":"info","message":"Webserver started on port 3000","timestamp":"2017-03-02T22:26:58.048Z"}
{"level":"info","message":"Websocket: Remote connection from: ::ffff:10.0.1.73:54284","timestamp":"2017-03-02T22:27:01.024Z"}
{"level":"info","message":"Websocket: Starting heartbeat","timestamp":"2017-03-02T22:27:01.028Z"}
{"level":"info","message":"Initializing NodeROV","timestamp":"2017-03-02T22:27:28.054Z"}
{"level":"info","message":"PWM Initialized & Ready","timestamp":"2017-03-02T22:27:28.088Z"}
{"level":"info","message":"Starting webserver","timestamp":"2017-03-02T22:27:28.089Z"}
{"level":"info","message":"Websocket: Listning on 3001","timestamp":"2017-03-02T22:27:28.146Z"}
{"level":"info","message":"Webserver started on port 3000","timestamp":"2017-03-02T22:27:28.154Z"}
{"level":"info","message":"Websocket: Remote connection from: ::ffff:10.0.1.73:54304","timestamp":"2017-03-02T22:27:28.639Z"}
{"level":"info","message":"Initializing NodeROV","timestamp":"2017-03-02T22:27:41.457Z"}
{"level":"info","message":"PWM Initialized & Ready","timestamp":"2017-03-02T22:27:41.491Z"}
{"level":"info","message":"Starting webserver","timestamp":"2017-03-02T22:27:41.493Z"}
{"level":"info","message":"Websocket: Listning on 3001","timestamp":"2017-03-02T22:27:41.549Z"}
{"level":"info","message":"Webserver started on port 3000","timestamp":"2017-03-02T22:27:41.557Z"}
{"level":"info","message":"Websocket: Remote connection from: ::ffff:10.0.1.73:54329","timestamp":"2017-03-02T22:27:42.303Z"}
{"level":"info","message":"Websocket: Starting heartbeat","timestamp":"2017-03-02T22:27:42.308Z"}
{"level":"info","message":"Initializing NodeROV","timestamp":"2017-03-02T22:28:15.455Z"}
{"level":"info","message":"PWM Initialized & Ready","timestamp":"2017-03-02T22:28:15.490Z"}
{"level":"info","message":"Starting webserver","timestamp":"2017-03-02T22:28:15.492Z"}
{"level":"info","message":"Websocket: Listning on 3001","timestamp":"2017-03-02T22:28:15.550Z"}
{"level":"info","message":"Webserver started on port 3000","timestamp":"2017-03-02T22:28:15.557Z"}
{"level":"info","message":"Websocket: Remote connection from: ::ffff:10.0.1.73:54342","timestamp":"2017-03-02T22:28:16.420Z"}
{"level":"info","message":"Websocket: Starting heartbeat","timestamp":"2017-03-02T22:28:16.424Z"}
{"level":"info","message":"Initializing NodeROV","timestamp":"2017-03-02T22:28:40.480Z"}
{"level":"info","message":"PWM Initialized & Ready","timestamp":"2017-03-02T22:28:40.521Z"}
{"level":"info","message":"Starting webserver","timestamp":"2017-03-02T22:28:40.523Z"}
{"level":"info","message":"Websocket: Listning on 3001","timestamp":"2017-03-02T22:28:40.589Z"}
{"level":"info","message":"Webserver started on port 3000","timestamp":"2017-03-02T22:28:40.597Z"}
{"level":"info","message":"Websocket: Remote connection from: ::ffff:10.0.1.73:54354","timestamp":"2017-03-02T22:28:42.339Z"}
{"level":"info","message":"Websocket: Starting heartbeat","timestamp":"2017-03-02T22:28:42.344Z"}
{"level":"info","message":"Initializing NodeROV","timestamp":"2017-03-02T22:29:35.435Z"}
{"level":"info","message":"PWM Initialized & Ready","timestamp":"2017-03-02T22:29:35.470Z"}
{"level":"info","message":"Starting webserver","timestamp":"2017-03-02T22:29:35.472Z"}
{"level":"info","message":"Websocket: Listning on 3001","timestamp":"2017-03-02T22:29:35.530Z"}
{"level":"info","message":"Webserver started on port 3000","timestamp":"2017-03-02T22:29:35.537Z"}
{"level":"info","message":"Websocket: Remote connection from: ::ffff:10.0.1.73:54381","timestamp":"2017-03-02T22:29:36.228Z"}
{"level":"info","message":"Websocket: Starting heartbeat","timestamp":"2017-03-02T22:29:36.233Z"}
{"level":"info","message":"Websocket: Remote connection from: ::ffff:10.0.1.73:54398","timestamp":"2017-03-02T22:31:06.867Z"}
{"level":"info","message":"Websocket: Starting heartbeat","timestamp":"2017-03-02T22:31:06.870Z"}
{"level":"info","message":"Websocket: Remote connection from: ::ffff:10.0.1.73:54413","timestamp":"2017-03-02T22:32:04.302Z"}
{"level":"info","message":"Websocket: Starting heartbeat","timestamp":"2017-03-02T22:32:04.304Z"}
